Network Configuration:
batch_size: 32
hidden_layer_structure: [200]
learning_rate: 0.01
keep_prob: 0.5
rnn_cell: <class 'tensorflow.python.ops.rnn_cell_impl.LSTMCell'>
lambda_w1: 0.0
lambda_w2: 0.0
lambda_o: 0.0
Num of problems: 124
Num of run: 1
Max num of run: 30
Keep Prob: 0.5
Epoch    1, Train AUC: 0.73194, Train Loss: 0.56761
Epoch    1, Test AUC: 0.78529, Test AUC Curr: 0.93433, Test Loss: 0.52662*
w_l1: 0.026868162233140112, w_l2: 0.04286849562134584
m1: 0.5781037677578752, m2: 0.05156000371311387. Saving the model
time used for this epoch: 156.780433177948s
***********
Epoch    2, Train AUC: 0.80066, Train Loss: 0.50292
Epoch    2, Test AUC: 0.80638, Test AUC Curr: 0.95661, Test Loss: 0.4954*
w_l1: 0.04529069076160015, w_l2: 0.0737815148755095
m1: 0.47061457689932057, m2: 0.05083043690888214. Saving the model
time used for this epoch: 168.76372003555298s
***********
Epoch    3, Train AUC: 0.80989, Train Loss: 0.49067
Epoch    3, Test AUC: 0.8084, Test AUC Curr: 0.93643, Test Loss: 0.49472*
w_l1: 0.055731218143157235, w_l2: 0.09051741193678794
m1: 0.45370599135268685, m2: 0.03948775944590495. Saving the model
time used for this epoch: 174.38008880615234s
***********
Epoch    4, Train AUC: 0.81869, Train Loss: 0.48029
Epoch    4, Test AUC: 0.81594, Test AUC Curr: 0.93598, Test Loss: 0.48171*
w_l1: 0.059193575526279046, w_l2: 0.09647482059806646
m1: 0.40620753551575045, m2: 0.02837634431572149. Saving the model
time used for this epoch: 179.77932453155518s
***********
Epoch    5, Train AUC: 0.82539, Train Loss: 0.4699
Epoch    5, Test AUC: 0.81738, Test AUC Curr: 0.92237, Test Loss: 0.47908*
w_l1: 0.066705848771138, w_l2: 0.10682568500478601
m1: 0.399289684990735, m2: 0.027807366735704008. Saving the model
time used for this epoch: 175.25059032440186s
***********
Epoch    6, Train AUC: 0.82957, Train Loss: 0.46484
Epoch    6, Test AUC: 0.81918, Test AUC Curr: 0.9207, Test Loss: 0.47561*
w_l1: 0.07244937381769993, w_l2: 0.11577816788130398
m1: 0.35531192093885117, m2: 0.022128915600823796. Saving the model
time used for this epoch: 177.5394995212555s
***********
Epoch    7, Train AUC: 0.83333, Train Loss: 0.46126
Epoch    7, Test AUC: 0.81887, Test AUC Curr: 0.91272, Test Loss: 0.47591
time used for this epoch: 160.83395051956177s
***********
Epoch    8, Train AUC: 0.83599, Train Loss: 0.45779
Epoch    8, Test AUC: 0.82128, Test AUC Curr: 0.91947, Test Loss: 0.47157*
w_l1: 0.07915791949553032, w_l2: 0.12435067155089288
m1: 0.3191785052501544, m2: 0.01717455263736809. Saving the model
time used for this epoch: 181.0907871723175s
***********
Epoch    9, Train AUC: 0.83947, Train Loss: 0.45392
Epoch    9, Test AUC: 0.8211, Test AUC Curr: 0.89721, Test Loss: 0.47382
time used for this epoch: 159.477548122406s
***********
Epoch   10, Train AUC: 0.84402, Train Loss: 0.44474
Epoch   10, Test AUC: 0.82263, Test AUC Curr: 0.89771, Test Loss: 0.47242*
w_l1: 0.08748350535704368, w_l2: 0.13540917477636227
m1: 0.27486102532427426, m2: 0.012703198622946683. Saving the model
time used for this epoch: 178.7679672241211s
***********
Epoch   11, Train AUC: 0.84807, Train Loss: 0.44123
Epoch   11, Test AUC: 0.82086, Test AUC Curr: 0.90321, Test Loss: 0.47515
time used for this epoch: 159.77173376083374s
***********
Epoch   12, Train AUC: 0.84919, Train Loss: 0.43808
Epoch   12, Test AUC: 0.82072, Test AUC Curr: 0.89564, Test Loss: 0.47384
time used for this epoch: 156.97526741027832s
***********
Epoch   13, Train AUC: 0.85391, Train Loss: 0.43204
Epoch   13, Test AUC: 0.82047, Test AUC Curr: 0.88164, Test Loss: 0.47688
time used for this epoch: 155.95699095726013s
***********
Epoch   14, Train AUC: 0.85667, Train Loss: 0.43367
Epoch   14, Test AUC: 0.81792, Test AUC Curr: 0.87355, Test Loss: 0.48087
time used for this epoch: 159.237220287323s
***********
Epoch   15, Train AUC: 0.85886, Train Loss: 0.42798
Epoch   15, Test AUC: 0.81857, Test AUC Curr: 0.87842, Test Loss: 0.47894
time used for this epoch: 157.11388301849365s
***********
Epoch   16, Train AUC: 0.8619, Train Loss: 0.42033
Epoch   16, Test AUC: 0.81884, Test AUC Curr: 0.87209, Test Loss: 0.48433
time used for this epoch: 162.25714755058289s
***********
Epoch   17, Train AUC: 0.86341, Train Loss: 0.41921
Epoch   17, Test AUC: 0.81766, Test AUC Curr: 0.86761, Test Loss: 0.48643
time used for this epoch: 158.89317059516907s
***********
Epoch   18, Train AUC: 0.86529, Train Loss: 0.42081
Epoch   18, Test AUC: 0.81707, Test AUC Curr: 0.86178, Test Loss: 0.48591
time used for this epoch: 155.9559919834137s
***********
Epoch   19, Train AUC: 0.86535, Train Loss: 0.41644
Epoch   19, Test AUC: 0.81535, Test AUC Curr: 0.86495, Test Loss: 0.49013
time used for this epoch: 158.2668161392212s
***********
Epoch   20, Train AUC: 0.87003, Train Loss: 0.41032
Epoch   20, Test AUC: 0.81459, Test AUC Curr: 0.85785, Test Loss: 0.49097
time used for this epoch: 162.42971205711365s
***********
No improvement shown in 10 epochs. Quit Training.
The best testing result occured at: 9-th epoch, with testing AUC: 0.82263
*********************************
average AUC for 1 runs: 0.82262912091671
average AUC Current for 1 runs: 0.8977113963718862
average waviness-l1 for 1 runs: 0.08748350535704368
average waviness-l2 for 1 runs: 0.13540917477636227
average consistency_m1 for 1 runs: 0.27486102532427426
average consistency_m1 for 1 runs: 0.012703198622946683
latex: 
cell_type & num. layer & layer_structure & learning rate & keep prob. & $\lambda_o$ & $\lambda_{w_1}$ & $\lambda_{w_2}$ & Avg. AUC(N) & Avg. AUC(C) & Avg. $w_1$ & Avg. $w_2$ & Avg. $m_1$ & Avg. $m_2$\\ 
LSTM & 1 & 200 & 0.0100 & 0.5000 & 0.0000 & 0.0000 & 0.0000 & 0.82262912091671 $\pm$ 0.0 & 0.8977113963718862 $\pm$ 0.0 & 0.08748350535704368 $\pm$ 0.0 & 0.13540917477636227 $\pm$ 0.0 & 0.27486102532427426 $\pm$ 0.0 & 0.012703198622946683 $\pm$ 0.0\\ 

