Network Configuration:
batch_size: 32
hidden_layer_structure: [200]
learning_rate: 0.01
keep_prob: 0.5
rnn_cell: <class 'tensorflow.python.ops.rnn_cell_impl.LSTMCell'>
max_grad_norm: 5.0
lambda_w1: 0.0
lambda_w2: 0.0
lambda_o: 0.0
embedding: True
Num of problems: 124
Num of run: 1
Max num of run: 30
Keep Prob: 0.5
Epoch    1, Train AUC: 0.53397, Train Loss: 0.68436
Epoch    1, Test AUC: 0.59566, Test AUC Curr: 0.63163, Test Loss: 0.66621*
w_l1: 0.004868752327904798, w_l2: 0.009905870490914606
m1: 0.4414026453398954, m2: 0.009163289281339948. Saving the model
time used for this epoch: 1.750473976135254s
***********
Epoch    2, Train AUC: 0.63647, Train Loss: 0.6596
Epoch    2, Test AUC: 0.57672, Test AUC Curr: 0.62849, Test Loss: 0.68735
time used for this epoch: 0.6661360263824463s
***********
Epoch    3, Train AUC: 0.7514, Train Loss: 0.56031
Epoch    3, Test AUC: 0.58477, Test AUC Curr: 0.65278, Test Loss: 0.70234
time used for this epoch: 0.6924612522125244s
***********
Epoch    4, Train AUC: 0.77724, Train Loss: 0.55272
Epoch    4, Test AUC: 0.59219, Test AUC Curr: 0.6795, Test Loss: 0.70138
time used for this epoch: 0.6658041477203369s
***********
Epoch    5, Train AUC: 0.81886, Train Loss: 0.48831
Epoch    5, Test AUC: 0.57989, Test AUC Curr: 0.66464, Test Loss: 0.73251
time used for this epoch: 0.6616289615631104s
***********
Epoch    6, Train AUC: 0.83749, Train Loss: 0.49077
Epoch    6, Test AUC: 0.6036, Test AUC Curr: 0.70458, Test Loss: 0.73537*
w_l1: 0.023748571802396187, w_l2: 0.03585174519261255
m1: 0.5059981544140264, m2: 0.03706407480993772. Saving the model
time used for this epoch: 1.254589557647705s
***********
Epoch    7, Train AUC: 0.83964, Train Loss: 0.48071
Epoch    7, Test AUC: 0.61625, Test AUC Curr: 0.72478, Test Loss: 0.72885*
w_l1: 0.0272378770730241, w_l2: 0.040800377613969124
m1: 0.48692709935404493, m2: 0.039042567224071345. Saving the model
time used for this epoch: 1.1018965244293213s
***********
Epoch    8, Train AUC: 0.86238, Train Loss: 0.44999
Epoch    8, Test AUC: 0.62464, Test AUC Curr: 0.73416, Test Loss: 0.72628*
w_l1: 0.03099982301382063, w_l2: 0.046402914349033215
m1: 0.4776991694863119, m2: 0.040825117059723484. Saving the model
time used for this epoch: 1.1544785499572754s
***********
Epoch    9, Train AUC: 0.87629, Train Loss: 0.41901
Epoch    9, Test AUC: 0.62787, Test AUC Curr: 0.7355, Test Loss: 0.73667*
w_l1: 0.034807086317109354, w_l2: 0.05197844304124888
m1: 0.4641648723469702, m2: 0.04181019760615567. Saving the model
time used for this epoch: 1.2346408367156982s
***********
Epoch   10, Train AUC: 0.87968, Train Loss: 0.40486
Epoch   10, Test AUC: 0.62272, Test AUC Curr: 0.72623, Test Loss: 0.75799
time used for this epoch: 0.6718425750732422s
***********
Epoch   11, Train AUC: 0.8936, Train Loss: 0.38254
Epoch   11, Test AUC: 0.62169, Test AUC Curr: 0.72707, Test Loss: 0.76065
time used for this epoch: 0.6452014446258545s
***********
Epoch   12, Train AUC: 0.90231, Train Loss: 0.37364
Epoch   12, Test AUC: 0.61926, Test AUC Curr: 0.72328, Test Loss: 0.77484
time used for this epoch: 0.6373846530914307s
***********
Epoch   13, Train AUC: 0.91256, Train Loss: 0.36096
Epoch   13, Test AUC: 0.62466, Test AUC Curr: 0.72753, Test Loss: 0.77813
time used for this epoch: 0.6446740627288818s
***********
Epoch   14, Train AUC: 0.91917, Train Loss: 0.33721
Epoch   14, Test AUC: 0.63495, Test AUC Curr: 0.73317, Test Loss: 0.78715*
w_l1: 0.05445174498194146, w_l2: 0.08124362670660583
m1: 0.3958781913257459, m2: 0.04377473585974506. Saving the model
time used for this epoch: 1.2046458721160889s
***********
Epoch   15, Train AUC: 0.9225, Train Loss: 0.34301
Epoch   15, Test AUC: 0.62771, Test AUC Curr: 0.72206, Test Loss: 0.80072
time used for this epoch: 0.6484293937683105s
***********
Epoch   16, Train AUC: 0.92885, Train Loss: 0.30516
Epoch   16, Test AUC: 0.62201, Test AUC Curr: 0.71497, Test Loss: 0.8246
time used for this epoch: 0.630061149597168s
***********
Epoch   17, Train AUC: 0.92846, Train Loss: 0.31649
Epoch   17, Test AUC: 0.62421, Test AUC Curr: 0.7137, Test Loss: 0.84705
time used for this epoch: 0.683220386505127s
***********
Epoch   18, Train AUC: 0.93247, Train Loss: 0.31064
Epoch   18, Test AUC: 0.62524, Test AUC Curr: 0.71068, Test Loss: 0.85441
time used for this epoch: 0.676647424697876s
***********
Epoch   19, Train AUC: 0.9443, Train Loss: 0.29347
Epoch   19, Test AUC: 0.62572, Test AUC Curr: 0.70545, Test Loss: 0.85852
time used for this epoch: 0.6713669300079346s
***********
Epoch   20, Train AUC: 0.94416, Train Loss: 0.2934
Epoch   20, Test AUC: 0.61356, Test AUC Curr: 0.68633, Test Loss: 0.88265
time used for this epoch: 0.6494433879852295s
***********
Epoch   21, Train AUC: 0.9479, Train Loss: 0.27952
Epoch   21, Test AUC: 0.61597, Test AUC Curr: 0.68004, Test Loss: 0.89066
time used for this epoch: 0.6850225925445557s
***********
Epoch   22, Train AUC: 0.95082, Train Loss: 0.28493
Epoch   22, Test AUC: 0.63097, Test AUC Curr: 0.69776, Test Loss: 0.86661
time used for this epoch: 0.685234785079956s
***********
Epoch   23, Train AUC: 0.94962, Train Loss: 0.26691
Epoch   23, Test AUC: 0.62764, Test AUC Curr: 0.69112, Test Loss: 0.88221
time used for this epoch: 0.6656620502471924s
***********
Epoch   24, Train AUC: 0.95293, Train Loss: 0.25771
Epoch   24, Test AUC: 0.62483, Test AUC Curr: 0.6892, Test Loss: 0.91164
time used for this epoch: 0.6791915893554688s
***********
No improvement shown in 10 epochs. Quit Training.
The best testing result occured at: 13-th epoch, with testing AUC: 0.63495
*********************************
average AUC for 1 runs: 0.6349540394139412
average AUC Current for 1 runs: 0.733167390868747
average waviness-l1 for 1 runs: 0.05445174498194146
average waviness-l2 for 1 runs: 0.08124362670660583
average consistency_m1 for 1 runs: 0.3958781913257459
average consistency_m1 for 1 runs: 0.04377473585974506
latex: 
cell_type & num. layer & layer_structure & learning rate & keep prob. & $\lambda_o$ & $\lambda_{w_1}$ & $\lambda_{w_2}$ & Avg. AUC(N) & Avg. AUC(C) & Avg. $w_1$ & Avg. $w_2$ & Avg. $m_1$ & Avg. $m_2$\\ 
LSTM & 1 & 200 & 0.0100 & 0.5000 & 0.0000 & 0.0000 & 0.0000 & 0.6349540394139412 $\pm$ 0.0 & 0.733167390868747 $\pm$ 0.0 & 0.05445174498194146 $\pm$ 0.0 & 0.08124362670660583 $\pm$ 0.0 & 0.3958781913257459 $\pm$ 0.0 & 0.04377473585974506 $\pm$ 0.0\\ 

