Network Configuration:
batch_size: 32
hidden_layer_structure: [200]
learning_rate: 0.01
keep_prob: 0.5
rnn_cell: <class 'tensorflow.python.ops.rnn_cell_impl.LSTMCell'>
max_grad_norm: 5.0
lambda_w1: 0.0
lambda_w2: 0.0
lambda_o: 0.0
embedding: True
Num of problems: 124
Num of run: 1
Max num of run: 30
Keep Prob: 0.5
Epoch    1, Train AUC: 0.5648, Train Loss: 0.67813
Epoch    1, Test AUC: 0.59536, Test AUC Curr: 0.63262, Test Loss: 0.67122*
w_l1: 0.005507415027450232, w_l2: 0.010305924682739241
m1: 0.3755767456167333, m2: 0.009036465613008169. Saving the model
time used for this epoch: 3.1828482151031494s
***********
Epoch    2, Train AUC: 0.6524, Train Loss: 0.64265
Epoch    2, Test AUC: 0.57635, Test AUC Curr: 0.62486, Test Loss: 0.6904
time used for this epoch: 1.551682472229004s
***********
Epoch    3, Train AUC: 0.7481, Train Loss: 0.5607
Epoch    3, Test AUC: 0.57645, Test AUC Curr: 0.63392, Test Loss: 0.71511
time used for this epoch: 1.2666277885437012s
***********
Epoch    4, Train AUC: 0.78208, Train Loss: 0.55014
Epoch    4, Test AUC: 0.5872, Test AUC Curr: 0.66427, Test Loss: 0.70736
time used for this epoch: 1.482039451599121s
***********
Epoch    5, Train AUC: 0.81938, Train Loss: 0.48856
Epoch    5, Test AUC: 0.59811, Test AUC Curr: 0.6878, Test Loss: 0.71218*
w_l1: 0.022358522910990587, w_l2: 0.03384116399564518
m1: 0.48938788065210703, m2: 0.03350527544675772. Saving the model
time used for this epoch: 2.475733757019043s
***********
Epoch    6, Train AUC: 0.83878, Train Loss: 0.49164
Epoch    6, Test AUC: 0.60957, Test AUC Curr: 0.70742, Test Loss: 0.72605*
w_l1: 0.025889064954674763, w_l2: 0.03913606007852803
m1: 0.4776991694863119, m2: 0.03513419786734568. Saving the model
time used for this epoch: 3.132791757583618s
***********
Epoch    7, Train AUC: 0.85282, Train Loss: 0.4746
Epoch    7, Test AUC: 0.61367, Test AUC Curr: 0.70837, Test Loss: 0.72391*
w_l1: 0.0287120308184486, w_l2: 0.04367283129907842
m1: 0.44201784066441097, m2: 0.03588136817924208. Saving the model
time used for this epoch: 2.8107106685638428s
***********
Epoch    8, Train AUC: 0.86169, Train Loss: 0.45885
Epoch    8, Test AUC: 0.61328, Test AUC Curr: 0.71083, Test Loss: 0.72564
time used for this epoch: 1.5995688438415527s
***********
Epoch    9, Train AUC: 0.87155, Train Loss: 0.42485
Epoch    9, Test AUC: 0.61556, Test AUC Curr: 0.71376, Test Loss: 0.73822*
w_l1: 0.03661410690405043, w_l2: 0.05457253893499014
m1: 0.41679483235927406, m2: 0.03839243192630194. Saving the model
time used for this epoch: 3.1235973834991455s
***********
Epoch   10, Train AUC: 0.88644, Train Loss: 0.40011
Epoch   10, Test AUC: 0.61848, Test AUC Curr: 0.71194, Test Loss: 0.75251*
w_l1: 0.04103654958296417, w_l2: 0.061246867921408474
m1: 0.397108581974777, m2: 0.03890926998895852. Saving the model
time used for this epoch: 3.2227623462677s
***********
Epoch   11, Train AUC: 0.88877, Train Loss: 0.39629
Epoch   11, Test AUC: 0.63203, Test AUC Curr: 0.72758, Test Loss: 0.73901*
w_l1: 0.04621523714746955, w_l2: 0.06875352319317811
m1: 0.3841894801599508, m2: 0.040197877288414716. Saving the model
time used for this epoch: 2.976815700531006s
***********
Epoch   12, Train AUC: 0.90065, Train Loss: 0.38259
Epoch   12, Test AUC: 0.63456, Test AUC Curr: 0.73071, Test Loss: 0.7585*
w_l1: 0.0504037283517264, w_l2: 0.07484150856590871
m1: 0.36142725315287605, m2: 0.040261138644228714. Saving the model
time used for this epoch: 3.1768975257873535s
***********
Epoch   13, Train AUC: 0.9054, Train Loss: 0.3734
Epoch   13, Test AUC: 0.6287, Test AUC Curr: 0.71859, Test Loss: 0.7681
time used for this epoch: 1.7132363319396973s
***********
Epoch   14, Train AUC: 0.91199, Train Loss: 0.35182
Epoch   14, Test AUC: 0.60651, Test AUC Curr: 0.68795, Test Loss: 0.80764
time used for this epoch: 1.771125078201294s
***********
Epoch   15, Train AUC: 0.91788, Train Loss: 0.35656
Epoch   15, Test AUC: 0.6104, Test AUC Curr: 0.68498, Test Loss: 0.825
time used for this epoch: 1.554119348526001s
***********
Epoch   16, Train AUC: 0.9191, Train Loss: 0.33252
Epoch   16, Test AUC: 0.63455, Test AUC Curr: 0.70858, Test Loss: 0.79725
time used for this epoch: 1.6708307266235352s
***********
Epoch   17, Train AUC: 0.92877, Train Loss: 0.3215
Epoch   17, Test AUC: 0.62931, Test AUC Curr: 0.70267, Test Loss: 0.8246
time used for this epoch: 1.771167516708374s
***********
Epoch   18, Train AUC: 0.9318, Train Loss: 0.31242
Epoch   18, Test AUC: 0.61693, Test AUC Curr: 0.68442, Test Loss: 0.86187
time used for this epoch: 1.3545176982879639s
***********
Epoch   19, Train AUC: 0.93805, Train Loss: 0.31152
Epoch   19, Test AUC: 0.61028, Test AUC Curr: 0.6737, Test Loss: 0.87205
time used for this epoch: 1.6338162422180176s
***********
Epoch   20, Train AUC: 0.94369, Train Loss: 0.28868
Epoch   20, Test AUC: 0.61343, Test AUC Curr: 0.67067, Test Loss: 0.86524
time used for this epoch: 1.6094326972961426s
***********
Epoch   21, Train AUC: 0.94493, Train Loss: 0.28677
Epoch   21, Test AUC: 0.62087, Test AUC Curr: 0.67308, Test Loss: 0.88345
time used for this epoch: 1.4470782279968262s
***********
Epoch   22, Train AUC: 0.94645, Train Loss: 0.28797
Epoch   22, Test AUC: 0.61646, Test AUC Curr: 0.66623, Test Loss: 0.91382
time used for this epoch: 1.599637508392334s
***********
No improvement shown in 10 epochs. Quit Training.
The best testing result occured at: 11-th epoch, with testing AUC: 0.63456
*********************************
average AUC for 1 runs: 0.634558976212004
average AUC Current for 1 runs: 0.730706993133718
average waviness-l1 for 1 runs: 0.0504037283517264
average waviness-l2 for 1 runs: 0.07484150856590871
average consistency_m1 for 1 runs: 0.36142725315287605
average consistency_m1 for 1 runs: 0.040261138644228714
latex: 
cell_type & num. layer & layer_structure & learning rate & keep prob. & $\lambda_o$ & $\lambda_{w_1}$ & $\lambda_{w_2}$ & Avg. AUC(N) & Avg. AUC(C) & Avg. $w_1$ & Avg. $w_2$ & Avg. $m_1$ & Avg. $m_2$\\ 
LSTM & 1 & 200 & 0.0100 & 0.5000 & 0.0000 & 0.0000 & 0.0000 & 0.634558976212004 $\pm$ 0.0 & 0.730706993133718 $\pm$ 0.0 & 0.0504037283517264 $\pm$ 0.0 & 0.07484150856590871 $\pm$ 0.0 & 0.36142725315287605 $\pm$ 0.0 & 0.040261138644228714 $\pm$ 0.0\\ 

