Network Configuration:
batch_size: 128
hidden_layer_structure: [200]
learning_rate: 0.01
keep_prob: 0.5
rnn_cell: <class 'tensorflow.python.ops.rnn_cell_impl.LSTMCell'>
max_grad_norm: 5.0
lambda_w1: 0.0
lambda_w2: 0.0
lambda_o: 0.0
emb_layer: False
skill_separate_emb: False
expand_correct_dim: False
embedding_dims: 200
Num of problems: 105
Num of run: 5
Max num of run: 30
Keep Prob: 0.5
Epoch    1, Train ACC: 0.63389, Train AUC: 0.59154, Train Loss: 0.64393
Epoch    1, Valid ACC: 0.6572, Valid AUC: 0.64318, Valid AUC Curr: 0.76127, Valid Loss: 0.63172*
Epoch    1, Test ACC: 0.66778, Test AUC: 0.67359, Test AUC Curr: 0.7699, Test Loss: 0.61478
w_l1: 0.013547986526925659, w_l2: 0.02241723833768937
m1: 0.6108612360486424, m2: 0.03091728096700958. Saving the model
time used for this epoch: 7.266088247299194s
***********
Epoch    2, Train ACC: 0.69452, Train AUC: 0.68807, Train Loss: 0.58757
Epoch    2, Valid ACC: 0.69722, Valid AUC: 0.69268, Valid AUC Curr: 0.84796, Valid Loss: 0.60591*
Epoch    2, Test ACC: 0.69886, Test AUC: 0.72163, Test AUC Curr: 0.85567, Test Loss: 0.58783
w_l1: 0.017684858185797906, w_l2: 0.0299540644197251
m1: 0.7208062635348992, m2: 0.0431042224938286. Saving the model
time used for this epoch: 9.756356000900269s
***********
Epoch    3, Train ACC: 0.71737, Train AUC: 0.72446, Train Loss: 0.5638
Epoch    3, Valid ACC: 0.71588, Valid AUC: 0.72044, Valid AUC Curr: 0.88354, Valid Loss: 0.58847*
Epoch    3, Test ACC: 0.71703, Test AUC: 0.74519, Test AUC Curr: 0.89049, Test Loss: 0.56975
w_l1: 0.021299075600399894, w_l2: 0.03580913182151963
m1: 0.7788439113776445, m2: 0.05096636747452054. Saving the model
time used for this epoch: 10.066651344299316s
***********
Epoch    4, Train ACC: 0.72752, Train AUC: 0.74116, Train Loss: 0.55083
Epoch    4, Valid ACC: 0.72201, Valid AUC: 0.73014, Valid AUC Curr: 0.89656, Valid Loss: 0.5779*
Epoch    4, Test ACC: 0.72477, Test AUC: 0.75573, Test AUC Curr: 0.90271, Test Loss: 0.55793
w_l1: 0.025246041797240527, w_l2: 0.04140473044373179
m1: 0.7621855738797269, m2: 0.05547697705148598. Saving the model
time used for this epoch: 10.39401626586914s
***********
Epoch    5, Train ACC: 0.732, Train AUC: 0.75011, Train Loss: 0.54287
Epoch    5, Valid ACC: 0.71954, Valid AUC: 0.72651, Valid AUC Curr: 0.8908, Valid Loss: 0.58266
time used for this epoch: 7.982065916061401s
***********
Epoch    6, Train ACC: 0.73243, Train AUC: 0.75165, Train Loss: 0.54221
Epoch    6, Valid ACC: 0.72297, Valid AUC: 0.73089, Valid AUC Curr: 0.8827, Valid Loss: 0.57542*
Epoch    6, Test ACC: 0.72513, Test AUC: 0.75231, Test AUC Curr: 0.888, Test Loss: 0.55734
w_l1: 0.031005999059238638, w_l2: 0.049890447420971366
m1: 0.699383641512577, m2: 0.05254388721351045. Saving the model
time used for this epoch: 9.729968070983887s
***********
Epoch    7, Train ACC: 0.73635, Train AUC: 0.75883, Train Loss: 0.53626
Epoch    7, Valid ACC: 0.71901, Valid AUC: 0.72817, Valid AUC Curr: 0.87844, Valid Loss: 0.57905
time used for this epoch: 7.0652124881744385s
***********
Epoch    8, Train ACC: 0.73886, Train AUC: 0.76354, Train Loss: 0.53203
Epoch    8, Valid ACC: 0.72031, Valid AUC: 0.73029, Valid AUC Curr: 0.86627, Valid Loss: 0.5757
time used for this epoch: 7.342364549636841s
***********
Epoch    9, Train ACC: 0.73953, Train AUC: 0.76812, Train Loss: 0.5277
Epoch    9, Valid ACC: 0.71951, Valid AUC: 0.72711, Valid AUC Curr: 0.8679, Valid Loss: 0.5795
time used for this epoch: 7.131633043289185s
***********
Epoch   10, Train ACC: 0.74115, Train AUC: 0.77059, Train Loss: 0.52569
Epoch   10, Valid ACC: 0.72137, Valid AUC: 0.72991, Valid AUC Curr: 0.86061, Valid Loss: 0.57844
time used for this epoch: 7.12882924079895s
***********
Epoch   11, Train ACC: 0.74439, Train AUC: 0.77644, Train Loss: 0.52091
Epoch   11, Valid ACC: 0.71757, Valid AUC: 0.72669, Valid AUC Curr: 0.85276, Valid Loss: 0.58085
time used for this epoch: 7.344571352005005s
***********
Epoch   12, Train ACC: 0.748, Train AUC: 0.78154, Train Loss: 0.51566
Epoch   12, Valid ACC: 0.71744, Valid AUC: 0.72449, Valid AUC Curr: 0.8375, Valid Loss: 0.58314
time used for this epoch: 7.057501554489136s
***********
Epoch   13, Train ACC: 0.74865, Train AUC: 0.78565, Train Loss: 0.51136
Epoch   13, Valid ACC: 0.71584, Valid AUC: 0.72082, Valid AUC Curr: 0.83079, Valid Loss: 0.58622
time used for this epoch: 7.111982583999634s
***********
Epoch   14, Train ACC: 0.75139, Train AUC: 0.78783, Train Loss: 0.51018
Epoch   14, Valid ACC: 0.71364, Valid AUC: 0.71896, Valid AUC Curr: 0.832, Valid Loss: 0.58915
time used for this epoch: 7.260470867156982s
***********
Epoch   15, Train ACC: 0.75314, Train AUC: 0.79295, Train Loss: 0.50431
Epoch   15, Valid ACC: 0.71388, Valid AUC: 0.71899, Valid AUC Curr: 0.81828, Valid Loss: 0.59004
time used for this epoch: 7.2954559326171875s
***********
Epoch   16, Train ACC: 0.75463, Train AUC: 0.7982, Train Loss: 0.49938
Epoch   16, Valid ACC: 0.71094, Valid AUC: 0.71368, Valid AUC Curr: 0.80745, Valid Loss: 0.59516
time used for this epoch: 7.373481035232544s
***********
No improvement shown in 10 epochs. Quit Training.
The best validation result occured at: 6-th epoch, with validation ACC: 0.72297 and AUC: 0.73089
The best testing result occured at: 6-th epoch, with testing ACC: 0.72513 and AUC: 0.75231
*********************************
Epoch    1, Train ACC: 0.68215, Train AUC: 0.66557, Train Loss: 0.59979
Epoch    1, Valid ACC: 0.70172, Valid AUC: 0.70789, Valid AUC Curr: 0.85675, Valid Loss: 0.59947*
Epoch    1, Test ACC: 0.70115, Test AUC: 0.72761, Test AUC Curr: 0.86029, Test Loss: 0.58621
w_l1: 0.015871596515963024, w_l2: 0.027587448796372746
m1: 0.7491587539563551, m2: 0.04072100262671297. Saving the model
time used for this epoch: 9.457497835159302s
***********
Epoch    2, Train ACC: 0.71752, Train AUC: 0.72757, Train Loss: 0.56229
Epoch    2, Valid ACC: 0.71574, Valid AUC: 0.72241, Valid AUC Curr: 0.88758, Valid Loss: 0.58718*
Epoch    2, Test ACC: 0.71644, Test AUC: 0.74471, Test AUC Curr: 0.89217, Test Loss: 0.57046
w_l1: 0.02077291613427278, w_l2: 0.03760633444385912
m1: 0.8117607862735299, m2: 0.05153958276373415. Saving the model
time used for this epoch: 9.518041610717773s
***********
Epoch    3, Train ACC: 0.72689, Train AUC: 0.74144, Train Loss: 0.55107
Epoch    3, Valid ACC: 0.72007, Valid AUC: 0.72841, Valid AUC Curr: 0.89608, Valid Loss: 0.5803*
Epoch    3, Test ACC: 0.72204, Test AUC: 0.75191, Test AUC Curr: 0.89936, Test Loss: 0.5605
w_l1: 0.023007230693385627, w_l2: 0.03887375762809985
m1: 0.7943694819257038, m2: 0.05626155988546127. Saving the model
time used for this epoch: 9.435016870498657s
***********
Epoch    4, Train ACC: 0.73023, Train AUC: 0.74727, Train Loss: 0.54571
Epoch    4, Valid ACC: 0.72134, Valid AUC: 0.72668, Valid AUC Curr: 0.89038, Valid Loss: 0.57926
time used for this epoch: 6.935546398162842s
***********
Epoch    5, Train ACC: 0.7336, Train AUC: 0.7536, Train Loss: 0.54117
Epoch    5, Valid ACC: 0.72201, Valid AUC: 0.72888, Valid AUC Curr: 0.88649, Valid Loss: 0.57701*
Epoch    5, Test ACC: 0.72504, Test AUC: 0.75443, Test AUC Curr: 0.89648, Test Loss: 0.55524
w_l1: 0.02855711520133631, w_l2: 0.04641551362457625
m1: 0.7410294852573713, m2: 0.05661995780382596. Saving the model
time used for this epoch: 9.58378791809082s
***********
Epoch    6, Train ACC: 0.73559, Train AUC: 0.75698, Train Loss: 0.53571
Epoch    6, Valid ACC: 0.72367, Valid AUC: 0.73034, Valid AUC Curr: 0.87312, Valid Loss: 0.57627*
Epoch    6, Test ACC: 0.72422, Test AUC: 0.75259, Test AUC Curr: 0.88282, Test Loss: 0.55688
w_l1: 0.030804092199280073, w_l2: 0.04949147624203699
m1: 0.6740962851907379, m2: 0.054201292496173954. Saving the model
time used for this epoch: 9.558123111724854s
***********
Epoch    7, Train ACC: 0.73708, Train AUC: 0.76106, Train Loss: 0.53249
Epoch    7, Valid ACC: 0.72364, Valid AUC: 0.73051, Valid AUC Curr: 0.87415, Valid Loss: 0.57684*
Epoch    7, Test ACC: 0.72284, Test AUC: 0.75088, Test AUC Curr: 0.88254, Test Loss: 0.55848
w_l1: 0.0329393867299753, w_l2: 0.05186432197413776
m1: 0.6409128768948859, m2: 0.05174379119987431. Saving the model
time used for this epoch: 9.458050966262817s
***********
Epoch    8, Train ACC: 0.73921, Train AUC: 0.76593, Train Loss: 0.52937
Epoch    8, Valid ACC: 0.72267, Valid AUC: 0.72833, Valid AUC Curr: 0.86963, Valid Loss: 0.57818
time used for this epoch: 7.211158752441406s
***********
Epoch    9, Train ACC: 0.74178, Train AUC: 0.76977, Train Loss: 0.52587
Epoch    9, Valid ACC: 0.71924, Valid AUC: 0.7289, Valid AUC Curr: 0.86331, Valid Loss: 0.5786
time used for this epoch: 7.143229722976685s
***********
Epoch   10, Train ACC: 0.74244, Train AUC: 0.77261, Train Loss: 0.52376
Epoch   10, Valid ACC: 0.72084, Valid AUC: 0.72658, Valid AUC Curr: 0.84749, Valid Loss: 0.57982
time used for this epoch: 7.275566816329956s
***********
Epoch   11, Train ACC: 0.7447, Train AUC: 0.77686, Train Loss: 0.52046
Epoch   11, Valid ACC: 0.71971, Valid AUC: 0.72836, Valid AUC Curr: 0.84526, Valid Loss: 0.58096
time used for this epoch: 7.307851552963257s
***********
Epoch   12, Train ACC: 0.7469, Train AUC: 0.78166, Train Loss: 0.51643
Epoch   12, Valid ACC: 0.72084, Valid AUC: 0.7265, Valid AUC Curr: 0.84041, Valid Loss: 0.57987
time used for this epoch: 7.508815288543701s
***********
Epoch   13, Train ACC: 0.74979, Train AUC: 0.78512, Train Loss: 0.51268
Epoch   13, Valid ACC: 0.71857, Valid AUC: 0.72122, Valid AUC Curr: 0.83482, Valid Loss: 0.586
time used for this epoch: 7.228734016418457s
***********
Epoch   14, Train ACC: 0.75096, Train AUC: 0.79023, Train Loss: 0.50858
Epoch   14, Valid ACC: 0.71511, Valid AUC: 0.71847, Valid AUC Curr: 0.82308, Valid Loss: 0.58996
time used for this epoch: 7.203448057174683s
***********
Epoch   15, Train ACC: 0.7537, Train AUC: 0.79447, Train Loss: 0.5034
Epoch   15, Valid ACC: 0.71204, Valid AUC: 0.71951, Valid AUC Curr: 0.81399, Valid Loss: 0.59107
time used for this epoch: 7.239814758300781s
***********
Epoch   16, Train ACC: 0.75561, Train AUC: 0.79756, Train Loss: 0.50038
Epoch   16, Valid ACC: 0.71691, Valid AUC: 0.72011, Valid AUC Curr: 0.8054, Valid Loss: 0.58947
time used for this epoch: 7.390673398971558s
***********
Epoch   17, Train ACC: 0.75784, Train AUC: 0.80226, Train Loss: 0.49659
Epoch   17, Valid ACC: 0.71188, Valid AUC: 0.71567, Valid AUC Curr: 0.79536, Valid Loss: 0.59414
time used for this epoch: 7.308228969573975s
***********
No improvement shown in 10 epochs. Quit Training.
The best validation result occured at: 7-th epoch, with validation ACC: 0.72364 and AUC: 0.73051
The best testing result occured at: 7-th epoch, with testing ACC: 0.72284 and AUC: 0.75088
*********************************
Epoch    1, Train ACC: 0.67742, Train AUC: 0.65722, Train Loss: 0.60597
Epoch    1, Valid ACC: 0.69822, Valid AUC: 0.70877, Valid AUC Curr: 0.835, Valid Loss: 0.60006*
Epoch    1, Test ACC: 0.70084, Test AUC: 0.72895, Test AUC Curr: 0.83958, Test Loss: 0.58609
w_l1: 0.014354652631570835, w_l2: 0.028020970631112696
m1: 0.7415958687323005, m2: 0.03680457218714442. Saving the model
time used for this epoch: 9.645991086959839s
***********
Epoch    2, Train ACC: 0.71772, Train AUC: 0.72844, Train Loss: 0.5616
Epoch    2, Valid ACC: 0.71707, Valid AUC: 0.72283, Valid AUC Curr: 0.8828, Valid Loss: 0.58486*
Epoch    2, Test ACC: 0.71911, Test AUC: 0.74395, Test AUC Curr: 0.88592, Test Loss: 0.56769
w_l1: 0.019630656887583014, w_l2: 0.0344724880656989
m1: 0.788872230551391, m2: 0.05082969683896258. Saving the model
time used for this epoch: 9.298948049545288s
***********
Epoch    3, Train ACC: 0.72684, Train AUC: 0.74187, Train Loss: 0.55048
Epoch    3, Valid ACC: 0.72117, Valid AUC: 0.72893, Valid AUC Curr: 0.89477, Valid Loss: 0.57838*
Epoch    3, Test ACC: 0.72395, Test AUC: 0.75244, Test AUC Curr: 0.89962, Test Loss: 0.55832
w_l1: 0.02291833982907928, w_l2: 0.03835416131728053
m1: 0.8052307179743462, m2: 0.056282701970695674. Saving the model
time used for this epoch: 9.454846620559692s
***********
Epoch    4, Train ACC: 0.73196, Train AUC: 0.75018, Train Loss: 0.54402
Epoch    4, Valid ACC: 0.72344, Valid AUC: 0.73249, Valid AUC Curr: 0.88311, Valid Loss: 0.57479*
Epoch    4, Test ACC: 0.72613, Test AUC: 0.75562, Test AUC Curr: 0.89396, Test Loss: 0.55536
w_l1: 0.02529125996403266, w_l2: 0.04318404029393873
m1: 0.7557554556055306, m2: 0.05486253912441337. Saving the model
time used for this epoch: 9.64631700515747s
***********
Epoch    5, Train ACC: 0.73274, Train AUC: 0.75317, Train Loss: 0.54131
Epoch    5, Valid ACC: 0.72314, Valid AUC: 0.73308, Valid AUC Curr: 0.889, Valid Loss: 0.57382*
Epoch    5, Test ACC: 0.72893, Test AUC: 0.75633, Test AUC Curr: 0.89552, Test Loss: 0.55364
w_l1: 0.027652131126145545, w_l2: 0.04569829065453036
m1: 0.7509245377311344, m2: 0.05531287547868032. Saving the model
time used for this epoch: 9.490498304367065s
***********
Epoch    6, Train ACC: 0.73606, Train AUC: 0.7569, Train Loss: 0.53819
Epoch    6, Valid ACC: 0.72051, Valid AUC: 0.72965, Valid AUC Curr: 0.88307, Valid Loss: 0.57622
time used for this epoch: 7.279533863067627s
***********
Epoch    7, Train ACC: 0.7382, Train AUC: 0.76094, Train Loss: 0.53367
Epoch    7, Valid ACC: 0.71921, Valid AUC: 0.72839, Valid AUC Curr: 0.8763, Valid Loss: 0.57662
time used for this epoch: 7.171648263931274s
***********
Epoch    8, Train ACC: 0.73962, Train AUC: 0.76481, Train Loss: 0.53036
Epoch    8, Valid ACC: 0.72017, Valid AUC: 0.72947, Valid AUC Curr: 0.8751, Valid Loss: 0.57697
time used for this epoch: 7.207615613937378s
***********
Epoch    9, Train ACC: 0.74089, Train AUC: 0.7693, Train Loss: 0.528
Epoch    9, Valid ACC: 0.71914, Valid AUC: 0.73005, Valid AUC Curr: 0.86585, Valid Loss: 0.57708
time used for this epoch: 7.1759703159332275s
***********
Epoch   10, Train ACC: 0.74341, Train AUC: 0.77337, Train Loss: 0.52218
Epoch   10, Valid ACC: 0.71954, Valid AUC: 0.72819, Valid AUC Curr: 0.85544, Valid Loss: 0.57944
time used for this epoch: 7.258721590042114s
***********
Epoch   11, Train ACC: 0.74491, Train AUC: 0.77655, Train Loss: 0.52084
Epoch   11, Valid ACC: 0.71727, Valid AUC: 0.72523, Valid AUC Curr: 0.85089, Valid Loss: 0.58014
time used for this epoch: 7.161313533782959s
***********
Epoch   12, Train ACC: 0.74774, Train AUC: 0.78234, Train Loss: 0.5147
Epoch   12, Valid ACC: 0.71777, Valid AUC: 0.72293, Valid AUC Curr: 0.83815, Valid Loss: 0.58476
time used for this epoch: 7.166936874389648s
***********
Epoch   13, Train ACC: 0.74891, Train AUC: 0.78564, Train Loss: 0.51261
Epoch   13, Valid ACC: 0.71621, Valid AUC: 0.72443, Valid AUC Curr: 0.82855, Valid Loss: 0.58444
time used for this epoch: 7.377120018005371s
***********
Epoch   14, Train ACC: 0.7516, Train AUC: 0.79054, Train Loss: 0.50823
Epoch   14, Valid ACC: 0.71458, Valid AUC: 0.72116, Valid AUC Curr: 0.82147, Valid Loss: 0.59
time used for this epoch: 7.436090469360352s
***********
Epoch   15, Train ACC: 0.75416, Train AUC: 0.79355, Train Loss: 0.50398
Epoch   15, Valid ACC: 0.71194, Valid AUC: 0.7192, Valid AUC Curr: 0.81511, Valid Loss: 0.5921
time used for this epoch: 7.5604634284973145s
***********
No improvement shown in 10 epochs. Quit Training.
The best validation result occured at: 5-th epoch, with validation ACC: 0.72314 and AUC: 0.73308
The best testing result occured at: 5-th epoch, with testing ACC: 0.72893 and AUC: 0.75633
*********************************
Epoch    1, Train ACC: 0.67047, Train AUC: 0.64908, Train Loss: 0.61422
Epoch    1, Valid ACC: 0.69162, Valid AUC: 0.69862, Valid AUC Curr: 0.83059, Valid Loss: 0.60591*
Epoch    1, Test ACC: 0.68933, Test AUC: 0.71237, Test AUC Curr: 0.82653, Test Loss: 0.59506
w_l1: 0.01600865203196381, w_l2: 0.03094361445135914
m1: 0.739663501582542, m2: 0.035026894501600785. Saving the model
time used for this epoch: 9.581701755523682s
***********
Epoch    2, Train ACC: 0.71285, Train AUC: 0.71998, Train Loss: 0.569
Epoch    2, Valid ACC: 0.71817, Valid AUC: 0.72553, Valid AUC Curr: 0.88506, Valid Loss: 0.58326*
Epoch    2, Test ACC: 0.72013, Test AUC: 0.74742, Test AUC Curr: 0.88912, Test Loss: 0.56566
w_l1: 0.021986097891988823, w_l2: 0.03803263777602763
m1: 0.8245877061469266, m2: 0.04978527742962867. Saving the model
time used for this epoch: 9.33618974685669s
***********
Epoch    3, Train ACC: 0.72684, Train AUC: 0.74186, Train Loss: 0.54974
Epoch    3, Valid ACC: 0.72161, Valid AUC: 0.72809, Valid AUC Curr: 0.8915, Valid Loss: 0.57925*
Epoch    3, Test ACC: 0.72486, Test AUC: 0.75109, Test AUC Curr: 0.89556, Test Loss: 0.56007
w_l1: 0.025129490830506074, w_l2: 0.042277492850150894
m1: 0.8039980009995003, m2: 0.05596325666571227. Saving the model
time used for this epoch: 9.114413261413574s
***********
Epoch    4, Train ACC: 0.72975, Train AUC: 0.74661, Train Loss: 0.54727
Epoch    4, Valid ACC: 0.72021, Valid AUC: 0.72842, Valid AUC Curr: 0.88769, Valid Loss: 0.58107*
Epoch    4, Test ACC: 0.72623, Test AUC: 0.7545, Test AUC Curr: 0.8964, Test Loss: 0.56084
w_l1: 0.027630926128684705, w_l2: 0.04649037720408813
m1: 0.7663168415792104, m2: 0.055478094383893006. Saving the model
time used for this epoch: 9.305027961730957s
***********
Epoch    5, Train ACC: 0.7313, Train AUC: 0.74891, Train Loss: 0.54386
Epoch    5, Valid ACC: 0.72367, Valid AUC: 0.73196, Valid AUC Curr: 0.88608, Valid Loss: 0.57635*
Epoch    5, Test ACC: 0.72764, Test AUC: 0.75682, Test AUC Curr: 0.89561, Test Loss: 0.5551
w_l1: 0.0287816319495297, w_l2: 0.048193931881532155
m1: 0.7447276361819091, m2: 0.05400544957441031. Saving the model
time used for this epoch: 9.3753342628479s
***********
Epoch    6, Train ACC: 0.73621, Train AUC: 0.75591, Train Loss: 0.53855
Epoch    6, Valid ACC: 0.72247, Valid AUC: 0.73132, Valid AUC Curr: 0.89392, Valid Loss: 0.57534
time used for this epoch: 7.256636619567871s
***********
Epoch    7, Train ACC: 0.73812, Train AUC: 0.76107, Train Loss: 0.53349
Epoch    7, Valid ACC: 0.72301, Valid AUC: 0.73163, Valid AUC Curr: 0.87562, Valid Loss: 0.57565
time used for this epoch: 7.435702323913574s
***********
Epoch    8, Train ACC: 0.73848, Train AUC: 0.76231, Train Loss: 0.53236
Epoch    8, Valid ACC: 0.72017, Valid AUC: 0.73256, Valid AUC Curr: 0.86834, Valid Loss: 0.5761*
Epoch    8, Test ACC: 0.72461, Test AUC: 0.75453, Test AUC Curr: 0.8791, Test Loss: 0.55692
w_l1: 0.03585423813030756, w_l2: 0.0570025188428274
m1: 0.647576211894053, m2: 0.05273727389170729. Saving the model
time used for this epoch: 9.529755592346191s
***********
Epoch    9, Train ACC: 0.74005, Train AUC: 0.76605, Train Loss: 0.5286
Epoch    9, Valid ACC: 0.72261, Valid AUC: 0.73033, Valid AUC Curr: 0.87304, Valid Loss: 0.57672
time used for this epoch: 7.33890175819397s
***********
Epoch   10, Train ACC: 0.74174, Train AUC: 0.76924, Train Loss: 0.52595
Epoch   10, Valid ACC: 0.72274, Valid AUC: 0.73221, Valid AUC Curr: 0.85975, Valid Loss: 0.57701
time used for this epoch: 7.114414930343628s
***********
Epoch   11, Train ACC: 0.74472, Train AUC: 0.77317, Train Loss: 0.52367
Epoch   11, Valid ACC: 0.71941, Valid AUC: 0.7286, Valid AUC Curr: 0.85453, Valid Loss: 0.57959
time used for this epoch: 7.234956502914429s
***********
Epoch   12, Train ACC: 0.74452, Train AUC: 0.77672, Train Loss: 0.51904
Epoch   12, Valid ACC: 0.72117, Valid AUC: 0.7289, Valid AUC Curr: 0.84626, Valid Loss: 0.57867
time used for this epoch: 7.364105224609375s
***********
Epoch   13, Train ACC: 0.74708, Train AUC: 0.78063, Train Loss: 0.51707
Epoch   13, Valid ACC: 0.71734, Valid AUC: 0.72717, Valid AUC Curr: 0.83731, Valid Loss: 0.5825
time used for this epoch: 7.272692918777466s
***********
Epoch   14, Train ACC: 0.7485, Train AUC: 0.78361, Train Loss: 0.51232
Epoch   14, Valid ACC: 0.71827, Valid AUC: 0.72643, Valid AUC Curr: 0.83119, Valid Loss: 0.58256
time used for this epoch: 7.1448163986206055s
***********
Epoch   15, Train ACC: 0.75105, Train AUC: 0.78945, Train Loss: 0.50764
Epoch   15, Valid ACC: 0.71554, Valid AUC: 0.7251, Valid AUC Curr: 0.82273, Valid Loss: 0.58355
time used for this epoch: 7.195599555969238s
***********
Epoch   16, Train ACC: 0.75278, Train AUC: 0.79159, Train Loss: 0.5061
Epoch   16, Valid ACC: 0.70925, Valid AUC: 0.72065, Valid AUC Curr: 0.81829, Valid Loss: 0.5892
time used for this epoch: 7.401864290237427s
***********
Epoch   17, Train ACC: 0.75484, Train AUC: 0.79713, Train Loss: 0.50055
Epoch   17, Valid ACC: 0.71284, Valid AUC: 0.71796, Valid AUC Curr: 0.81146, Valid Loss: 0.591
time used for this epoch: 7.287213325500488s
***********
Epoch   18, Train ACC: 0.75687, Train AUC: 0.80042, Train Loss: 0.49759
Epoch   18, Valid ACC: 0.71114, Valid AUC: 0.7182, Valid AUC Curr: 0.80748, Valid Loss: 0.5914
time used for this epoch: 7.044015884399414s
***********
No improvement shown in 10 epochs. Quit Training.
The best validation result occured at: 8-th epoch, with validation ACC: 0.72017 and AUC: 0.73256
The best testing result occured at: 8-th epoch, with testing ACC: 0.72461 and AUC: 0.75453
*********************************
Epoch    1, Train ACC: 0.67366, Train AUC: 0.64985, Train Loss: 0.60899
Epoch    1, Valid ACC: 0.69822, Valid AUC: 0.69507, Valid AUC Curr: 0.84584, Valid Loss: 0.60553*
Epoch    1, Test ACC: 0.69656, Test AUC: 0.71844, Test AUC Curr: 0.85188, Test Loss: 0.59208
w_l1: 0.013789202516905325, w_l2: 0.02500966574737524
m1: 0.720839580209895, m2: 0.04009012770259577. Saving the model
time used for this epoch: 9.347597599029541s
***********
Epoch    2, Train ACC: 0.71691, Train AUC: 0.72427, Train Loss: 0.56398
Epoch    2, Valid ACC: 0.71677, Valid AUC: 0.7249, Valid AUC Curr: 0.87756, Valid Loss: 0.58412*
Epoch    2, Test ACC: 0.71819, Test AUC: 0.74826, Test AUC Curr: 0.88542, Test Loss: 0.56509
w_l1: 0.01905219631584372, w_l2: 0.0338314557412819
m1: 0.781575878727303, m2: 0.0519304820483632. Saving the model
time used for this epoch: 9.719884157180786s
***********
Epoch    3, Train ACC: 0.72721, Train AUC: 0.74166, Train Loss: 0.55068
Epoch    3, Valid ACC: 0.72244, Valid AUC: 0.72935, Valid AUC Curr: 0.88998, Valid Loss: 0.578*
Epoch    3, Test ACC: 0.72316, Test AUC: 0.75244, Test AUC Curr: 0.89508, Test Loss: 0.55896
w_l1: 0.022267725879565575, w_l2: 0.03842584084809216
m1: 0.8044977511244378, m2: 0.05571377350552051. Saving the model
time used for this epoch: 9.421826124191284s
***********
Epoch    4, Train ACC: 0.73039, Train AUC: 0.74767, Train Loss: 0.54546
Epoch    4, Valid ACC: 0.72247, Valid AUC: 0.7267, Valid AUC Curr: 0.8996, Valid Loss: 0.57738
time used for this epoch: 7.362459897994995s
***********
Epoch    5, Train ACC: 0.73394, Train AUC: 0.75425, Train Loss: 0.53983
Epoch    5, Valid ACC: 0.72134, Valid AUC: 0.72795, Valid AUC Curr: 0.88929, Valid Loss: 0.57768
time used for this epoch: 7.404649019241333s
***********
Epoch    6, Train ACC: 0.73606, Train AUC: 0.7579, Train Loss: 0.53608
Epoch    6, Valid ACC: 0.72184, Valid AUC: 0.72707, Valid AUC Curr: 0.86744, Valid Loss: 0.57723
time used for this epoch: 7.171158075332642s
***********
Epoch    7, Train ACC: 0.73703, Train AUC: 0.76157, Train Loss: 0.53333
Epoch    7, Valid ACC: 0.72084, Valid AUC: 0.72584, Valid AUC Curr: 0.87804, Valid Loss: 0.5799
time used for this epoch: 7.344020366668701s
***********
Epoch    8, Train ACC: 0.73811, Train AUC: 0.76199, Train Loss: 0.53334
Epoch    8, Valid ACC: 0.72111, Valid AUC: 0.72753, Valid AUC Curr: 0.86693, Valid Loss: 0.57907
time used for this epoch: 7.42621636390686s
***********
Epoch    9, Train ACC: 0.7405, Train AUC: 0.76781, Train Loss: 0.52894
Epoch    9, Valid ACC: 0.71824, Valid AUC: 0.72589, Valid AUC Curr: 0.86228, Valid Loss: 0.58021
time used for this epoch: 7.474107980728149s
***********
Epoch   10, Train ACC: 0.74244, Train AUC: 0.77174, Train Loss: 0.5243
Epoch   10, Valid ACC: 0.72077, Valid AUC: 0.72542, Valid AUC Curr: 0.85292, Valid Loss: 0.58051
time used for this epoch: 7.391566514968872s
***********
Epoch   11, Train ACC: 0.74448, Train AUC: 0.7761, Train Loss: 0.52081
Epoch   11, Valid ACC: 0.71394, Valid AUC: 0.72178, Valid AUC Curr: 0.85709, Valid Loss: 0.58473
time used for this epoch: 7.047710657119751s
***********
Epoch   12, Train ACC: 0.74588, Train AUC: 0.77755, Train Loss: 0.51972
Epoch   12, Valid ACC: 0.71598, Valid AUC: 0.72527, Valid AUC Curr: 0.84845, Valid Loss: 0.58376
time used for this epoch: 7.234501361846924s
***********
Epoch   13, Train ACC: 0.74834, Train AUC: 0.78313, Train Loss: 0.5134
Epoch   13, Valid ACC: 0.71384, Valid AUC: 0.71834, Valid AUC Curr: 0.83252, Valid Loss: 0.58792
time used for this epoch: 7.198185920715332s
***********
No improvement shown in 10 epochs. Quit Training.
The best validation result occured at: 3-th epoch, with validation ACC: 0.72244 and AUC: 0.72935
The best testing result occured at: 3-th epoch, with testing ACC: 0.72316 and AUC: 0.75244
*********************************
average validation ACC for 5 runs: 0.722472097284691
average validation AUC for 5 runs: 0.7312790003966417
average validation AUC Current for 5 runs: 0.880834532582383

average waviness-l1 for 5 runs: 0.029943896185046524
average waviness-l2 for 5 runs: 0.04857628394811181
average consistency_m1 for 5 runs: 0.7086590038314176
average consistency_m1 for 5 runs: 0.05361032025785858

test ACC for 5 runs : [0.7251266861751481, 0.7228427663978303, 0.728927271429591, 0.7246092356005995, 0.7231639426165156]
test AUC for 5 runs : [0.7523099405322058, 0.7508828909551887, 0.7563262721372365, 0.7545261252330757, 0.7524369711369618]

average test ACC for 5 runs: 0.7249339804439369
average test AUC for 5 runs: 0.7532964399989337
average test AUC Current for 5 runs: 0.8880471219012704

latex: 
cell_type & num. layer & layer_structure & learning rate & keep prob. & $\lambda_o$ & $\lambda_{w_1}$ & $\lambda_{w_2}$ & Avg. ACC(N) & Avg. AUC(N) & Avg. AUC(C) & Avg. $w_1$ & Avg. $w_2$ & Avg. $m_1$ & Avg. $m_2$\\ 
LSTM & 1 & 200 & 0.0100 & 0.5000 & 0.0000 & 0.0000 & 0.0000 & 0.722472097284691 $\pm$ 0.0012115548280064534 & 0.7312790003966417 $\pm$ 0.0013661112872734305 & 0.880834532582383 $\pm$ 0.008421661108380612 & 0.029943896185046524 $\pm$ 0.004673519994051244 & 0.04857628394811181 $\pm$ 0.006242659605000899 & 0.7086590038314176 $\pm$ 0.06225450725920704 & 0.05361032025785858 $\pm$ 0.0015941536917671473\\ 

