Network Configuration:
batch_size: 64
hidden_layer_structure: [200]
learning_rate: 0.01
keep_prob: 0.5
rnn_cell: <class 'tensorflow.python.ops.rnn_cell_impl.LSTMCell'>
max_grad_norm: 5.0
lambda_w1: 0.003
lambda_w2: 3.0
lambda_o: 0.1
embedding: True
Num of problems: 105
Num of run: 5
Max num of run: 30
Keep Prob: 0.5
Epoch    1, Train ACC: 0.61583, Train AUC: 0.57617, Train Loss: 0.71839
Epoch    1, Valid ACC: 0.65244, Valid AUC: 0.64433, Valid AUC Curr: 0.81446, Valid Loss: 0.69396*
Epoch    1, Test ACC: 0.66375, Test AUC: 0.67278, Test AUC Curr: 0.81202, Test Loss: 0.67645
w_l1: 0.016671001636321986, w_l2: 0.02783300053226793
m1: 0.6244239631336406, m2: 0.04305595933920149. Saving the model
time used for this epoch: 7.061571359634399s
***********
Epoch    2, Train ACC: 0.69871, Train AUC: 0.69271, Train Loss: 0.64147
Epoch    2, Valid ACC: 0.7106, Valid AUC: 0.70545, Valid AUC Curr: 0.92716, Valid Loss: 0.65471*
Epoch    2, Test ACC: 0.7134, Test AUC: 0.73672, Test AUC Curr: 0.92152, Test Loss: 0.62449
w_l1: 0.02112135210712946, w_l2: 0.037952171328849676
m1: 0.7932192231731402, m2: 0.06663883928015799. Saving the model
time used for this epoch: 8.643988847732544s
***********
Epoch    3, Train ACC: 0.71987, Train AUC: 0.72815, Train Loss: 0.61274
Epoch    3, Valid ACC: 0.71659, Valid AUC: 0.72183, Valid AUC Curr: 0.94512, Valid Loss: 0.64268*
Epoch    3, Test ACC: 0.72391, Test AUC: 0.75032, Test AUC Curr: 0.94614, Test Loss: 0.6119
w_l1: 0.0217723824879363, w_l2: 0.03919027128144083
m1: 0.8810401579986833, m2: 0.07140100509654228. Saving the model
time used for this epoch: 8.70202898979187s
***********
Epoch    4, Train ACC: 0.72785, Train AUC: 0.73901, Train Loss: 0.59977
Epoch    4, Valid ACC: 0.72271, Valid AUC: 0.73259, Valid AUC Curr: 0.94249, Valid Loss: 0.63715*
Epoch    4, Test ACC: 0.72828, Test AUC: 0.76152, Test AUC Curr: 0.94429, Test Loss: 0.60406
w_l1: 0.0205980847395694, w_l2: 0.03843262147805487
m1: 0.8451612903225807, m2: 0.06788701783912288. Saving the model
time used for this epoch: 8.490799903869629s
***********
Epoch    5, Train ACC: 0.73118, Train AUC: 0.7452, Train Loss: 0.59521
Epoch    5, Valid ACC: 0.7213, Valid AUC: 0.73102, Valid AUC Curr: 0.93862, Valid Loss: 0.63289
time used for this epoch: 5.801687955856323s
***********
Epoch    6, Train ACC: 0.73306, Train AUC: 0.75025, Train Loss: 0.58968
Epoch    6, Valid ACC: 0.72386, Valid AUC: 0.7331, Valid AUC Curr: 0.94655, Valid Loss: 0.63196*
Epoch    6, Test ACC: 0.73143, Test AUC: 0.76237, Test AUC Curr: 0.94657, Test Loss: 0.59589
w_l1: 0.021822915385175487, w_l2: 0.040532003169361286
m1: 0.7724160631994733, m2: 0.07489682394493717. Saving the model
time used for this epoch: 8.379145622253418s
***********
Epoch    7, Train ACC: 0.73502, Train AUC: 0.75478, Train Loss: 0.58651
Epoch    7, Valid ACC: 0.72258, Valid AUC: 0.73377, Valid AUC Curr: 0.94483, Valid Loss: 0.63071*
Epoch    7, Test ACC: 0.73129, Test AUC: 0.76449, Test AUC Curr: 0.94856, Test Loss: 0.59512
w_l1: 0.022051531217803913, w_l2: 0.04086518870113139
m1: 0.7535220539828835, m2: 0.07443060759575136. Saving the model
time used for this epoch: 8.818060159683228s
***********
Epoch    8, Train ACC: 0.73706, Train AUC: 0.75689, Train Loss: 0.58366
Epoch    8, Valid ACC: 0.7237, Valid AUC: 0.73284, Valid AUC Curr: 0.94442, Valid Loss: 0.63039
time used for this epoch: 6.25754451751709s
***********
Epoch    9, Train ACC: 0.73851, Train AUC: 0.76093, Train Loss: 0.58157
Epoch    9, Valid ACC: 0.72627, Valid AUC: 0.73478, Valid AUC Curr: 0.94205, Valid Loss: 0.62928*
Epoch    9, Test ACC: 0.73238, Test AUC: 0.76249, Test AUC Curr: 0.943, Test Loss: 0.59543
w_l1: 0.022317024248891777, w_l2: 0.04143806934414916
m1: 0.6939104674127715, m2: 0.07295795623666758. Saving the model
time used for this epoch: 8.773060321807861s
***********
Epoch   10, Train ACC: 0.73998, Train AUC: 0.7641, Train Loss: 0.57949
Epoch   10, Valid ACC: 0.72541, Valid AUC: 0.73451, Valid AUC Curr: 0.943, Valid Loss: 0.63079
time used for this epoch: 6.245342493057251s
***********
Epoch   11, Train ACC: 0.74006, Train AUC: 0.76562, Train Loss: 0.57748
Epoch   11, Valid ACC: 0.72439, Valid AUC: 0.73586, Valid AUC Curr: 0.93593, Valid Loss: 0.63006*
Epoch   11, Test ACC: 0.73246, Test AUC: 0.76528, Test AUC Curr: 0.93953, Test Loss: 0.59293
w_l1: 0.02322341815130731, w_l2: 0.04255211587032064
m1: 0.6842330480579328, m2: 0.07417678725688061. Saving the model
time used for this epoch: 8.556908130645752s
***********
Epoch   12, Train ACC: 0.74185, Train AUC: 0.76956, Train Loss: 0.57535
Epoch   12, Valid ACC: 0.72386, Valid AUC: 0.73568, Valid AUC Curr: 0.93924, Valid Loss: 0.62864
time used for this epoch: 5.978575944900513s
***********
Epoch   13, Train ACC: 0.7416, Train AUC: 0.77208, Train Loss: 0.57325
Epoch   13, Valid ACC: 0.72245, Valid AUC: 0.73436, Valid AUC Curr: 0.93969, Valid Loss: 0.62966
time used for this epoch: 6.170492649078369s
***********
Epoch   14, Train ACC: 0.74369, Train AUC: 0.77584, Train Loss: 0.5697
Epoch   14, Valid ACC: 0.72479, Valid AUC: 0.73437, Valid AUC Curr: 0.93129, Valid Loss: 0.63159
time used for this epoch: 5.806743621826172s
***********
Epoch   15, Train ACC: 0.74476, Train AUC: 0.77947, Train Loss: 0.56837
Epoch   15, Valid ACC: 0.72485, Valid AUC: 0.73679, Valid AUC Curr: 0.93522, Valid Loss: 0.63097*
Epoch   15, Test ACC: 0.73039, Test AUC: 0.76247, Test AUC Curr: 0.93646, Test Loss: 0.59358
w_l1: 0.023782914192349392, w_l2: 0.04346459999367397
m1: 0.6421000658327847, m2: 0.07193250298755118. Saving the model
time used for this epoch: 8.63346529006958s
***********
Epoch   16, Train ACC: 0.74549, Train AUC: 0.78135, Train Loss: 0.56641
Epoch   16, Valid ACC: 0.72199, Valid AUC: 0.73402, Valid AUC Curr: 0.92421, Valid Loss: 0.63358
time used for this epoch: 6.204655647277832s
***********
Epoch   17, Train ACC: 0.74667, Train AUC: 0.78475, Train Loss: 0.56408
Epoch   17, Valid ACC: 0.72209, Valid AUC: 0.73484, Valid AUC Curr: 0.92524, Valid Loss: 0.6327
time used for this epoch: 6.219254970550537s
***********
Epoch   18, Train ACC: 0.74849, Train AUC: 0.78771, Train Loss: 0.56086
Epoch   18, Valid ACC: 0.72199, Valid AUC: 0.73341, Valid AUC Curr: 0.92185, Valid Loss: 0.63448
time used for this epoch: 6.262844800949097s
***********
Epoch   19, Train ACC: 0.75104, Train AUC: 0.7923, Train Loss: 0.5572
Epoch   19, Valid ACC: 0.72334, Valid AUC: 0.73318, Valid AUC Curr: 0.91536, Valid Loss: 0.63657
time used for this epoch: 6.2120521068573s
***********
Epoch   20, Train ACC: 0.75267, Train AUC: 0.79552, Train Loss: 0.55541
Epoch   20, Valid ACC: 0.72219, Valid AUC: 0.73207, Valid AUC Curr: 0.9121, Valid Loss: 0.637
time used for this epoch: 6.1603004932403564s
***********
Epoch   21, Train ACC: 0.75423, Train AUC: 0.7981, Train Loss: 0.55288
Epoch   21, Valid ACC: 0.71807, Valid AUC: 0.72923, Valid AUC Curr: 0.90014, Valid Loss: 0.63914
time used for this epoch: 6.221288681030273s
***********
Epoch   22, Train ACC: 0.75523, Train AUC: 0.80121, Train Loss: 0.55127
Epoch   22, Valid ACC: 0.72156, Valid AUC: 0.72798, Valid AUC Curr: 0.90195, Valid Loss: 0.6421
time used for this epoch: 6.285136938095093s
***********
Epoch   23, Train ACC: 0.75763, Train AUC: 0.80546, Train Loss: 0.5478
Epoch   23, Valid ACC: 0.71906, Valid AUC: 0.72753, Valid AUC Curr: 0.90205, Valid Loss: 0.64204
time used for this epoch: 6.108250856399536s
***********
Epoch   24, Train ACC: 0.75828, Train AUC: 0.80676, Train Loss: 0.54623
Epoch   24, Valid ACC: 0.72334, Valid AUC: 0.73007, Valid AUC Curr: 0.90577, Valid Loss: 0.64098
time used for this epoch: 6.136593818664551s
***********
Epoch   25, Train ACC: 0.76005, Train AUC: 0.81127, Train Loss: 0.54295
Epoch   25, Valid ACC: 0.71922, Valid AUC: 0.72771, Valid AUC Curr: 0.89943, Valid Loss: 0.64447
time used for this epoch: 6.393985748291016s
***********
No improvement shown in 10 epochs. Quit Training.
The best validation result occured at: 14-th epoch, with validation ACC: 0.72485 and AUC: 0.73679
The best testing result occured at: 14-th epoch, with testing ACC: 0.73039 and AUC: 0.76247
*********************************
Epoch    1, Train ACC: 0.67927, Train AUC: 0.66265, Train Loss: 0.66825
Epoch    1, Valid ACC: 0.70882, Valid AUC: 0.70948, Valid AUC Curr: 0.906, Valid Loss: 0.65156*
Epoch    1, Test ACC: 0.70772, Test AUC: 0.73162, Test AUC Curr: 0.89913, Test Loss: 0.62741
w_l1: 0.018235016967068925, w_l2: 0.032757325425737255
m1: 0.8318959842001317, m2: 0.06161369423163102. Saving the model
time used for this epoch: 8.903360605239868s
***********
Epoch    2, Train ACC: 0.72316, Train AUC: 0.73221, Train Loss: 0.60974
Epoch    2, Valid ACC: 0.72126, Valid AUC: 0.72414, Valid AUC Curr: 0.94343, Valid Loss: 0.63824*
Epoch    2, Test ACC: 0.72715, Test AUC: 0.75363, Test AUC Curr: 0.94118, Test Loss: 0.60624
w_l1: 0.022157166693332106, w_l2: 0.04033040756471037
m1: 0.9038841342988808, m2: 0.07281200944239408. Saving the model
time used for this epoch: 8.614257335662842s
***********
Epoch    3, Train ACC: 0.72954, Train AUC: 0.74229, Train Loss: 0.59729
Epoch    3, Valid ACC: 0.7159, Valid AUC: 0.72553, Valid AUC Curr: 0.94205, Valid Loss: 0.63924*
Epoch    3, Test ACC: 0.72515, Test AUC: 0.75387, Test AUC Curr: 0.94397, Test Loss: 0.60636
w_l1: 0.02046551386381172, w_l2: 0.037104306963009696
m1: 0.8399934167215273, m2: 0.07630170772270281. Saving the model
time used for this epoch: 8.559142351150513s
***********
Epoch    4, Train ACC: 0.72974, Train AUC: 0.74604, Train Loss: 0.59534
Epoch    4, Valid ACC: 0.72271, Valid AUC: 0.7306, Valid AUC Curr: 0.94415, Valid Loss: 0.63183*
Epoch    4, Test ACC: 0.7306, Test AUC: 0.76137, Test AUC Curr: 0.94504, Test Loss: 0.59876
w_l1: 0.02115587680738818, w_l2: 0.039286164604057774
m1: 0.7769256089532587, m2: 0.0755601135512337. Saving the model
time used for this epoch: 8.644195079803467s
***********
Epoch    5, Train ACC: 0.7339, Train AUC: 0.75236, Train Loss: 0.58857
Epoch    5, Valid ACC: 0.72452, Valid AUC: 0.7307, Valid AUC Curr: 0.94513, Valid Loss: 0.63069*
Epoch    5, Test ACC: 0.73039, Test AUC: 0.76088, Test AUC Curr: 0.94747, Test Loss: 0.59506
w_l1: 0.02213005194565274, w_l2: 0.040122386495204505
m1: 0.745852534562212, m2: 0.07858653347534597. Saving the model
time used for this epoch: 8.393397092819214s
***********
Epoch    6, Train ACC: 0.73581, Train AUC: 0.757, Train Loss: 0.58496
Epoch    6, Valid ACC: 0.72439, Valid AUC: 0.73343, Valid AUC Curr: 0.94133, Valid Loss: 0.62776*
Epoch    6, Test ACC: 0.73325, Test AUC: 0.76348, Test AUC Curr: 0.94381, Test Loss: 0.59242
w_l1: 0.021603854474759526, w_l2: 0.04011341536421596
m1: 0.7508887425938117, m2: 0.07651797233638676. Saving the model
time used for this epoch: 8.658141374588013s
***********
Epoch    7, Train ACC: 0.73753, Train AUC: 0.76011, Train Loss: 0.58247
Epoch    7, Valid ACC: 0.72475, Valid AUC: 0.73448, Valid AUC Curr: 0.94, Valid Loss: 0.62954*
Epoch    7, Test ACC: 0.73175, Test AUC: 0.76312, Test AUC Curr: 0.94277, Test Loss: 0.59578
w_l1: 0.020785063797079385, w_l2: 0.03839804631055369
m1: 0.739302172481896, m2: 0.07541800644874101. Saving the model
time used for this epoch: 8.641380310058594s
***********
Epoch    8, Train ACC: 0.73754, Train AUC: 0.76216, Train Loss: 0.58059
Epoch    8, Valid ACC: 0.72495, Valid AUC: 0.73361, Valid AUC Curr: 0.93604, Valid Loss: 0.63027
time used for this epoch: 5.9937334060668945s
***********
Epoch    9, Train ACC: 0.73942, Train AUC: 0.76479, Train Loss: 0.57904
Epoch    9, Valid ACC: 0.72725, Valid AUC: 0.73696, Valid AUC Curr: 0.93799, Valid Loss: 0.62743*
Epoch    9, Test ACC: 0.73343, Test AUC: 0.76124, Test AUC Curr: 0.94066, Test Loss: 0.59417
w_l1: 0.021888718022018583, w_l2: 0.04009076797112586
m1: 0.7003620803159973, m2: 0.07455046619628902. Saving the model
time used for this epoch: 8.590794801712036s
***********
Epoch   10, Train ACC: 0.74146, Train AUC: 0.76908, Train Loss: 0.57482
Epoch   10, Valid ACC: 0.72795, Valid AUC: 0.7369, Valid AUC Curr: 0.94283, Valid Loss: 0.62756
time used for this epoch: 6.0693910121917725s
***********
Epoch   11, Train ACC: 0.74192, Train AUC: 0.7714, Train Loss: 0.5735
Epoch   11, Valid ACC: 0.72729, Valid AUC: 0.73442, Valid AUC Curr: 0.93567, Valid Loss: 0.62916
time used for this epoch: 6.235235691070557s
***********
Epoch   12, Train ACC: 0.74314, Train AUC: 0.77366, Train Loss: 0.57169
Epoch   12, Valid ACC: 0.72544, Valid AUC: 0.73349, Valid AUC Curr: 0.93522, Valid Loss: 0.63183
time used for this epoch: 6.298602819442749s
***********
Epoch   13, Train ACC: 0.74511, Train AUC: 0.77667, Train Loss: 0.57014
Epoch   13, Valid ACC: 0.72521, Valid AUC: 0.73348, Valid AUC Curr: 0.93291, Valid Loss: 0.63175
time used for this epoch: 6.142186403274536s
***********
Epoch   14, Train ACC: 0.74559, Train AUC: 0.78012, Train Loss: 0.56683
Epoch   14, Valid ACC: 0.72567, Valid AUC: 0.73268, Valid AUC Curr: 0.93007, Valid Loss: 0.63343
time used for this epoch: 6.299453973770142s
***********
Epoch   15, Train ACC: 0.74747, Train AUC: 0.78236, Train Loss: 0.56498
Epoch   15, Valid ACC: 0.72281, Valid AUC: 0.73301, Valid AUC Curr: 0.92708, Valid Loss: 0.63154
time used for this epoch: 6.247173070907593s
***********
Epoch   16, Train ACC: 0.74808, Train AUC: 0.78624, Train Loss: 0.56164
Epoch   16, Valid ACC: 0.724, Valid AUC: 0.73144, Valid AUC Curr: 0.92539, Valid Loss: 0.6354
time used for this epoch: 6.242921829223633s
***********
Epoch   17, Train ACC: 0.74941, Train AUC: 0.7886, Train Loss: 0.56013
Epoch   17, Valid ACC: 0.72278, Valid AUC: 0.7319, Valid AUC Curr: 0.92567, Valid Loss: 0.63462
time used for this epoch: 6.283279895782471s
***********
Epoch   18, Train ACC: 0.75133, Train AUC: 0.79213, Train Loss: 0.55707
Epoch   18, Valid ACC: 0.72317, Valid AUC: 0.72687, Valid AUC Curr: 0.91622, Valid Loss: 0.63709
time used for this epoch: 6.353241682052612s
***********
Epoch   19, Train ACC: 0.75147, Train AUC: 0.79467, Train Loss: 0.5548
Epoch   19, Valid ACC: 0.71952, Valid AUC: 0.7301, Valid AUC Curr: 0.92062, Valid Loss: 0.63668
time used for this epoch: 6.39534592628479s
***********
No improvement shown in 10 epochs. Quit Training.
The best validation result occured at: 8-th epoch, with validation ACC: 0.72725 and AUC: 0.73696
The best testing result occured at: 8-th epoch, with testing ACC: 0.73343 and AUC: 0.76124
*********************************
Epoch    1, Train ACC: 0.67531, Train AUC: 0.66065, Train Loss: 0.66452
Epoch    1, Valid ACC: 0.71596, Valid AUC: 0.72134, Valid AUC Curr: 0.90608, Valid Loss: 0.64987*
Epoch    1, Test ACC: 0.71895, Test AUC: 0.74479, Test AUC Curr: 0.90029, Test Loss: 0.62672
w_l1: 0.020140240778094846, w_l2: 0.03774084638348239
m1: 0.8552666227781435, m2: 0.058531548721449715. Saving the model
time used for this epoch: 8.950151443481445s
***********
Epoch    2, Train ACC: 0.72267, Train AUC: 0.73049, Train Loss: 0.60949
Epoch    2, Valid ACC: 0.71968, Valid AUC: 0.72671, Valid AUC Curr: 0.94489, Valid Loss: 0.6375*
Epoch    2, Test ACC: 0.7229, Test AUC: 0.75511, Test AUC Curr: 0.94218, Test Loss: 0.60763
w_l1: 0.02148414779782191, w_l2: 0.03840980548488343
m1: 0.8616524028966426, m2: 0.07184290767029919. Saving the model
time used for this epoch: 8.819970607757568s
***********
Epoch    3, Train ACC: 0.72866, Train AUC: 0.74085, Train Loss: 0.5995
Epoch    3, Valid ACC: 0.72288, Valid AUC: 0.7306, Valid AUC Curr: 0.94556, Valid Loss: 0.63191*
Epoch    3, Test ACC: 0.73023, Test AUC: 0.75822, Test AUC Curr: 0.94381, Test Loss: 0.60093
w_l1: 0.02142581147579362, w_l2: 0.03964418182894753
m1: 0.8264318630678078, m2: 0.07314877264922665. Saving the model
time used for this epoch: 8.467470407485962s
***********
Epoch    4, Train ACC: 0.73185, Train AUC: 0.7457, Train Loss: 0.59295
Epoch    4, Valid ACC: 0.7237, Valid AUC: 0.73203, Valid AUC Curr: 0.95243, Valid Loss: 0.63128*
Epoch    4, Test ACC: 0.72814, Test AUC: 0.76088, Test AUC Curr: 0.95723, Test Loss: 0.59786
w_l1: 0.021232431941795357, w_l2: 0.038458509287329266
m1: 0.7854509545753785, m2: 0.07823747837225649. Saving the model
time used for this epoch: 8.61151123046875s
***********
Epoch    5, Train ACC: 0.7337, Train AUC: 0.75258, Train Loss: 0.58783
Epoch    5, Valid ACC: 0.7267, Valid AUC: 0.73688, Valid AUC Curr: 0.94045, Valid Loss: 0.6288*
Epoch    5, Test ACC: 0.73295, Test AUC: 0.76103, Test AUC Curr: 0.94061, Test Loss: 0.59571
w_l1: 0.021310637101482975, w_l2: 0.03995105812192083
m1: 0.7572416063199473, m2: 0.0720404685298968. Saving the model
time used for this epoch: 8.667720079421997s
***********
Epoch    6, Train ACC: 0.73601, Train AUC: 0.75701, Train Loss: 0.58454
Epoch    6, Valid ACC: 0.72749, Valid AUC: 0.73735, Valid AUC Curr: 0.94238, Valid Loss: 0.62826*
Epoch    6, Test ACC: 0.73378, Test AUC: 0.76386, Test AUC Curr: 0.94529, Test Loss: 0.59436
w_l1: 0.02167493054457295, w_l2: 0.04038404480972197
m1: 0.7612574061882817, m2: 0.07344243706763771. Saving the model
time used for this epoch: 8.554530382156372s
***********
Epoch    7, Train ACC: 0.73703, Train AUC: 0.76138, Train Loss: 0.58123
Epoch    7, Valid ACC: 0.72538, Valid AUC: 0.7354, Valid AUC Curr: 0.94101, Valid Loss: 0.6299
time used for this epoch: 6.161554336547852s
***********
Epoch    8, Train ACC: 0.73828, Train AUC: 0.76311, Train Loss: 0.57933
Epoch    8, Valid ACC: 0.72525, Valid AUC: 0.73417, Valid AUC Curr: 0.94155, Valid Loss: 0.62801
time used for this epoch: 6.117980480194092s
***********
Epoch    9, Train ACC: 0.73963, Train AUC: 0.76716, Train Loss: 0.57721
Epoch    9, Valid ACC: 0.72571, Valid AUC: 0.73587, Valid AUC Curr: 0.94399, Valid Loss: 0.62775
time used for this epoch: 5.942575454711914s
***********
Epoch   10, Train ACC: 0.74145, Train AUC: 0.77036, Train Loss: 0.57418
Epoch   10, Valid ACC: 0.72824, Valid AUC: 0.73444, Valid AUC Curr: 0.94114, Valid Loss: 0.62869
time used for this epoch: 6.263667583465576s
***********
Epoch   11, Train ACC: 0.74247, Train AUC: 0.77248, Train Loss: 0.57285
Epoch   11, Valid ACC: 0.7261, Valid AUC: 0.73586, Valid AUC Curr: 0.93166, Valid Loss: 0.63004
time used for this epoch: 6.1257617473602295s
***********
Epoch   12, Train ACC: 0.74368, Train AUC: 0.77683, Train Loss: 0.56973
Epoch   12, Valid ACC: 0.72528, Valid AUC: 0.73583, Valid AUC Curr: 0.92962, Valid Loss: 0.62999
time used for this epoch: 6.338521242141724s
***********
Epoch   13, Train ACC: 0.74529, Train AUC: 0.78132, Train Loss: 0.56594
Epoch   13, Valid ACC: 0.72324, Valid AUC: 0.73477, Valid AUC Curr: 0.9257, Valid Loss: 0.63114
time used for this epoch: 6.181780576705933s
***********
Epoch   14, Train ACC: 0.74782, Train AUC: 0.78272, Train Loss: 0.5644
Epoch   14, Valid ACC: 0.72278, Valid AUC: 0.73345, Valid AUC Curr: 0.91817, Valid Loss: 0.63387
time used for this epoch: 5.962900876998901s
***********
Epoch   15, Train ACC: 0.74801, Train AUC: 0.78522, Train Loss: 0.56294
Epoch   15, Valid ACC: 0.72354, Valid AUC: 0.73159, Valid AUC Curr: 0.93003, Valid Loss: 0.63266
time used for this epoch: 6.036472797393799s
***********
Epoch   16, Train ACC: 0.74943, Train AUC: 0.78778, Train Loss: 0.56154
Epoch   16, Valid ACC: 0.72133, Valid AUC: 0.73261, Valid AUC Curr: 0.91529, Valid Loss: 0.63363
time used for this epoch: 6.13655424118042s
***********
No improvement shown in 10 epochs. Quit Training.
The best validation result occured at: 5-th epoch, with validation ACC: 0.72749 and AUC: 0.73735
The best testing result occured at: 5-th epoch, with testing ACC: 0.73378 and AUC: 0.76386
*********************************
Epoch    1, Train ACC: 0.68168, Train AUC: 0.66932, Train Loss: 0.66287
Epoch    1, Valid ACC: 0.71198, Valid AUC: 0.71427, Valid AUC Curr: 0.90358, Valid Loss: 0.65167*
Epoch    1, Test ACC: 0.71773, Test AUC: 0.7457, Test AUC Curr: 0.90333, Test Loss: 0.6235
w_l1: 0.018681907211188283, w_l2: 0.03404809999620813
m1: 0.832916392363397, m2: 0.057707257213719665. Saving the model
time used for this epoch: 8.632933855056763s
***********
Epoch    2, Train ACC: 0.72281, Train AUC: 0.73144, Train Loss: 0.6089
Epoch    2, Valid ACC: 0.7211, Valid AUC: 0.72737, Valid AUC Curr: 0.93867, Valid Loss: 0.64149*
Epoch    2, Test ACC: 0.7289, Test AUC: 0.75428, Test AUC Curr: 0.93681, Test Loss: 0.60957
w_l1: 0.021983491077815706, w_l2: 0.04018371740868163
m1: 0.902238314680711, m2: 0.07224598548634419. Saving the model
time used for this epoch: 8.743401288986206s
***********
Epoch    3, Train ACC: 0.72873, Train AUC: 0.73895, Train Loss: 0.60122
Epoch    3, Valid ACC: 0.72291, Valid AUC: 0.72362, Valid AUC Curr: 0.95007, Valid Loss: 0.63881
time used for this epoch: 6.354386806488037s
***********
Epoch    4, Train ACC: 0.73196, Train AUC: 0.74445, Train Loss: 0.59483
Epoch    4, Valid ACC: 0.72439, Valid AUC: 0.7337, Valid AUC Curr: 0.94418, Valid Loss: 0.63155*
Epoch    4, Test ACC: 0.73233, Test AUC: 0.76294, Test AUC Curr: 0.94667, Test Loss: 0.59713
w_l1: 0.021310747181728654, w_l2: 0.03980773778513511
m1: 0.8157998683344305, m2: 0.07409879497158597. Saving the model
time used for this epoch: 8.237621307373047s
***********
Epoch    5, Train ACC: 0.73323, Train AUC: 0.75111, Train Loss: 0.58947
Epoch    5, Valid ACC: 0.72465, Valid AUC: 0.73299, Valid AUC Curr: 0.94405, Valid Loss: 0.63092
time used for this epoch: 6.086548089981079s
***********
Epoch    6, Train ACC: 0.73546, Train AUC: 0.75489, Train Loss: 0.58522
Epoch    6, Valid ACC: 0.72551, Valid AUC: 0.73474, Valid AUC Curr: 0.9397, Valid Loss: 0.6302*
Epoch    6, Test ACC: 0.73277, Test AUC: 0.7628, Test AUC Curr: 0.94536, Test Loss: 0.59356
w_l1: 0.021214047405474806, w_l2: 0.03991415112040857
m1: 0.7560895325872284, m2: 0.07504459612557102. Saving the model
time used for this epoch: 8.692829847335815s
***********
Epoch    7, Train ACC: 0.73626, Train AUC: 0.75919, Train Loss: 0.58297
Epoch    7, Valid ACC: 0.7261, Valid AUC: 0.73488, Valid AUC Curr: 0.93711, Valid Loss: 0.63052*
Epoch    7, Test ACC: 0.73132, Test AUC: 0.76262, Test AUC Curr: 0.94156, Test Loss: 0.59259
w_l1: 0.021776201582663437, w_l2: 0.04098926300804285
m1: 0.7318630678077682, m2: 0.07387832388566308. Saving the model
time used for this epoch: 8.586967706680298s
***********
Epoch    8, Train ACC: 0.73747, Train AUC: 0.76215, Train Loss: 0.58036
Epoch    8, Valid ACC: 0.72666, Valid AUC: 0.73378, Valid AUC Curr: 0.94432, Valid Loss: 0.62883
time used for this epoch: 5.877612829208374s
***********
Epoch    9, Train ACC: 0.7384, Train AUC: 0.76489, Train Loss: 0.57786
Epoch    9, Valid ACC: 0.72495, Valid AUC: 0.73579, Valid AUC Curr: 0.94017, Valid Loss: 0.62945*
Epoch    9, Test ACC: 0.73244, Test AUC: 0.7646, Test AUC Curr: 0.94233, Test Loss: 0.5913
w_l1: 0.02168510799500507, w_l2: 0.04024355127376288
m1: 0.7011191573403555, m2: 0.07630641203008254. Saving the model
time used for this epoch: 8.626383543014526s
***********
Epoch   10, Train ACC: 0.74114, Train AUC: 0.76919, Train Loss: 0.57552
Epoch   10, Valid ACC: 0.72386, Valid AUC: 0.73481, Valid AUC Curr: 0.92923, Valid Loss: 0.63102
time used for this epoch: 6.423866271972656s
***********
Epoch   11, Train ACC: 0.74215, Train AUC: 0.77138, Train Loss: 0.57227
Epoch   11, Valid ACC: 0.72357, Valid AUC: 0.73317, Valid AUC Curr: 0.93938, Valid Loss: 0.63201
time used for this epoch: 6.276448488235474s
***********
Epoch   12, Train ACC: 0.74357, Train AUC: 0.77335, Train Loss: 0.57166
Epoch   12, Valid ACC: 0.72416, Valid AUC: 0.73545, Valid AUC Curr: 0.93676, Valid Loss: 0.62919
time used for this epoch: 6.05592942237854s
***********
Epoch   13, Train ACC: 0.74455, Train AUC: 0.7775, Train Loss: 0.56918
Epoch   13, Valid ACC: 0.72541, Valid AUC: 0.73133, Valid AUC Curr: 0.93383, Valid Loss: 0.63228
time used for this epoch: 6.194015979766846s
***********
Epoch   14, Train ACC: 0.74523, Train AUC: 0.77952, Train Loss: 0.56796
Epoch   14, Valid ACC: 0.72196, Valid AUC: 0.73351, Valid AUC Curr: 0.93104, Valid Loss: 0.63128
time used for this epoch: 6.189766883850098s
***********
Epoch   15, Train ACC: 0.74702, Train AUC: 0.78411, Train Loss: 0.56373
Epoch   15, Valid ACC: 0.72321, Valid AUC: 0.73211, Valid AUC Curr: 0.92859, Valid Loss: 0.63464
time used for this epoch: 6.3956618309021s
***********
Epoch   16, Train ACC: 0.74993, Train AUC: 0.78734, Train Loss: 0.56052
Epoch   16, Valid ACC: 0.72232, Valid AUC: 0.72918, Valid AUC Curr: 0.92895, Valid Loss: 0.63605
time used for this epoch: 6.114954233169556s
***********
Epoch   17, Train ACC: 0.75018, Train AUC: 0.78995, Train Loss: 0.55926
Epoch   17, Valid ACC: 0.72251, Valid AUC: 0.73115, Valid AUC Curr: 0.9179, Valid Loss: 0.63581
time used for this epoch: 6.09984016418457s
***********
Epoch   18, Train ACC: 0.75145, Train AUC: 0.7937, Train Loss: 0.55656
Epoch   18, Valid ACC: 0.72265, Valid AUC: 0.72969, Valid AUC Curr: 0.91989, Valid Loss: 0.63755
time used for this epoch: 6.051806688308716s
***********
Epoch   19, Train ACC: 0.75325, Train AUC: 0.7958, Train Loss: 0.5544
Epoch   19, Valid ACC: 0.72044, Valid AUC: 0.72992, Valid AUC Curr: 0.91662, Valid Loss: 0.63761
time used for this epoch: 6.282336950302124s
***********
No improvement shown in 10 epochs. Quit Training.
The best validation result occured at: 8-th epoch, with validation ACC: 0.72495 and AUC: 0.73579
The best testing result occured at: 8-th epoch, with testing ACC: 0.73244 and AUC: 0.7646
*********************************
Epoch    1, Train ACC: 0.67497, Train AUC: 0.65939, Train Loss: 0.66871
Epoch    1, Valid ACC: 0.70053, Valid AUC: 0.70007, Valid AUC Curr: 0.91756, Valid Loss: 0.66684*
Epoch    1, Test ACC: 0.70255, Test AUC: 0.72828, Test AUC Curr: 0.91242, Test Loss: 0.64273
w_l1: 0.019290725611666042, w_l2: 0.03521832376215731
m1: 0.8154707044107966, m2: 0.05674806816198074. Saving the model
time used for this epoch: 8.786772966384888s
***********
Epoch    2, Train ACC: 0.71866, Train AUC: 0.72505, Train Loss: 0.61448
Epoch    2, Valid ACC: 0.71972, Valid AUC: 0.72667, Valid AUC Curr: 0.93286, Valid Loss: 0.64113*
Epoch    2, Test ACC: 0.72534, Test AUC: 0.75535, Test AUC Curr: 0.93614, Test Loss: 0.60926
w_l1: 0.0207706677439789, w_l2: 0.03862113856866455
m1: 0.8807109940750494, m2: 0.06918144578542107. Saving the model
time used for this epoch: 8.659087896347046s
***********
Epoch    3, Train ACC: 0.72884, Train AUC: 0.74006, Train Loss: 0.60045
Epoch    3, Valid ACC: 0.72436, Valid AUC: 0.73025, Valid AUC Curr: 0.94201, Valid Loss: 0.63723*
Epoch    3, Test ACC: 0.72839, Test AUC: 0.75709, Test AUC Curr: 0.94297, Test Loss: 0.60618
w_l1: 0.020497412072401834, w_l2: 0.03852523362843022
m1: 0.8431204739960501, m2: 0.06883617073709514. Saving the model
time used for this epoch: 8.725473642349243s
***********
Epoch    4, Train ACC: 0.73215, Train AUC: 0.74655, Train Loss: 0.59372
Epoch    4, Valid ACC: 0.72459, Valid AUC: 0.73394, Valid AUC Curr: 0.93895, Valid Loss: 0.63291*
Epoch    4, Test ACC: 0.73079, Test AUC: 0.76109, Test AUC Curr: 0.94379, Test Loss: 0.59867
w_l1: 0.02144069530222293, w_l2: 0.040079002290640306
m1: 0.8471362738643845, m2: 0.07430423305095851. Saving the model
time used for this epoch: 8.822989225387573s
***********
Epoch    5, Train ACC: 0.7339, Train AUC: 0.75127, Train Loss: 0.58987
Epoch    5, Valid ACC: 0.7235, Valid AUC: 0.73203, Valid AUC Curr: 0.94732, Valid Loss: 0.63317
time used for this epoch: 6.281769514083862s
***********
Epoch    6, Train ACC: 0.73505, Train AUC: 0.75445, Train Loss: 0.58707
Epoch    6, Valid ACC: 0.72298, Valid AUC: 0.73193, Valid AUC Curr: 0.95101, Valid Loss: 0.63345
time used for this epoch: 6.205334424972534s
***********
Epoch    7, Train ACC: 0.73635, Train AUC: 0.75709, Train Loss: 0.58487
Epoch    7, Valid ACC: 0.72488, Valid AUC: 0.73357, Valid AUC Curr: 0.93616, Valid Loss: 0.6312
time used for this epoch: 6.226255178451538s
***********
Epoch    8, Train ACC: 0.73923, Train AUC: 0.76174, Train Loss: 0.58031
Epoch    8, Valid ACC: 0.72666, Valid AUC: 0.73523, Valid AUC Curr: 0.94117, Valid Loss: 0.62961*
Epoch    8, Test ACC: 0.73267, Test AUC: 0.76432, Test AUC Curr: 0.94719, Test Loss: 0.59266
w_l1: 0.02204909697855393, w_l2: 0.04095129451961076
m1: 0.7249506254114549, m2: 0.07627474969550918. Saving the model
time used for this epoch: 8.698234558105469s
***********
Epoch    9, Train ACC: 0.73904, Train AUC: 0.76518, Train Loss: 0.5774
Epoch    9, Valid ACC: 0.72475, Valid AUC: 0.7336, Valid AUC Curr: 0.941, Valid Loss: 0.6309
time used for this epoch: 6.220397233963013s
***********
Epoch   10, Train ACC: 0.73969, Train AUC: 0.76671, Train Loss: 0.5768
Epoch   10, Valid ACC: 0.72324, Valid AUC: 0.73348, Valid AUC Curr: 0.94254, Valid Loss: 0.62952
time used for this epoch: 6.1369993686676025s
***********
Epoch   11, Train ACC: 0.74159, Train AUC: 0.76974, Train Loss: 0.57462
Epoch   11, Valid ACC: 0.72623, Valid AUC: 0.73453, Valid AUC Curr: 0.93963, Valid Loss: 0.631
time used for this epoch: 6.345302581787109s
***********
Epoch   12, Train ACC: 0.74225, Train AUC: 0.77288, Train Loss: 0.57214
Epoch   12, Valid ACC: 0.72508, Valid AUC: 0.73728, Valid AUC Curr: 0.92842, Valid Loss: 0.62845*
Epoch   12, Test ACC: 0.73169, Test AUC: 0.76339, Test AUC Curr: 0.93541, Test Loss: 0.59374
w_l1: 0.02307465291936518, w_l2: 0.04215791042908209
m1: 0.6698485845951284, m2: 0.07362600452339595. Saving the model
time used for this epoch: 8.914278030395508s
***********
Epoch   13, Train ACC: 0.74278, Train AUC: 0.77515, Train Loss: 0.57098
Epoch   13, Valid ACC: 0.72265, Valid AUC: 0.73222, Valid AUC Curr: 0.93517, Valid Loss: 0.63032
time used for this epoch: 6.490580320358276s
***********
Epoch   14, Train ACC: 0.74579, Train AUC: 0.77852, Train Loss: 0.56875
Epoch   14, Valid ACC: 0.72354, Valid AUC: 0.73294, Valid AUC Curr: 0.92648, Valid Loss: 0.63062
time used for this epoch: 6.050239324569702s
***********
Epoch   15, Train ACC: 0.74576, Train AUC: 0.78129, Train Loss: 0.56635
Epoch   15, Valid ACC: 0.71945, Valid AUC: 0.7306, Valid AUC Curr: 0.9262, Valid Loss: 0.63062
time used for this epoch: 6.119511842727661s
***********
Epoch   16, Train ACC: 0.74717, Train AUC: 0.78449, Train Loss: 0.56408
Epoch   16, Valid ACC: 0.72472, Valid AUC: 0.73013, Valid AUC Curr: 0.92541, Valid Loss: 0.63256
time used for this epoch: 6.164243698120117s
***********
Epoch   17, Train ACC: 0.74886, Train AUC: 0.78834, Train Loss: 0.5608
Epoch   17, Valid ACC: 0.72301, Valid AUC: 0.73129, Valid AUC Curr: 0.91906, Valid Loss: 0.63228
time used for this epoch: 6.008051156997681s
***********
Epoch   18, Train ACC: 0.74955, Train AUC: 0.7904, Train Loss: 0.55856
Epoch   18, Valid ACC: 0.72235, Valid AUC: 0.72938, Valid AUC Curr: 0.92049, Valid Loss: 0.63431
time used for this epoch: 6.138032674789429s
***********
Epoch   19, Train ACC: 0.75094, Train AUC: 0.79311, Train Loss: 0.55738
Epoch   19, Valid ACC: 0.71758, Valid AUC: 0.72868, Valid AUC Curr: 0.91975, Valid Loss: 0.63795
time used for this epoch: 6.267824411392212s
***********
Epoch   20, Train ACC: 0.75386, Train AUC: 0.79759, Train Loss: 0.55308
Epoch   20, Valid ACC: 0.7184, Valid AUC: 0.72748, Valid AUC Curr: 0.90804, Valid Loss: 0.6391
time used for this epoch: 6.299386024475098s
***********
Epoch   21, Train ACC: 0.75412, Train AUC: 0.79987, Train Loss: 0.55197
Epoch   21, Valid ACC: 0.71942, Valid AUC: 0.72476, Valid AUC Curr: 0.90464, Valid Loss: 0.64214
time used for this epoch: 6.109035491943359s
***********
Epoch   22, Train ACC: 0.75796, Train AUC: 0.80419, Train Loss: 0.54732
Epoch   22, Valid ACC: 0.71791, Valid AUC: 0.72465, Valid AUC Curr: 0.90612, Valid Loss: 0.64019
time used for this epoch: 6.32331919670105s
***********
No improvement shown in 10 epochs. Quit Training.
The best validation result occured at: 11-th epoch, with validation ACC: 0.72508 and AUC: 0.73728
The best testing result occured at: 11-th epoch, with testing ACC: 0.73169 and AUC: 0.76339
*********************************
average validation ACC for 5 runs: 0.7259249506254115
average validation AUC for 5 runs: 0.736835697165602
average validation AUC Current for 5 runs: 0.9368376129984597

average waviness-l1 for 5 runs: 0.022421264734662237
average waviness-l2 for 5 runs: 0.04126817489547336
average consistency_m1 for 5 runs: 0.6949374588545095
average consistency_m1 for 5 runs: 0.07397156456099127

average test ACC for 5 runs: 0.732345967370917
average test AUC for 5 runs: 0.7631129813169515
average test AUC Current for 5 runs: 0.9400282174082812

latex: 
cell_type & num. layer & layer_structure & learning rate & keep prob. & $\lambda_o$ & $\lambda_{w_1}$ & $\lambda_{w_2}$ & Avg. ACC(N) & Avg. AUC(N) & Avg. AUC(C) & Avg. $w_1$ & Avg. $w_2$ & Avg. $m_1$ & Avg. $m_2$\\ 
LSTM & 1 & 200 & 0.0100 & 0.5000 & 0.1000 & 0.0030 & 3.0000 & 0.7259249506254115 $\pm$ 0.001184368207804168 & 0.736835697165602 $\pm$ 0.0005636255410076102 & 0.9368376129984597 $\pm$ 0.004828232685878262 & 0.022421264734662237 $\pm$ 0.0008559851441836584 & 0.04126817489547336 $\pm$ 0.0013291906689388742 & 0.6949374588545095 $\pm$ 0.039717041786769366 & 0.07397156456099127 $\pm$ 0.0014383184314579163\\ 

