Network Configuration:
batch_size: 128
hidden_layer_structure: [200]
learning_rate: 0.01
keep_prob: 0.5
rnn_cell: <class 'tensorflow.python.ops.rnn_cell_impl.LSTMCell'>
max_grad_norm: 5.0
lambda_w1: 0.003
lambda_w2: 3.0
lambda_o: 0.1
emb_layer: True
skill_separate_emb: False
expand_correct_dim: False
embedding_dims: 200
Num of problems: 105
Num of run: 5
Max num of run: 30
Keep Prob: 0.5
Epoch    1, Train ACC: 0.62553, Train AUC: 0.59343, Train Loss: 0.71459
Epoch    1, Valid ACC: 0.66024, Valid AUC: 0.65279, Valid AUC Curr: 0.81178, Valid Loss: 0.68792*
Epoch    1, Test ACC: 0.67408, Test AUC: 0.68381, Test AUC Curr: 0.81522, Test Loss: 0.67009
w_l1: 0.013705258608959854, w_l2: 0.025547557750383313
m1: 0.6391137764451108, m2: 0.04032026437666145. Saving the model
time used for this epoch: 7.561107635498047s
***********
Epoch    2, Train ACC: 0.69819, Train AUC: 0.69134, Train Loss: 0.6407
Epoch    2, Valid ACC: 0.71271, Valid AUC: 0.70754, Valid AUC Curr: 0.93253, Valid Loss: 0.64446*
Epoch    2, Test ACC: 0.71506, Test AUC: 0.73631, Test AUC Curr: 0.92741, Test Loss: 0.62288
w_l1: 0.019936906800684273, w_l2: 0.036767964503087724
m1: 0.8134599366983175, m2: 0.06445701069957352. Saving the model
time used for this epoch: 9.603981256484985s
***********
Epoch    3, Train ACC: 0.72333, Train AUC: 0.73073, Train Loss: 0.60814
Epoch    3, Valid ACC: 0.72091, Valid AUC: 0.72572, Valid AUC Curr: 0.9373, Valid Loss: 0.62664*
Epoch    3, Test ACC: 0.72593, Test AUC: 0.75675, Test AUC Curr: 0.93835, Test Loss: 0.6005
w_l1: 0.021103846040524857, w_l2: 0.03885480380208839
m1: 0.8648009328668999, m2: 0.07047371611423578. Saving the model
time used for this epoch: 9.504805564880371s
***********
Epoch    4, Train ACC: 0.72828, Train AUC: 0.74154, Train Loss: 0.59911
Epoch    4, Valid ACC: 0.7242, Valid AUC: 0.73055, Valid AUC Curr: 0.94266, Valid Loss: 0.62108*
Epoch    4, Test ACC: 0.73187, Test AUC: 0.76054, Test AUC Curr: 0.94459, Test Loss: 0.59731
w_l1: 0.020470634612832026, w_l2: 0.03866814489485414
m1: 0.8358820589705147, m2: 0.07136363609421359. Saving the model
time used for this epoch: 9.786982774734497s
***********
Epoch    5, Train ACC: 0.73102, Train AUC: 0.74784, Train Loss: 0.5928
Epoch    5, Valid ACC: 0.72474, Valid AUC: 0.73098, Valid AUC Curr: 0.94231, Valid Loss: 0.62109*
Epoch    5, Test ACC: 0.73134, Test AUC: 0.76199, Test AUC Curr: 0.94492, Test Loss: 0.5951
w_l1: 0.01988035614640373, w_l2: 0.03812343960754295
m1: 0.8050308179243711, m2: 0.0705609949463589. Saving the model
time used for this epoch: 9.489252090454102s
***********
Epoch    6, Train ACC: 0.73379, Train AUC: 0.75203, Train Loss: 0.58919
Epoch    6, Valid ACC: 0.72627, Valid AUC: 0.7311, Valid AUC Curr: 0.93327, Valid Loss: 0.62016*
Epoch    6, Test ACC: 0.73289, Test AUC: 0.75986, Test AUC Curr: 0.93678, Test Loss: 0.59282
w_l1: 0.021528837393384882, w_l2: 0.04136713972014516
m1: 0.7519240379810095, m2: 0.07207094579662023. Saving the model
time used for this epoch: 9.583906650543213s
***********
Epoch    7, Train ACC: 0.73453, Train AUC: 0.75579, Train Loss: 0.58589
Epoch    7, Valid ACC: 0.72574, Valid AUC: 0.73321, Valid AUC Curr: 0.93741, Valid Loss: 0.61894*
Epoch    7, Test ACC: 0.72932, Test AUC: 0.76124, Test AUC Curr: 0.94215, Test Loss: 0.59182
w_l1: 0.020706142835349085, w_l2: 0.03868479737528418
m1: 0.7218057637847742, m2: 0.0748643469020126. Saving the model
time used for this epoch: 9.672544002532959s
***********
Epoch    8, Train ACC: 0.73607, Train AUC: 0.75983, Train Loss: 0.58312
Epoch    8, Valid ACC: 0.7264, Valid AUC: 0.73118, Valid AUC Curr: 0.93265, Valid Loss: 0.61837
time used for this epoch: 7.612417697906494s
***********
Epoch    9, Train ACC: 0.73846, Train AUC: 0.76171, Train Loss: 0.58054
Epoch    9, Valid ACC: 0.7262, Valid AUC: 0.73322, Valid AUC Curr: 0.94386, Valid Loss: 0.61716*
Epoch    9, Test ACC: 0.73148, Test AUC: 0.76097, Test AUC Curr: 0.94779, Test Loss: 0.58974
w_l1: 0.02167215509152057, w_l2: 0.04000943309821452
m1: 0.6925537231384308, m2: 0.07679500388102235. Saving the model
time used for this epoch: 9.57711672782898s
***********
Epoch   10, Train ACC: 0.73797, Train AUC: 0.76462, Train Loss: 0.57878
Epoch   10, Valid ACC: 0.7279, Valid AUC: 0.73319, Valid AUC Curr: 0.93123, Valid Loss: 0.61943
time used for this epoch: 7.542750597000122s
***********
Epoch   11, Train ACC: 0.73902, Train AUC: 0.76751, Train Loss: 0.57703
Epoch   11, Valid ACC: 0.72724, Valid AUC: 0.7352, Valid AUC Curr: 0.93775, Valid Loss: 0.61843*
Epoch   11, Test ACC: 0.73068, Test AUC: 0.76256, Test AUC Curr: 0.94226, Test Loss: 0.59108
w_l1: 0.021311163682442496, w_l2: 0.03971093571881989
m1: 0.6649008828918874, m2: 0.07357557197223201. Saving the model
time used for this epoch: 9.916362047195435s
***********
Epoch   12, Train ACC: 0.74015, Train AUC: 0.76992, Train Loss: 0.57471
Epoch   12, Valid ACC: 0.72634, Valid AUC: 0.73565, Valid AUC Curr: 0.93253, Valid Loss: 0.61606*
Epoch   12, Test ACC: 0.73034, Test AUC: 0.76236, Test AUC Curr: 0.94042, Test Loss: 0.58975
w_l1: 0.02157802758851637, w_l2: 0.03955307092681886
m1: 0.6497751124437781, m2: 0.0717903390608687. Saving the model
time used for this epoch: 9.649569034576416s
***********
Epoch   13, Train ACC: 0.74205, Train AUC: 0.77344, Train Loss: 0.57168
Epoch   13, Valid ACC: 0.72414, Valid AUC: 0.73107, Valid AUC Curr: 0.92899, Valid Loss: 0.62102
time used for this epoch: 7.325304985046387s
***********
Epoch   14, Train ACC: 0.74397, Train AUC: 0.77637, Train Loss: 0.5704
Epoch   14, Valid ACC: 0.72527, Valid AUC: 0.73428, Valid AUC Curr: 0.93273, Valid Loss: 0.61753
time used for this epoch: 7.498302221298218s
***********
Epoch   15, Train ACC: 0.74426, Train AUC: 0.77883, Train Loss: 0.5675
Epoch   15, Valid ACC: 0.72687, Valid AUC: 0.73667, Valid AUC Curr: 0.92049, Valid Loss: 0.61852*
Epoch   15, Test ACC: 0.73143, Test AUC: 0.7612, Test AUC Curr: 0.92687, Test Loss: 0.59203
w_l1: 0.022785777042288638, w_l2: 0.041661114434494086
m1: 0.6146593369981675, m2: 0.06707854045742098. Saving the model
time used for this epoch: 9.782777547836304s
***********
Epoch   16, Train ACC: 0.74589, Train AUC: 0.78266, Train Loss: 0.56485
Epoch   16, Valid ACC: 0.7256, Valid AUC: 0.73502, Valid AUC Curr: 0.92205, Valid Loss: 0.61859
time used for this epoch: 7.421801328659058s
***********
Epoch   17, Train ACC: 0.74838, Train AUC: 0.78561, Train Loss: 0.56237
Epoch   17, Valid ACC: 0.72367, Valid AUC: 0.73228, Valid AUC Curr: 0.92244, Valid Loss: 0.6216
time used for this epoch: 7.279707431793213s
***********
Epoch   18, Train ACC: 0.74916, Train AUC: 0.78925, Train Loss: 0.56088
Epoch   18, Valid ACC: 0.72187, Valid AUC: 0.73181, Valid AUC Curr: 0.92002, Valid Loss: 0.62326
time used for this epoch: 7.45409893989563s
***********
Epoch   19, Train ACC: 0.74852, Train AUC: 0.78804, Train Loss: 0.5617
Epoch   19, Valid ACC: 0.72317, Valid AUC: 0.73069, Valid AUC Curr: 0.91208, Valid Loss: 0.62685
time used for this epoch: 6.971206188201904s
***********
Epoch   20, Train ACC: 0.74896, Train AUC: 0.79152, Train Loss: 0.55939
Epoch   20, Valid ACC: 0.72314, Valid AUC: 0.7314, Valid AUC Curr: 0.90896, Valid Loss: 0.62435
time used for this epoch: 7.313867568969727s
***********
Epoch   21, Train ACC: 0.75269, Train AUC: 0.79629, Train Loss: 0.55434
Epoch   21, Valid ACC: 0.72061, Valid AUC: 0.72995, Valid AUC Curr: 0.91268, Valid Loss: 0.62508
time used for this epoch: 7.303604602813721s
***********
Epoch   22, Train ACC: 0.75524, Train AUC: 0.80088, Train Loss: 0.55075
Epoch   22, Valid ACC: 0.72121, Valid AUC: 0.73003, Valid AUC Curr: 0.90298, Valid Loss: 0.62785
time used for this epoch: 7.521050930023193s
***********
Epoch   23, Train ACC: 0.75591, Train AUC: 0.8037, Train Loss: 0.54921
Epoch   23, Valid ACC: 0.71674, Valid AUC: 0.72365, Valid AUC Curr: 0.90602, Valid Loss: 0.63126
time used for this epoch: 7.399327516555786s
***********
Epoch   24, Train ACC: 0.75613, Train AUC: 0.80466, Train Loss: 0.54829
Epoch   24, Valid ACC: 0.72131, Valid AUC: 0.72653, Valid AUC Curr: 0.90687, Valid Loss: 0.62991
time used for this epoch: 7.267091512680054s
***********
Epoch   25, Train ACC: 0.75945, Train AUC: 0.8089, Train Loss: 0.5449
Epoch   25, Valid ACC: 0.71834, Valid AUC: 0.72466, Valid AUC Curr: 0.895, Valid Loss: 0.63563
time used for this epoch: 7.48097562789917s
***********
No improvement shown in 10 epochs. Quit Training.
The best validation result occured at: 14-th epoch, with validation ACC: 0.72687 and AUC: 0.73667
The best testing result occured at: 14-th epoch, with testing ACC: 0.73143 and AUC: 0.7612
*********************************
Epoch    1, Train ACC: 0.68233, Train AUC: 0.67127, Train Loss: 0.6582
Epoch    1, Valid ACC: 0.71967, Valid AUC: 0.72272, Valid AUC Curr: 0.9281, Valid Loss: 0.63348*
Epoch    1, Test ACC: 0.72279, Test AUC: 0.74868, Test AUC Curr: 0.92487, Test Loss: 0.61273
w_l1: 0.022988617455594534, w_l2: 0.041264224070215086
m1: 0.8685990338164251, m2: 0.06366635201554408. Saving the model
time used for this epoch: 9.68150520324707s
***********
Epoch    2, Train ACC: 0.72365, Train AUC: 0.73099, Train Loss: 0.608
Epoch    2, Valid ACC: 0.72527, Valid AUC: 0.73303, Valid AUC Curr: 0.93295, Valid Loss: 0.62117*
Epoch    2, Test ACC: 0.73023, Test AUC: 0.75795, Test AUC Curr: 0.93514, Test Loss: 0.59779
w_l1: 0.021215138250399897, w_l2: 0.03956885275633031
m1: 0.8688655672163919, m2: 0.07144950300817507. Saving the model
time used for this epoch: 9.705856561660767s
***********
Epoch    3, Train ACC: 0.7299, Train AUC: 0.74343, Train Loss: 0.59738
Epoch    3, Valid ACC: 0.7263, Valid AUC: 0.73286, Valid AUC Curr: 0.93736, Valid Loss: 0.61777
time used for this epoch: 7.647588729858398s
***********
Epoch    4, Train ACC: 0.73294, Train AUC: 0.74909, Train Loss: 0.59213
Epoch    4, Valid ACC: 0.72567, Valid AUC: 0.73341, Valid AUC Curr: 0.94914, Valid Loss: 0.61598*
Epoch    4, Test ACC: 0.73219, Test AUC: 0.76347, Test AUC Curr: 0.94816, Test Loss: 0.59058
w_l1: 0.020473740455809394, w_l2: 0.03823143866654319
m1: 0.7840413126769948, m2: 0.07513582538748192. Saving the model
time used for this epoch: 9.58970308303833s
***********
Epoch    5, Train ACC: 0.73409, Train AUC: 0.75406, Train Loss: 0.58807
Epoch    5, Valid ACC: 0.7264, Valid AUC: 0.73648, Valid AUC Curr: 0.94607, Valid Loss: 0.6148*
Epoch    5, Test ACC: 0.73276, Test AUC: 0.76495, Test AUC Curr: 0.95022, Test Loss: 0.58914
w_l1: 0.020763688329958317, w_l2: 0.038480282810446895
m1: 0.7478927203065134, m2: 0.07656981221600491. Saving the model
time used for this epoch: 9.696729898452759s
***********
Epoch    6, Train ACC: 0.73511, Train AUC: 0.75785, Train Loss: 0.58402
Epoch    6, Valid ACC: 0.7265, Valid AUC: 0.73799, Valid AUC Curr: 0.93086, Valid Loss: 0.61666*
Epoch    6, Test ACC: 0.73191, Test AUC: 0.76707, Test AUC Curr: 0.93665, Test Loss: 0.58731
w_l1: 0.019928583337050932, w_l2: 0.037663712520220084
m1: 0.7488922205563885, m2: 0.06995153167973393. Saving the model
time used for this epoch: 9.632932662963867s
***********
Epoch    7, Train ACC: 0.73796, Train AUC: 0.76107, Train Loss: 0.58181
Epoch    7, Valid ACC: 0.7271, Valid AUC: 0.73612, Valid AUC Curr: 0.93513, Valid Loss: 0.61498
time used for this epoch: 7.514010429382324s
***********
Epoch    8, Train ACC: 0.73842, Train AUC: 0.76372, Train Loss: 0.58053
Epoch    8, Valid ACC: 0.72744, Valid AUC: 0.73564, Valid AUC Curr: 0.93107, Valid Loss: 0.61598
time used for this epoch: 7.453042984008789s
***********
Epoch    9, Train ACC: 0.73923, Train AUC: 0.7663, Train Loss: 0.57802
Epoch    9, Valid ACC: 0.7269, Valid AUC: 0.73808, Valid AUC Curr: 0.9323, Valid Loss: 0.61427*
Epoch    9, Test ACC: 0.73283, Test AUC: 0.76451, Test AUC Curr: 0.93841, Test Loss: 0.58798
w_l1: 0.021189301912608628, w_l2: 0.0386710514221561
m1: 0.6667666166916542, m2: 0.07167138622419925. Saving the model
time used for this epoch: 9.44133996963501s
***********
Epoch   10, Train ACC: 0.74063, Train AUC: 0.76992, Train Loss: 0.57552
Epoch   10, Valid ACC: 0.72914, Valid AUC: 0.73808, Valid AUC Curr: 0.94162, Valid Loss: 0.61276*
Epoch   10, Test ACC: 0.7323, Test AUC: 0.76448, Test AUC Curr: 0.94926, Test Loss: 0.58586
w_l1: 0.02146039122218798, w_l2: 0.03982064913420384
m1: 0.680359820089955, m2: 0.07549771255758153. Saving the model
time used for this epoch: 9.731480598449707s
***********
Epoch   11, Train ACC: 0.74153, Train AUC: 0.7723, Train Loss: 0.57345
Epoch   11, Valid ACC: 0.7253, Valid AUC: 0.73746, Valid AUC Curr: 0.93344, Valid Loss: 0.61458
time used for this epoch: 7.699186563491821s
***********
Epoch   12, Train ACC: 0.74313, Train AUC: 0.77588, Train Loss: 0.57088
Epoch   12, Valid ACC: 0.72647, Valid AUC: 0.73758, Valid AUC Curr: 0.93185, Valid Loss: 0.61407
time used for this epoch: 7.396373271942139s
***********
Epoch   13, Train ACC: 0.74321, Train AUC: 0.77679, Train Loss: 0.57113
Epoch   13, Valid ACC: 0.72224, Valid AUC: 0.7319, Valid AUC Curr: 0.92856, Valid Loss: 0.61964
time used for this epoch: 7.428112506866455s
***********
Epoch   14, Train ACC: 0.74421, Train AUC: 0.77926, Train Loss: 0.56827
Epoch   14, Valid ACC: 0.7238, Valid AUC: 0.73364, Valid AUC Curr: 0.92008, Valid Loss: 0.61823
time used for this epoch: 7.3305041790008545s
***********
Epoch   15, Train ACC: 0.74676, Train AUC: 0.78372, Train Loss: 0.56368
Epoch   15, Valid ACC: 0.72724, Valid AUC: 0.7339, Valid AUC Curr: 0.92518, Valid Loss: 0.61775
time used for this epoch: 7.357192039489746s
***********
Epoch   16, Train ACC: 0.74891, Train AUC: 0.78764, Train Loss: 0.56281
Epoch   16, Valid ACC: 0.72647, Valid AUC: 0.73535, Valid AUC Curr: 0.91871, Valid Loss: 0.61886
time used for this epoch: 7.375234127044678s
***********
Epoch   17, Train ACC: 0.74937, Train AUC: 0.78999, Train Loss: 0.55885
Epoch   17, Valid ACC: 0.72494, Valid AUC: 0.73198, Valid AUC Curr: 0.92036, Valid Loss: 0.62046
time used for this epoch: 7.456902027130127s
***********
Epoch   18, Train ACC: 0.75169, Train AUC: 0.79333, Train Loss: 0.557
Epoch   18, Valid ACC: 0.72577, Valid AUC: 0.73133, Valid AUC Curr: 0.91132, Valid Loss: 0.62227
time used for this epoch: 7.263871431350708s
***********
Epoch   19, Train ACC: 0.75203, Train AUC: 0.79691, Train Loss: 0.55463
Epoch   19, Valid ACC: 0.7258, Valid AUC: 0.72998, Valid AUC Curr: 0.90913, Valid Loss: 0.62437
time used for this epoch: 7.389171123504639s
***********
Epoch   20, Train ACC: 0.75581, Train AUC: 0.79952, Train Loss: 0.55301
Epoch   20, Valid ACC: 0.7234, Valid AUC: 0.72834, Valid AUC Curr: 0.90264, Valid Loss: 0.62831
time used for this epoch: 7.414559602737427s
***********
No improvement shown in 10 epochs. Quit Training.
The best validation result occured at: 9-th epoch, with validation ACC: 0.72914 and AUC: 0.73808
The best testing result occured at: 9-th epoch, with testing ACC: 0.7323 and AUC: 0.76448
*********************************
Epoch    1, Train ACC: 0.68815, Train AUC: 0.67735, Train Loss: 0.65334
Epoch    1, Valid ACC: 0.71548, Valid AUC: 0.72005, Valid AUC Curr: 0.92432, Valid Loss: 0.63698*
Epoch    1, Test ACC: 0.71956, Test AUC: 0.74762, Test AUC Curr: 0.91999, Test Loss: 0.61479
w_l1: 0.020658338155243584, w_l2: 0.037645762323942636
m1: 0.8668665667166416, m2: 0.06151060663460295. Saving the model
time used for this epoch: 9.521880865097046s
***********
Epoch    2, Train ACC: 0.71998, Train AUC: 0.7276, Train Loss: 0.61484
Epoch    2, Valid ACC: 0.72021, Valid AUC: 0.72513, Valid AUC Curr: 0.928, Valid Loss: 0.62643*
Epoch    2, Test ACC: 0.72243, Test AUC: 0.75373, Test AUC Curr: 0.93097, Test Loss: 0.60193
w_l1: 0.01958819281942, w_l2: 0.03623192510000495
m1: 0.8779610194902548, m2: 0.07160759644073068. Saving the model
time used for this epoch: 9.594328880310059s
***********
Epoch    3, Train ACC: 0.72664, Train AUC: 0.73852, Train Loss: 0.60043
Epoch    3, Valid ACC: 0.72434, Valid AUC: 0.73038, Valid AUC Curr: 0.94587, Valid Loss: 0.62082*
Epoch    3, Test ACC: 0.73082, Test AUC: 0.75629, Test AUC Curr: 0.94652, Test Loss: 0.59524
w_l1: 0.02115227223500841, w_l2: 0.03927006386724324
m1: 0.8729635182408796, m2: 0.07676034619485302. Saving the model
time used for this epoch: 9.673214435577393s
***********
Epoch    4, Train ACC: 0.7303, Train AUC: 0.7468, Train Loss: 0.59295
Epoch    4, Valid ACC: 0.7265, Valid AUC: 0.73351, Valid AUC Curr: 0.94469, Valid Loss: 0.61711*
Epoch    4, Test ACC: 0.73043, Test AUC: 0.75974, Test AUC Curr: 0.94687, Test Loss: 0.59327
w_l1: 0.01969555324289383, w_l2: 0.037016408685897985
m1: 0.7964351157754456, m2: 0.07444104028308111. Saving the model
time used for this epoch: 9.445242643356323s
***********
Epoch    5, Train ACC: 0.73334, Train AUC: 0.75257, Train Loss: 0.58797
Epoch    5, Valid ACC: 0.72664, Valid AUC: 0.73412, Valid AUC Curr: 0.94195, Valid Loss: 0.61759*
Epoch    5, Test ACC: 0.73105, Test AUC: 0.75929, Test AUC Curr: 0.94477, Test Loss: 0.59393
w_l1: 0.018618953696368273, w_l2: 0.03560947132617563
m1: 0.7608529068798934, m2: 0.07072520665818208. Saving the model
time used for this epoch: 9.229145288467407s
***********
Epoch    6, Train ACC: 0.73527, Train AUC: 0.75552, Train Loss: 0.58683
Epoch    6, Valid ACC: 0.72514, Valid AUC: 0.73263, Valid AUC Curr: 0.93684, Valid Loss: 0.61741
time used for this epoch: 7.231593608856201s
***********
Epoch    7, Train ACC: 0.73694, Train AUC: 0.75966, Train Loss: 0.58147
Epoch    7, Valid ACC: 0.7265, Valid AUC: 0.73418, Valid AUC Curr: 0.9402, Valid Loss: 0.61754*
Epoch    7, Test ACC: 0.73307, Test AUC: 0.76358, Test AUC Curr: 0.94555, Test Loss: 0.58873
w_l1: 0.02043114314211785, w_l2: 0.03824974263292165
m1: 0.7285357321339331, m2: 0.0762827024268405. Saving the model
time used for this epoch: 9.20618987083435s
***********
Epoch    8, Train ACC: 0.73688, Train AUC: 0.76122, Train Loss: 0.58234
Epoch    8, Valid ACC: 0.72874, Valid AUC: 0.73284, Valid AUC Curr: 0.95021, Valid Loss: 0.61586
time used for this epoch: 7.001896858215332s
***********
Epoch    9, Train ACC: 0.73916, Train AUC: 0.76589, Train Loss: 0.57819
Epoch    9, Valid ACC: 0.72197, Valid AUC: 0.73348, Valid AUC Curr: 0.93202, Valid Loss: 0.61794
time used for this epoch: 7.1827497482299805s
***********
Epoch   10, Train ACC: 0.73864, Train AUC: 0.76823, Train Loss: 0.57644
Epoch   10, Valid ACC: 0.72714, Valid AUC: 0.73293, Valid AUC Curr: 0.93122, Valid Loss: 0.61817
time used for this epoch: 7.169794082641602s
***********
Epoch   11, Train ACC: 0.74016, Train AUC: 0.77068, Train Loss: 0.57355
Epoch   11, Valid ACC: 0.7272, Valid AUC: 0.7343, Valid AUC Curr: 0.93293, Valid Loss: 0.61716*
Epoch   11, Test ACC: 0.73089, Test AUC: 0.76141, Test AUC Curr: 0.94026, Test Loss: 0.58749
w_l1: 0.020744970284274983, w_l2: 0.03832976153175473
m1: 0.636848242545394, m2: 0.07280985544805385. Saving the model
time used for this epoch: 9.54137134552002s
***********
Epoch   12, Train ACC: 0.74222, Train AUC: 0.77386, Train Loss: 0.5721
Epoch   12, Valid ACC: 0.72677, Valid AUC: 0.73389, Valid AUC Curr: 0.93209, Valid Loss: 0.61694
time used for this epoch: 7.267747163772583s
***********
Epoch   13, Train ACC: 0.74264, Train AUC: 0.77707, Train Loss: 0.57048
Epoch   13, Valid ACC: 0.72637, Valid AUC: 0.73347, Valid AUC Curr: 0.931, Valid Loss: 0.61793
time used for this epoch: 7.3251121044158936s
***********
Epoch   14, Train ACC: 0.74456, Train AUC: 0.78053, Train Loss: 0.56598
Epoch   14, Valid ACC: 0.7271, Valid AUC: 0.73812, Valid AUC Curr: 0.91956, Valid Loss: 0.61604*
Epoch   14, Test ACC: 0.731, Test AUC: 0.762, Test AUC Curr: 0.92712, Test Loss: 0.59097
w_l1: 0.022652515118892585, w_l2: 0.04139456510974727
m1: 0.604464434449442, m2: 0.07099668268320979. Saving the model
time used for this epoch: 9.471920013427734s
***********
Epoch   15, Train ACC: 0.74612, Train AUC: 0.78269, Train Loss: 0.56626
Epoch   15, Valid ACC: 0.72424, Valid AUC: 0.73369, Valid AUC Curr: 0.9244, Valid Loss: 0.62057
time used for this epoch: 7.287964344024658s
***********
Epoch   16, Train ACC: 0.7477, Train AUC: 0.78539, Train Loss: 0.56186
Epoch   16, Valid ACC: 0.7241, Valid AUC: 0.73527, Valid AUC Curr: 0.92042, Valid Loss: 0.61996
time used for this epoch: 7.139949321746826s
***********
Epoch   17, Train ACC: 0.74976, Train AUC: 0.78922, Train Loss: 0.55976
Epoch   17, Valid ACC: 0.72654, Valid AUC: 0.73478, Valid AUC Curr: 0.92294, Valid Loss: 0.61858
time used for this epoch: 7.218007802963257s
***********
Epoch   18, Train ACC: 0.75072, Train AUC: 0.79079, Train Loss: 0.55923
Epoch   18, Valid ACC: 0.72281, Valid AUC: 0.73125, Valid AUC Curr: 0.91371, Valid Loss: 0.6249
time used for this epoch: 7.335728168487549s
***********
Epoch   19, Train ACC: 0.75256, Train AUC: 0.79565, Train Loss: 0.55476
Epoch   19, Valid ACC: 0.72337, Valid AUC: 0.72941, Valid AUC Curr: 0.91489, Valid Loss: 0.6256
time used for this epoch: 7.223819255828857s
***********
Epoch   20, Train ACC: 0.75467, Train AUC: 0.79794, Train Loss: 0.55381
Epoch   20, Valid ACC: 0.72024, Valid AUC: 0.72692, Valid AUC Curr: 0.90928, Valid Loss: 0.62856
time used for this epoch: 7.051945209503174s
***********
Epoch   21, Train ACC: 0.7552, Train AUC: 0.80048, Train Loss: 0.55118
Epoch   21, Valid ACC: 0.71994, Valid AUC: 0.72934, Valid AUC Curr: 0.90794, Valid Loss: 0.62672
time used for this epoch: 7.3910603523254395s
***********
Epoch   22, Train ACC: 0.7574, Train AUC: 0.80457, Train Loss: 0.54767
Epoch   22, Valid ACC: 0.71941, Valid AUC: 0.72682, Valid AUC Curr: 0.90703, Valid Loss: 0.6328
time used for this epoch: 6.894185781478882s
***********
Epoch   23, Train ACC: 0.75915, Train AUC: 0.8069, Train Loss: 0.5463
Epoch   23, Valid ACC: 0.72127, Valid AUC: 0.72793, Valid AUC Curr: 0.90111, Valid Loss: 0.63246
time used for this epoch: 7.115948438644409s
***********
Epoch   24, Train ACC: 0.76132, Train AUC: 0.81095, Train Loss: 0.54271
Epoch   24, Valid ACC: 0.72001, Valid AUC: 0.72753, Valid AUC Curr: 0.90225, Valid Loss: 0.63352
time used for this epoch: 7.334360122680664s
***********
No improvement shown in 10 epochs. Quit Training.
The best validation result occured at: 13-th epoch, with validation ACC: 0.7271 and AUC: 0.73812
The best testing result occured at: 13-th epoch, with testing ACC: 0.731 and AUC: 0.762
*********************************
Epoch    1, Train ACC: 0.68829, Train AUC: 0.67998, Train Loss: 0.65235
Epoch    1, Valid ACC: 0.71534, Valid AUC: 0.71332, Valid AUC Curr: 0.93431, Valid Loss: 0.63791*
Epoch    1, Test ACC: 0.71877, Test AUC: 0.73826, Test AUC Curr: 0.93658, Test Loss: 0.61864
w_l1: 0.020761918280856696, w_l2: 0.03784282934385087
m1: 0.8566050308179244, m2: 0.06816549928371417. Saving the model
time used for this epoch: 9.542200803756714s
***********
Epoch    2, Train ACC: 0.723, Train AUC: 0.73291, Train Loss: 0.60646
Epoch    2, Valid ACC: 0.72344, Valid AUC: 0.72888, Valid AUC Curr: 0.93769, Valid Loss: 0.62413*
Epoch    2, Test ACC: 0.72866, Test AUC: 0.75479, Test AUC Curr: 0.9411, Test Loss: 0.60106
w_l1: 0.021004961105784033, w_l2: 0.039076748889842375
m1: 0.8828918873896385, m2: 0.07447880483579183. Saving the model
time used for this epoch: 9.529824018478394s
***********
Epoch    3, Train ACC: 0.72763, Train AUC: 0.74172, Train Loss: 0.59761
Epoch    3, Valid ACC: 0.72154, Valid AUC: 0.72799, Valid AUC Curr: 0.9446, Valid Loss: 0.62316
time used for this epoch: 7.521958112716675s
***********
Epoch    4, Train ACC: 0.73023, Train AUC: 0.74417, Train Loss: 0.59615
Epoch    4, Valid ACC: 0.72744, Valid AUC: 0.73179, Valid AUC Curr: 0.94635, Valid Loss: 0.61797*
Epoch    4, Test ACC: 0.73339, Test AUC: 0.76102, Test AUC Curr: 0.94694, Test Loss: 0.59406
w_l1: 0.019535964149296484, w_l2: 0.036560978728904195
m1: 0.8031650841246044, m2: 0.07566882242724317. Saving the model
time used for this epoch: 9.750954627990723s
***********
Epoch    5, Train ACC: 0.73321, Train AUC: 0.75121, Train Loss: 0.59024
Epoch    5, Valid ACC: 0.72234, Valid AUC: 0.73302, Valid AUC Curr: 0.94145, Valid Loss: 0.61801*
Epoch    5, Test ACC: 0.73053, Test AUC: 0.76106, Test AUC Curr: 0.94397, Test Loss: 0.59123
w_l1: 0.019250052988676387, w_l2: 0.035420252790760415
m1: 0.7461935698817258, m2: 0.07570939108508438. Saving the model
time used for this epoch: 9.621187686920166s
***********
Epoch    6, Train ACC: 0.73423, Train AUC: 0.75519, Train Loss: 0.58667
Epoch    6, Valid ACC: 0.72714, Valid AUC: 0.73276, Valid AUC Curr: 0.94195, Valid Loss: 0.61797
time used for this epoch: 7.115957975387573s
***********
Epoch    7, Train ACC: 0.73607, Train AUC: 0.75867, Train Loss: 0.58435
Epoch    7, Valid ACC: 0.72617, Valid AUC: 0.73261, Valid AUC Curr: 0.94622, Valid Loss: 0.61731
time used for this epoch: 7.136330842971802s
***********
Epoch    8, Train ACC: 0.73789, Train AUC: 0.76163, Train Loss: 0.58151
Epoch    8, Valid ACC: 0.7261, Valid AUC: 0.73475, Valid AUC Curr: 0.94248, Valid Loss: 0.61613*
Epoch    8, Test ACC: 0.73128, Test AUC: 0.76468, Test AUC Curr: 0.94751, Test Loss: 0.58756
w_l1: 0.02012892582892507, w_l2: 0.036981502149414064
m1: 0.6788938863901383, m2: 0.07606490979328884. Saving the model
time used for this epoch: 9.448493242263794s
***********
Epoch    9, Train ACC: 0.73912, Train AUC: 0.76513, Train Loss: 0.57801
Epoch    9, Valid ACC: 0.72594, Valid AUC: 0.73452, Valid AUC Curr: 0.93405, Valid Loss: 0.61689
time used for this epoch: 7.273004055023193s
***********
Epoch   10, Train ACC: 0.74079, Train AUC: 0.76928, Train Loss: 0.57477
Epoch   10, Valid ACC: 0.72617, Valid AUC: 0.73583, Valid AUC Curr: 0.93324, Valid Loss: 0.61677*
Epoch   10, Test ACC: 0.73035, Test AUC: 0.76177, Test AUC Curr: 0.93782, Test Loss: 0.58983
w_l1: 0.02073048867136906, w_l2: 0.038093841336904126
m1: 0.6749292020656339, m2: 0.07492299640792302. Saving the model
time used for this epoch: 9.2179856300354s
***********
Epoch   11, Train ACC: 0.74047, Train AUC: 0.77134, Train Loss: 0.57428
Epoch   11, Valid ACC: 0.72687, Valid AUC: 0.73427, Valid AUC Curr: 0.93148, Valid Loss: 0.61732
time used for this epoch: 6.931601285934448s
***********
Epoch   12, Train ACC: 0.74219, Train AUC: 0.77365, Train Loss: 0.57177
Epoch   12, Valid ACC: 0.72537, Valid AUC: 0.73358, Valid AUC Curr: 0.92898, Valid Loss: 0.61814
time used for this epoch: 7.225130319595337s
***********
Epoch   13, Train ACC: 0.74186, Train AUC: 0.77607, Train Loss: 0.57163
Epoch   13, Valid ACC: 0.7258, Valid AUC: 0.73485, Valid AUC Curr: 0.93656, Valid Loss: 0.61605
time used for this epoch: 7.258886098861694s
***********
Epoch   14, Train ACC: 0.74405, Train AUC: 0.77831, Train Loss: 0.56871
Epoch   14, Valid ACC: 0.72507, Valid AUC: 0.7332, Valid AUC Curr: 0.93464, Valid Loss: 0.62003
time used for this epoch: 7.278088092803955s
***********
Epoch   15, Train ACC: 0.74503, Train AUC: 0.781, Train Loss: 0.56674
Epoch   15, Valid ACC: 0.72637, Valid AUC: 0.73439, Valid AUC Curr: 0.92898, Valid Loss: 0.61985
time used for this epoch: 7.259702205657959s
***********
Epoch   16, Train ACC: 0.74666, Train AUC: 0.78499, Train Loss: 0.56282
Epoch   16, Valid ACC: 0.72504, Valid AUC: 0.7332, Valid AUC Curr: 0.92731, Valid Loss: 0.62032
time used for this epoch: 7.431646108627319s
***********
Epoch   17, Train ACC: 0.74847, Train AUC: 0.78878, Train Loss: 0.56059
Epoch   17, Valid ACC: 0.72377, Valid AUC: 0.73035, Valid AUC Curr: 0.91823, Valid Loss: 0.62208
time used for this epoch: 7.286279678344727s
***********
Epoch   18, Train ACC: 0.74946, Train AUC: 0.79043, Train Loss: 0.55908
Epoch   18, Valid ACC: 0.72291, Valid AUC: 0.73121, Valid AUC Curr: 0.92216, Valid Loss: 0.62287
time used for this epoch: 7.239620208740234s
***********
Epoch   19, Train ACC: 0.75274, Train AUC: 0.79526, Train Loss: 0.55594
Epoch   19, Valid ACC: 0.72101, Valid AUC: 0.73126, Valid AUC Curr: 0.91643, Valid Loss: 0.62533
time used for this epoch: 7.26543402671814s
***********
Epoch   20, Train ACC: 0.75285, Train AUC: 0.79701, Train Loss: 0.5543
Epoch   20, Valid ACC: 0.72157, Valid AUC: 0.73085, Valid AUC Curr: 0.91086, Valid Loss: 0.62608
time used for this epoch: 7.37838077545166s
***********
No improvement shown in 10 epochs. Quit Training.
The best validation result occured at: 9-th epoch, with validation ACC: 0.72617 and AUC: 0.73583
The best testing result occured at: 9-th epoch, with testing ACC: 0.73035 and AUC: 0.76177
*********************************
Epoch    1, Train ACC: 0.68414, Train AUC: 0.67292, Train Loss: 0.65889
Epoch    1, Valid ACC: 0.71184, Valid AUC: 0.71243, Valid AUC Curr: 0.92385, Valid Loss: 0.64002*
Epoch    1, Test ACC: 0.71365, Test AUC: 0.73952, Test AUC Curr: 0.92061, Test Loss: 0.6166
w_l1: 0.01937578758301987, w_l2: 0.034027164592697785
m1: 0.8592703648175912, m2: 0.0647006585034811. Saving the model
time used for this epoch: 9.520169258117676s
***********
Epoch    2, Train ACC: 0.72362, Train AUC: 0.73189, Train Loss: 0.61007
Epoch    2, Valid ACC: 0.72221, Valid AUC: 0.7306, Valid AUC Curr: 0.93565, Valid Loss: 0.62304*
Epoch    2, Test ACC: 0.72716, Test AUC: 0.75651, Test AUC Curr: 0.93665, Test Loss: 0.59911
w_l1: 0.020668527533217868, w_l2: 0.03762855189151648
m1: 0.8791271031151091, m2: 0.07347874105542615. Saving the model
time used for this epoch: 9.508451223373413s
***********
Epoch    3, Train ACC: 0.72911, Train AUC: 0.74311, Train Loss: 0.5973
Epoch    3, Valid ACC: 0.7253, Valid AUC: 0.73152, Valid AUC Curr: 0.94189, Valid Loss: 0.62261*
Epoch    3, Test ACC: 0.73119, Test AUC: 0.75982, Test AUC Curr: 0.94416, Test Loss: 0.59887
w_l1: 0.01894516378964368, w_l2: 0.035675524460464285
m1: 0.8227219723471597, m2: 0.06817987494601342. Saving the model
time used for this epoch: 9.64065957069397s
***********
Epoch    4, Train ACC: 0.7313, Train AUC: 0.74828, Train Loss: 0.59378
Epoch    4, Valid ACC: 0.72657, Valid AUC: 0.7358, Valid AUC Curr: 0.94295, Valid Loss: 0.61752*
Epoch    4, Test ACC: 0.73291, Test AUC: 0.76169, Test AUC Curr: 0.94443, Test Loss: 0.59469
w_l1: 0.01999584228164596, w_l2: 0.03796647760248873
m1: 0.7859403631517574, m2: 0.07240563761923842. Saving the model
time used for this epoch: 9.5499849319458s
***********
Epoch    5, Train ACC: 0.73268, Train AUC: 0.75326, Train Loss: 0.59003
Epoch    5, Valid ACC: 0.7241, Valid AUC: 0.73048, Valid AUC Curr: 0.94465, Valid Loss: 0.61947
time used for this epoch: 7.504705905914307s
***********
Epoch    6, Train ACC: 0.73413, Train AUC: 0.75536, Train Loss: 0.58727
Epoch    6, Valid ACC: 0.72564, Valid AUC: 0.73342, Valid AUC Curr: 0.94063, Valid Loss: 0.6178
time used for this epoch: 7.353422164916992s
***********
Epoch    7, Train ACC: 0.73616, Train AUC: 0.76008, Train Loss: 0.58322
Epoch    7, Valid ACC: 0.7253, Valid AUC: 0.73239, Valid AUC Curr: 0.94407, Valid Loss: 0.61728
time used for this epoch: 7.2582316398620605s
***********
Epoch    8, Train ACC: 0.73793, Train AUC: 0.76278, Train Loss: 0.57997
Epoch    8, Valid ACC: 0.72704, Valid AUC: 0.7335, Valid AUC Curr: 0.94355, Valid Loss: 0.61631
time used for this epoch: 7.214916467666626s
***********
Epoch    9, Train ACC: 0.73889, Train AUC: 0.76507, Train Loss: 0.57825
Epoch    9, Valid ACC: 0.72614, Valid AUC: 0.7357, Valid AUC Curr: 0.93808, Valid Loss: 0.61734
time used for this epoch: 7.1960883140563965s
***********
Epoch   10, Train ACC: 0.73978, Train AUC: 0.76734, Train Loss: 0.57677
Epoch   10, Valid ACC: 0.72414, Valid AUC: 0.73176, Valid AUC Curr: 0.93721, Valid Loss: 0.6204
time used for this epoch: 7.444118499755859s
***********
Epoch   11, Train ACC: 0.73971, Train AUC: 0.76826, Train Loss: 0.57638
Epoch   11, Valid ACC: 0.72414, Valid AUC: 0.7336, Valid AUC Curr: 0.93083, Valid Loss: 0.6179
time used for this epoch: 7.111392498016357s
***********
Epoch   12, Train ACC: 0.7427, Train AUC: 0.77314, Train Loss: 0.57176
Epoch   12, Valid ACC: 0.7258, Valid AUC: 0.73375, Valid AUC Curr: 0.93592, Valid Loss: 0.61993
time used for this epoch: 7.256063222885132s
***********
Epoch   13, Train ACC: 0.74321, Train AUC: 0.77534, Train Loss: 0.57153
Epoch   13, Valid ACC: 0.72677, Valid AUC: 0.73514, Valid AUC Curr: 0.92409, Valid Loss: 0.61902
time used for this epoch: 7.087355375289917s
***********
Epoch   14, Train ACC: 0.74342, Train AUC: 0.77803, Train Loss: 0.56895
Epoch   14, Valid ACC: 0.72271, Valid AUC: 0.73141, Valid AUC Curr: 0.93615, Valid Loss: 0.61948
time used for this epoch: 7.346286773681641s
***********
No improvement shown in 10 epochs. Quit Training.
The best validation result occured at: 3-th epoch, with validation ACC: 0.72657 and AUC: 0.7358
The best testing result occured at: 3-th epoch, with testing ACC: 0.73291 and AUC: 0.76169
*********************************
average validation ACC for 5 runs: 0.7271697484591038
average validation AUC for 5 runs: 0.7369011724812694
average validation AUC Current for 5 runs: 0.931571503793674

average waviness-l1 for 5 runs: 0.021525002867276842
average waviness-l2 for 5 runs: 0.03978732952356761
average consistency_m1 for 5 runs: 0.6720706313509911
average consistency_m1 for 5 runs: 0.07218031394507475

average test ACC for 5 runs: 0.7315966026693312
average test AUC for 5 runs: 0.7622270136916077
average test AUC Current for 5 runs: 0.9371024762776695

latex: 
cell_type & num. layer & layer_structure & learning rate & keep prob. & $\lambda_o$ & $\lambda_{w_1}$ & $\lambda_{w_2}$ & Avg. ACC(N) & Avg. AUC(N) & Avg. AUC(C) & Avg. $w_1$ & Avg. $w_2$ & Avg. $m_1$ & Avg. $m_2$\\ 
LSTM & 1 & 200 & 0.0100 & 0.5000 & 0.1000 & 0.0030 & 3.0000 & 0.7271697484591038 $\pm$ 0.0010312035675856708 & 0.7369011724812694 $\pm$ 0.0010289667425785992 & 0.931571503793674 $\pm$ 0.010000820523587474 & 0.021525002867276842 $\pm$ 0.0010802402479770266 & 0.03978732952356761 $\pm$ 0.0015670858480132082 & 0.6720706313509911 $\pm$ 0.06466815673206838 & 0.07218031394507475 $\pm$ 0.0030333904162770384\\ 

