Network Configuration:
batch_size: 64
hidden_layer_structure: [200]
learning_rate: 0.01
keep_prob: 0.5
rnn_cell: <class 'tensorflow.python.ops.rnn_cell_impl.LSTMCell'>
max_grad_norm: 5.0
lambda_w1: 0.003
lambda_w2: 3.0
lambda_o: 0.1
embedding: True
Num of problems: 111
Num of run: 5
Max num of run: 30
Keep Prob: 0.5
Epoch    1, Train AUC: 0.65307, Train Loss: 0.67003
Epoch    1, Test AUC: 0.74617, Test AUC Curr: 0.89376, Test Loss: 0.61613*
w_l1: 0.026157309169767214, w_l2: 0.0519895973477391
m1: 0.5376587840536869, m2: 0.046417428004236434. Saving the model
time used for this epoch: 16.341872692108154s
***********
Epoch    2, Train AUC: 0.78269, Train Loss: 0.56252
Epoch    2, Test AUC: 0.80084, Test AUC Curr: 0.96911, Test Loss: 0.54723*
w_l1: 0.02665243292776226, w_l2: 0.05560061822444002
m1: 0.6172205800111847, m2: 0.06041229568083151. Saving the model
time used for this epoch: 24.616284132003784s
***********
Epoch    3, Train AUC: 0.80701, Train Loss: 0.5283
Epoch    3, Test AUC: 0.80899, Test AUC Curr: 0.973, Test Loss: 0.53107*
w_l1: 0.025266301955489005, w_l2: 0.05293440378781819
m1: 0.6163417751857474, m2: 0.06893798812248841. Saving the model
time used for this epoch: 25.541710138320923s
***********
Epoch    4, Train AUC: 0.81443, Train Loss: 0.51897
Epoch    4, Test AUC: 0.81462, Test AUC Curr: 0.9648, Test Loss: 0.52146*
w_l1: 0.023455982022001047, w_l2: 0.050539654647334134
m1: 0.6003834784692818, m2: 0.07055872034531789. Saving the model
time used for this epoch: 25.46471643447876s
***********
Epoch    5, Train AUC: 0.8179, Train Loss: 0.51202
Epoch    5, Test AUC: 0.81731, Test AUC Curr: 0.96778, Test Loss: 0.51704*
w_l1: 0.020505355607618073, w_l2: 0.046992787754416815
m1: 0.577554525844851, m2: 0.06725376953691628. Saving the model
time used for this epoch: 25.125749826431274s
***********
Epoch    6, Train AUC: 0.82016, Train Loss: 0.51004
Epoch    6, Test AUC: 0.81862, Test AUC Curr: 0.95874, Test Loss: 0.51866*
w_l1: 0.02062911046445714, w_l2: 0.04693162860523712
m1: 0.5577015259247423, m2: 0.06390383495828153. Saving the model
time used for this epoch: 25.80535650253296s
***********
Epoch    7, Train AUC: 0.82389, Train Loss: 0.50527
Epoch    7, Test AUC: 0.82025, Test AUC Curr: 0.96017, Test Loss: 0.51594*
w_l1: 0.020978208465354704, w_l2: 0.04737127700270225
m1: 0.520492130702245, m2: 0.06764834757998146. Saving the model
time used for this epoch: 24.4566867351532s
***********
Epoch    8, Train AUC: 0.82529, Train Loss: 0.50276
Epoch    8, Test AUC: 0.82135, Test AUC Curr: 0.96473, Test Loss: 0.5129*
w_l1: 0.020302097903866605, w_l2: 0.046052717144731796
m1: 0.5071502756251498, m2: 0.06757200749815248. Saving the model
time used for this epoch: 25.573147535324097s
***********
Epoch    9, Train AUC: 0.82675, Train Loss: 0.5011
Epoch    9, Test AUC: 0.82148, Test AUC Curr: 0.97364, Test Loss: 0.51106*
w_l1: 0.02123724396510968, w_l2: 0.04723708370852133
m1: 0.4975433410561636, m2: 0.07247384236910487. Saving the model
time used for this epoch: 24.190200805664062s
***********
Epoch   10, Train AUC: 0.82994, Train Loss: 0.49905
Epoch   10, Test AUC: 0.82308, Test AUC Curr: 0.96232, Test Loss: 0.51137*
w_l1: 0.021486755734782072, w_l2: 0.04695727762128182
m1: 0.4807461851881441, m2: 0.06827020150291384. Saving the model
time used for this epoch: 25.29779076576233s
***********
Epoch   11, Train AUC: 0.83097, Train Loss: 0.49804
Epoch   11, Test AUC: 0.82356, Test AUC Curr: 0.96189, Test Loss: 0.5102*
w_l1: 0.021002908056707757, w_l2: 0.04703264085488171
m1: 0.4689622113925062, m2: 0.06916050199355868. Saving the model
time used for this epoch: 25.274261713027954s
***********
Epoch   12, Train AUC: 0.83264, Train Loss: 0.49773
Epoch   12, Test AUC: 0.82314, Test AUC Curr: 0.96344, Test Loss: 0.51203
time used for this epoch: 19.543829679489136s
***********
Epoch   13, Train AUC: 0.83354, Train Loss: 0.49448
Epoch   13, Test AUC: 0.82411, Test AUC Curr: 0.96394, Test Loss: 0.5111*
w_l1: 0.021716192406329604, w_l2: 0.047863413964520436
m1: 0.465906367340417, m2: 0.07270230612104252. Saving the model
time used for this epoch: 25.19625186920166s
***********
Epoch   14, Train AUC: 0.83554, Train Loss: 0.49162
Epoch   14, Test AUC: 0.82401, Test AUC Curr: 0.96364, Test Loss: 0.51226
time used for this epoch: 20.705212354660034s
***********
Epoch   15, Train AUC: 0.83694, Train Loss: 0.49225
Epoch   15, Test AUC: 0.82519, Test AUC Curr: 0.95663, Test Loss: 0.51033*
w_l1: 0.022091047400903556, w_l2: 0.0483131188316749
m1: 0.43554765518894306, m2: 0.0697513541128295. Saving the model
time used for this epoch: 26.066067934036255s
***********
Epoch   16, Train AUC: 0.83857, Train Loss: 0.49059
Epoch   16, Test AUC: 0.8249, Test AUC Curr: 0.95483, Test Loss: 0.51135
time used for this epoch: 20.03956437110901s
***********
Epoch   17, Train AUC: 0.83961, Train Loss: 0.48925
Epoch   17, Test AUC: 0.82403, Test AUC Curr: 0.95406, Test Loss: 0.51432
time used for this epoch: 20.678083181381226s
***********
Epoch   18, Train AUC: 0.84207, Train Loss: 0.48565
Epoch   18, Test AUC: 0.82476, Test AUC Curr: 0.95279, Test Loss: 0.5142
time used for this epoch: 20.661781549453735s
***********
Epoch   19, Train AUC: 0.84386, Train Loss: 0.48595
Epoch   19, Test AUC: 0.82405, Test AUC Curr: 0.95818, Test Loss: 0.51391
time used for this epoch: 20.09248447418213s
***********
Epoch   20, Train AUC: 0.84447, Train Loss: 0.4831
Epoch   20, Test AUC: 0.82377, Test AUC Curr: 0.95573, Test Loss: 0.51553
time used for this epoch: 19.847703456878662s
***********
Epoch   21, Train AUC: 0.8473, Train Loss: 0.4821
Epoch   21, Test AUC: 0.8253, Test AUC Curr: 0.9509, Test Loss: 0.51348*
w_l1: 0.023518065362190324, w_l2: 0.05010305465805236
m1: 0.38445713829192296, m2: 0.06601603904180542. Saving the model
time used for this epoch: 24.6069495677948s
***********
Epoch   22, Train AUC: 0.84641, Train Loss: 0.48359
Epoch   22, Test AUC: 0.82387, Test AUC Curr: 0.94928, Test Loss: 0.51494
time used for this epoch: 19.860593795776367s
***********
Epoch   23, Train AUC: 0.84956, Train Loss: 0.4793
Epoch   23, Test AUC: 0.82419, Test AUC Curr: 0.9538, Test Loss: 0.51365
time used for this epoch: 20.4537410736084s
***********
Epoch   24, Train AUC: 0.85096, Train Loss: 0.47866
Epoch   24, Test AUC: 0.824, Test AUC Curr: 0.94558, Test Loss: 0.51764
time used for this epoch: 20.13227653503418s
***********
Epoch   25, Train AUC: 0.85259, Train Loss: 0.47772
Epoch   25, Test AUC: 0.82348, Test AUC Curr: 0.95002, Test Loss: 0.51527
time used for this epoch: 19.74027919769287s
***********
Epoch   26, Train AUC: 0.85391, Train Loss: 0.475
Epoch   26, Test AUC: 0.8218, Test AUC Curr: 0.94078, Test Loss: 0.51974
time used for this epoch: 20.13953685760498s
***********
Epoch   27, Train AUC: 0.8536, Train Loss: 0.47816
Epoch   27, Test AUC: 0.82306, Test AUC Curr: 0.94651, Test Loss: 0.51717
time used for this epoch: 19.6732439994812s
***********
Epoch   28, Train AUC: 0.85428, Train Loss: 0.47661
Epoch   28, Test AUC: 0.82362, Test AUC Curr: 0.9445, Test Loss: 0.51739
time used for this epoch: 19.96974515914917s
***********
Epoch   29, Train AUC: 0.8561, Train Loss: 0.47415
Epoch   29, Test AUC: 0.82274, Test AUC Curr: 0.94278, Test Loss: 0.51983
time used for this epoch: 20.419843435287476s
***********
Epoch   30, Train AUC: 0.85786, Train Loss: 0.47084
Epoch   30, Test AUC: 0.82261, Test AUC Curr: 0.94503, Test Loss: 0.52079
time used for this epoch: 20.304932832717896s
***********
The best testing result occured at: 20-th epoch, with testing AUC: 0.8253
*********************************
Epoch    1, Train AUC: 0.73262, Train Loss: 0.61363
Epoch    1, Test AUC: 0.79472, Test AUC Curr: 0.96974, Test Loss: 0.55155*
w_l1: 0.027220153032705245, w_l2: 0.05379488876366801
m1: 0.6291343772469442, m2: 0.06599985108581882. Saving the model
time used for this epoch: 25.625675916671753s
***********
Epoch    2, Train AUC: 0.80379, Train Loss: 0.53275
Epoch    2, Test AUC: 0.80987, Test AUC Curr: 0.97053, Test Loss: 0.52728*
w_l1: 0.02315107563601958, w_l2: 0.05039362346111469
m1: 0.6219741152033235, m2: 0.06961084160561797. Saving the model
time used for this epoch: 25.169413566589355s
***********
Epoch    3, Train AUC: 0.81322, Train Loss: 0.51749
Epoch    3, Test AUC: 0.811, Test AUC Curr: 0.97088, Test Loss: 0.52964*
w_l1: 0.02033774747598136, w_l2: 0.04652138274742608
m1: 0.6111088919070065, m2: 0.0674997900391745. Saving the model
time used for this epoch: 24.35921859741211s
***********
Epoch    4, Train AUC: 0.81704, Train Loss: 0.51327
Epoch    4, Test AUC: 0.81464, Test AUC Curr: 0.96834, Test Loss: 0.5189*
w_l1: 0.019562511809625677, w_l2: 0.04559959130778892
m1: 0.5771950147798993, m2: 0.06729883254389846. Saving the model
time used for this epoch: 25.109079122543335s
***********
Epoch    5, Train AUC: 0.82119, Train Loss: 0.507
Epoch    5, Test AUC: 0.81715, Test AUC Curr: 0.97009, Test Loss: 0.51663*
w_l1: 0.02013261867566922, w_l2: 0.04640081976517056
m1: 0.5726811536310618, m2: 0.07415969685056943. Saving the model
time used for this epoch: 25.457016229629517s
***********
Epoch    6, Train AUC: 0.82329, Train Loss: 0.50517
Epoch    6, Test AUC: 0.81834, Test AUC Curr: 0.97249, Test Loss: 0.51531*
w_l1: 0.01977692047186033, w_l2: 0.04582689371724548
m1: 0.5458576336182791, m2: 0.0717933781283122. Saving the model
time used for this epoch: 24.621980667114258s
***********
Epoch    7, Train AUC: 0.82541, Train Loss: 0.50061
Epoch    7, Test AUC: 0.82155, Test AUC Curr: 0.96374, Test Loss: 0.51196*
w_l1: 0.020390330099091768, w_l2: 0.04620955622429725
m1: 0.5250858831988495, m2: 0.07157092875205567. Saving the model
time used for this epoch: 25.249001026153564s
***********
Epoch    8, Train AUC: 0.82736, Train Loss: 0.50019
Epoch    8, Test AUC: 0.82105, Test AUC Curr: 0.9643, Test Loss: 0.51618
time used for this epoch: 20.038040161132812s
***********
Epoch    9, Train AUC: 0.82927, Train Loss: 0.49871
Epoch    9, Test AUC: 0.82245, Test AUC Curr: 0.96269, Test Loss: 0.51229*
w_l1: 0.02184262021790054, w_l2: 0.048062836853631136
m1: 0.47683150914755934, m2: 0.07509688549788365. Saving the model
time used for this epoch: 25.27017903327942s
***********
Epoch   10, Train AUC: 0.83131, Train Loss: 0.49626
Epoch   10, Test AUC: 0.82269, Test AUC Curr: 0.96512, Test Loss: 0.51005*
w_l1: 0.021279129609257416, w_l2: 0.04748575585858523
m1: 0.4563793241191979, m2: 0.07180639763487036. Saving the model
time used for this epoch: 25.466734886169434s
***********
Epoch   11, Train AUC: 0.83258, Train Loss: 0.49468
Epoch   11, Test AUC: 0.82396, Test AUC Curr: 0.96579, Test Loss: 0.51014*
w_l1: 0.022113553478240854, w_l2: 0.048743257160270906
m1: 0.45917552129104416, m2: 0.0754447938615287. Saving the model
time used for this epoch: 25.51619577407837s
***********
Epoch   12, Train AUC: 0.83411, Train Loss: 0.49345
Epoch   12, Test AUC: 0.82265, Test AUC Curr: 0.96114, Test Loss: 0.5117
time used for this epoch: 20.159297227859497s
***********
Epoch   13, Train AUC: 0.83664, Train Loss: 0.48923
Epoch   13, Test AUC: 0.82416, Test AUC Curr: 0.9607, Test Loss: 0.51005*
w_l1: 0.020994902761144872, w_l2: 0.047530778535201816
m1: 0.4521950147798993, m2: 0.07084749757516182. Saving the model
time used for this epoch: 24.809821605682373s
***********
Epoch   14, Train AUC: 0.8373, Train Loss: 0.49074
Epoch   14, Test AUC: 0.8237, Test AUC Curr: 0.96271, Test Loss: 0.51126
time used for this epoch: 20.794291257858276s
***********
Epoch   15, Train AUC: 0.83912, Train Loss: 0.49102
Epoch   15, Test AUC: 0.82486, Test AUC Curr: 0.95549, Test Loss: 0.51036*
w_l1: 0.02127946094378063, w_l2: 0.04779209204865118
m1: 0.4290564831828713, m2: 0.07048006371595784. Saving the model
time used for this epoch: 25.4420964717865s
***********
Epoch   16, Train AUC: 0.84062, Train Loss: 0.48793
Epoch   16, Test AUC: 0.82428, Test AUC Curr: 0.95706, Test Loss: 0.51262
time used for this epoch: 20.054929494857788s
***********
Epoch   17, Train AUC: 0.84305, Train Loss: 0.48543
Epoch   17, Test AUC: 0.8258, Test AUC Curr: 0.95316, Test Loss: 0.51137*
w_l1: 0.022223101967211882, w_l2: 0.048995366675780215
m1: 0.39236638172085964, m2: 0.06649476469838077. Saving the model
time used for this epoch: 26.04549813270569s
***********
Epoch   18, Train AUC: 0.8448, Train Loss: 0.48521
Epoch   18, Test AUC: 0.82236, Test AUC Curr: 0.95974, Test Loss: 0.51242
time used for this epoch: 20.364713430404663s
***********
Epoch   19, Train AUC: 0.8458, Train Loss: 0.48274
Epoch   19, Test AUC: 0.82501, Test AUC Curr: 0.95581, Test Loss: 0.51199
time used for this epoch: 20.259424686431885s
***********
Epoch   20, Train AUC: 0.84819, Train Loss: 0.48036
Epoch   20, Test AUC: 0.82495, Test AUC Curr: 0.9488, Test Loss: 0.513
time used for this epoch: 20.6521258354187s
***********
Epoch   21, Train AUC: 0.84834, Train Loss: 0.48224
Epoch   21, Test AUC: 0.82365, Test AUC Curr: 0.94836, Test Loss: 0.5134
time used for this epoch: 20.653331995010376s
***********
Epoch   22, Train AUC: 0.85025, Train Loss: 0.47873
Epoch   22, Test AUC: 0.82275, Test AUC Curr: 0.9506, Test Loss: 0.51687
time used for this epoch: 19.825725555419922s
***********
Epoch   23, Train AUC: 0.85172, Train Loss: 0.47767
Epoch   23, Test AUC: 0.82279, Test AUC Curr: 0.94969, Test Loss: 0.51679
time used for this epoch: 20.541802167892456s
***********
Epoch   24, Train AUC: 0.85281, Train Loss: 0.47488
Epoch   24, Test AUC: 0.82358, Test AUC Curr: 0.94671, Test Loss: 0.51731
time used for this epoch: 20.448181867599487s
***********
Epoch   25, Train AUC: 0.85484, Train Loss: 0.47439
Epoch   25, Test AUC: 0.82155, Test AUC Curr: 0.94446, Test Loss: 0.52315
time used for this epoch: 19.943190574645996s
***********
Epoch   26, Train AUC: 0.85521, Train Loss: 0.47408
Epoch   26, Test AUC: 0.82084, Test AUC Curr: 0.95062, Test Loss: 0.51852
time used for this epoch: 20.177491426467896s
***********
Epoch   27, Train AUC: 0.85579, Train Loss: 0.47322
Epoch   27, Test AUC: 0.82304, Test AUC Curr: 0.94223, Test Loss: 0.51867
time used for this epoch: 20.45224952697754s
***********
No improvement shown in 10 epochs. Quit Training.
The best testing result occured at: 16-th epoch, with testing AUC: 0.8258
*********************************
Epoch    1, Train AUC: 0.7366, Train Loss: 0.60579
Epoch    1, Test AUC: 0.79571, Test AUC Curr: 0.96853, Test Loss: 0.551*
w_l1: 0.027666645379801444, w_l2: 0.05373909788645124
m1: 0.6302828153710953, m2: 0.06686223750036537. Saving the model
time used for this epoch: 25.719640254974365s
***********
Epoch    2, Train AUC: 0.80441, Train Loss: 0.5307
Epoch    2, Test AUC: 0.80807, Test AUC Curr: 0.96295, Test Loss: 0.5345*
w_l1: 0.020917334437795202, w_l2: 0.047685756648090896
m1: 0.6167811775984661, m2: 0.057976465726123506. Saving the model
time used for this epoch: 25.103411197662354s
***********
Epoch    3, Train AUC: 0.81197, Train Loss: 0.51806
Epoch    3, Test AUC: 0.81343, Test AUC Curr: 0.96846, Test Loss: 0.52507*
w_l1: 0.020727709980191588, w_l2: 0.04691323490610008
m1: 0.6147439482304067, m2: 0.06755963851263741. Saving the model
time used for this epoch: 24.9824697971344s
***********
Epoch    4, Train AUC: 0.81777, Train Loss: 0.51149
Epoch    4, Test AUC: 0.8156, Test AUC Curr: 0.96761, Test Loss: 0.51998*
w_l1: 0.019498812794618275, w_l2: 0.04586503221792867
m1: 0.5828772868898299, m2: 0.06744284278858181. Saving the model
time used for this epoch: 25.505584716796875s
***********
Epoch    5, Train AUC: 0.82087, Train Loss: 0.50661
Epoch    5, Test AUC: 0.81712, Test AUC Curr: 0.9762, Test Loss: 0.51689*
w_l1: 0.019864299481629825, w_l2: 0.046204954867940046
m1: 0.5725413437724695, m2: 0.07369201661961008. Saving the model
time used for this epoch: 26.591216564178467s
***********
Epoch    6, Train AUC: 0.82258, Train Loss: 0.50742
Epoch    6, Test AUC: 0.81779, Test AUC Curr: 0.96788, Test Loss: 0.51569*
w_l1: 0.019130289963608774, w_l2: 0.045454053623403136
m1: 0.5424822241751218, m2: 0.07026024597649415. Saving the model
time used for this epoch: 25.76787495613098s
***********
Epoch    7, Train AUC: 0.82419, Train Loss: 0.5031
Epoch    7, Test AUC: 0.8202, Test AUC Curr: 0.96637, Test Loss: 0.51332*
w_l1: 0.02013715490216385, w_l2: 0.04595984511123474
m1: 0.526044579372054, m2: 0.06811003799979476. Saving the model
time used for this epoch: 26.105436325073242s
***********
Epoch    8, Train AUC: 0.8255, Train Loss: 0.50426
Epoch    8, Test AUC: 0.82162, Test AUC Curr: 0.96398, Test Loss: 0.5125*
w_l1: 0.020625178075074725, w_l2: 0.0469839451663222
m1: 0.493448909483103, m2: 0.07128713517521597. Saving the model
time used for this epoch: 26.458479166030884s
***********
Epoch    9, Train AUC: 0.82824, Train Loss: 0.49936
Epoch    9, Test AUC: 0.82297, Test AUC Curr: 0.96523, Test Loss: 0.51067*
w_l1: 0.020493453477951833, w_l2: 0.04673571758001814
m1: 0.4781297435487737, m2: 0.07184506571751448. Saving the model
time used for this epoch: 25.65468668937683s
***********
Epoch   10, Train AUC: 0.82964, Train Loss: 0.4972
Epoch   10, Test AUC: 0.82237, Test AUC Curr: 0.95716, Test Loss: 0.51145
time used for this epoch: 20.752806425094604s
***********
Epoch   11, Train AUC: 0.83151, Train Loss: 0.49638
Epoch   11, Test AUC: 0.82387, Test AUC Curr: 0.96541, Test Loss: 0.50824*
w_l1: 0.020949978035168924, w_l2: 0.047302804243798374
m1: 0.45038747303667015, m2: 0.07290010674603405. Saving the model
time used for this epoch: 25.62429165840149s
***********
Epoch   12, Train AUC: 0.83406, Train Loss: 0.49431
Epoch   12, Test AUC: 0.82301, Test AUC Curr: 0.96414, Test Loss: 0.50963
time used for this epoch: 19.986344814300537s
***********
Epoch   13, Train AUC: 0.83395, Train Loss: 0.4955
Epoch   13, Test AUC: 0.82581, Test AUC Curr: 0.95426, Test Loss: 0.50932*
w_l1: 0.020727683191322697, w_l2: 0.04727194609974937
m1: 0.41817128704961254, m2: 0.06499150803190189. Saving the model
time used for this epoch: 25.554502248764038s
***********
Epoch   14, Train AUC: 0.83587, Train Loss: 0.49284
Epoch   14, Test AUC: 0.82485, Test AUC Curr: 0.95863, Test Loss: 0.51038
time used for this epoch: 19.533082485198975s
***********
Epoch   15, Train AUC: 0.83852, Train Loss: 0.48903
Epoch   15, Test AUC: 0.82433, Test AUC Curr: 0.95689, Test Loss: 0.5104
time used for this epoch: 20.752512216567993s
***********
Epoch   16, Train AUC: 0.84025, Train Loss: 0.4876
Epoch   16, Test AUC: 0.82455, Test AUC Curr: 0.95695, Test Loss: 0.51101
time used for this epoch: 20.34860372543335s
***********
Epoch   17, Train AUC: 0.8408, Train Loss: 0.48722
Epoch   17, Test AUC: 0.8242, Test AUC Curr: 0.95329, Test Loss: 0.51371
time used for this epoch: 20.126090049743652s
***********
Epoch   18, Train AUC: 0.84279, Train Loss: 0.48493
Epoch   18, Test AUC: 0.82471, Test AUC Curr: 0.95091, Test Loss: 0.51262
time used for this epoch: 20.64599323272705s
***********
Epoch   19, Train AUC: 0.84518, Train Loss: 0.4823
Epoch   19, Test AUC: 0.82521, Test AUC Curr: 0.95545, Test Loss: 0.51163
time used for this epoch: 20.8201003074646s
***********
Epoch   20, Train AUC: 0.84578, Train Loss: 0.48169
Epoch   20, Test AUC: 0.8251, Test AUC Curr: 0.95423, Test Loss: 0.51205
time used for this epoch: 20.12967085838318s
***********
Epoch   21, Train AUC: 0.84649, Train Loss: 0.48164
Epoch   21, Test AUC: 0.82349, Test AUC Curr: 0.95321, Test Loss: 0.51576
time used for this epoch: 21.007102012634277s
***********
Epoch   22, Train AUC: 0.84838, Train Loss: 0.48143
Epoch   22, Test AUC: 0.82378, Test AUC Curr: 0.94805, Test Loss: 0.51682
time used for this epoch: 20.426160097122192s
***********
Epoch   23, Train AUC: 0.85085, Train Loss: 0.4784
Epoch   23, Test AUC: 0.82359, Test AUC Curr: 0.94626, Test Loss: 0.51864
time used for this epoch: 20.434231281280518s
***********
No improvement shown in 10 epochs. Quit Training.
The best testing result occured at: 12-th epoch, with testing AUC: 0.82581
*********************************
Epoch    1, Train AUC: 0.73238, Train Loss: 0.61162
Epoch    1, Test AUC: 0.79995, Test AUC Curr: 0.96652, Test Loss: 0.55066*
w_l1: 0.030011159690242022, w_l2: 0.05789068602189953
m1: 0.6233921866261883, m2: 0.06548870318045658. Saving the model
time used for this epoch: 25.861283540725708s
***********
Epoch    2, Train AUC: 0.80604, Train Loss: 0.52867
Epoch    2, Test AUC: 0.80756, Test AUC Curr: 0.97209, Test Loss: 0.52987*
w_l1: 0.02521202970333331, w_l2: 0.05294367023966657
m1: 0.6129264200687066, m2: 0.07096818722847019. Saving the model
time used for this epoch: 25.989058256149292s
***********
Epoch    3, Train AUC: 0.81374, Train Loss: 0.5173
Epoch    3, Test AUC: 0.81562, Test AUC Curr: 0.96612, Test Loss: 0.52099*
w_l1: 0.021324113025925732, w_l2: 0.04836271535208267
m1: 0.6003435327953982, m2: 0.06834703306294368. Saving the model
time used for this epoch: 25.735547304153442s
***********
Epoch    4, Train AUC: 0.81837, Train Loss: 0.51407
Epoch    4, Test AUC: 0.8155, Test AUC Curr: 0.96161, Test Loss: 0.52448
time used for this epoch: 20.38647699356079s
***********
Epoch    5, Train AUC: 0.82101, Train Loss: 0.51084
Epoch    5, Test AUC: 0.81881, Test AUC Curr: 0.96952, Test Loss: 0.51676*
w_l1: 0.020308870845547635, w_l2: 0.046218660867536
m1: 0.5271730446592634, m2: 0.06601674744160381. Saving the model
time used for this epoch: 25.18730640411377s
***********
Epoch    6, Train AUC: 0.82318, Train Loss: 0.50599
Epoch    6, Test AUC: 0.81918, Test AUC Curr: 0.96891, Test Loss: 0.51699*
w_l1: 0.0201000647762797, w_l2: 0.04621434574345564
m1: 0.5089478309499081, m2: 0.06759149509319065. Saving the model
time used for this epoch: 25.751781225204468s
***********
Epoch    7, Train AUC: 0.8254, Train Loss: 0.50372
Epoch    7, Test AUC: 0.8237, Test AUC Curr: 0.96806, Test Loss: 0.50888*
w_l1: 0.021054786250267857, w_l2: 0.04718114216792284
m1: 0.508128944635296, m2: 0.07212450553207644. Saving the model
time used for this epoch: 25.497413635253906s
***********
Epoch    8, Train AUC: 0.82806, Train Loss: 0.49874
Epoch    8, Test AUC: 0.8235, Test AUC Curr: 0.96076, Test Loss: 0.51057
time used for this epoch: 20.36725425720215s
***********
Epoch    9, Train AUC: 0.8303, Train Loss: 0.49747
Epoch    9, Test AUC: 0.82213, Test AUC Curr: 0.97046, Test Loss: 0.50999
time used for this epoch: 20.46771502494812s
***********
Epoch   10, Train AUC: 0.8322, Train Loss: 0.49648
Epoch   10, Test AUC: 0.82411, Test AUC Curr: 0.96551, Test Loss: 0.51069*
w_l1: 0.02059149711288663, w_l2: 0.046721771135254254
m1: 0.46782375968682594, m2: 0.0699115673768627. Saving the model
time used for this epoch: 26.37275981903076s
***********
Epoch   11, Train AUC: 0.8333, Train Loss: 0.49502
Epoch   11, Test AUC: 0.82527, Test AUC Curr: 0.96012, Test Loss: 0.50965*
w_l1: 0.021270140620779168, w_l2: 0.04771025412511366
m1: 0.45905568426939364, m2: 0.07041503598957746. Saving the model
time used for this epoch: 25.62497329711914s
***********
Epoch   12, Train AUC: 0.83538, Train Loss: 0.4929
Epoch   12, Test AUC: 0.82396, Test AUC Curr: 0.96308, Test Loss: 0.51082
time used for this epoch: 19.60641050338745s
***********
Epoch   13, Train AUC: 0.83608, Train Loss: 0.49288
Epoch   13, Test AUC: 0.8248, Test AUC Curr: 0.95316, Test Loss: 0.51011
time used for this epoch: 19.4596107006073s
***********
Epoch   14, Train AUC: 0.83873, Train Loss: 0.48988
Epoch   14, Test AUC: 0.82624, Test AUC Curr: 0.95741, Test Loss: 0.50831*
w_l1: 0.021127199133482415, w_l2: 0.04802208988341315
m1: 0.4226851481984501, m2: 0.07030166818170232. Saving the model
time used for this epoch: 25.69747495651245s
***********
Epoch   15, Train AUC: 0.84094, Train Loss: 0.48837
Epoch   15, Test AUC: 0.82353, Test AUC Curr: 0.96099, Test Loss: 0.51165
time used for this epoch: 20.13692831993103s
***********
Epoch   16, Train AUC: 0.84176, Train Loss: 0.48584
Epoch   16, Test AUC: 0.82451, Test AUC Curr: 0.95493, Test Loss: 0.51371
time used for this epoch: 20.620419025421143s
***********
Epoch   17, Train AUC: 0.84238, Train Loss: 0.48723
Epoch   17, Test AUC: 0.82314, Test AUC Curr: 0.95478, Test Loss: 0.51797
time used for this epoch: 19.000210285186768s
***********
Epoch   18, Train AUC: 0.84397, Train Loss: 0.4852
Epoch   18, Test AUC: 0.82567, Test AUC Curr: 0.95115, Test Loss: 0.51194
time used for this epoch: 20.094454526901245s
***********
Epoch   19, Train AUC: 0.84642, Train Loss: 0.483
Epoch   19, Test AUC: 0.82512, Test AUC Curr: 0.95492, Test Loss: 0.51305
time used for this epoch: 20.153242588043213s
***********
Epoch   20, Train AUC: 0.84845, Train Loss: 0.4785
Epoch   20, Test AUC: 0.82522, Test AUC Curr: 0.95415, Test Loss: 0.51334
time used for this epoch: 20.03065538406372s
***********
Epoch   21, Train AUC: 0.84998, Train Loss: 0.47788
Epoch   21, Test AUC: 0.82482, Test AUC Curr: 0.94905, Test Loss: 0.51644
time used for this epoch: 19.924285411834717s
***********
Epoch   22, Train AUC: 0.85116, Train Loss: 0.47704
Epoch   22, Test AUC: 0.82361, Test AUC Curr: 0.94502, Test Loss: 0.51828
time used for this epoch: 19.81566882133484s
***********
Epoch   23, Train AUC: 0.85201, Train Loss: 0.47772
Epoch   23, Test AUC: 0.82092, Test AUC Curr: 0.94655, Test Loss: 0.52555
time used for this epoch: 20.727457761764526s
***********
Epoch   24, Train AUC: 0.85285, Train Loss: 0.47762
Epoch   24, Test AUC: 0.82394, Test AUC Curr: 0.95019, Test Loss: 0.51726
time used for this epoch: 20.37008810043335s
***********
No improvement shown in 10 epochs. Quit Training.
The best testing result occured at: 13-th epoch, with testing AUC: 0.82624
*********************************
Epoch    1, Train AUC: 0.73418, Train Loss: 0.61183
Epoch    1, Test AUC: 0.80031, Test AUC Curr: 0.97207, Test Loss: 0.54653*
w_l1: 0.02870999265235695, w_l2: 0.05437280096539068
m1: 0.6276663737317248, m2: 0.06268123234534755. Saving the model
time used for this epoch: 25.807764768600464s
***********
Epoch    2, Train AUC: 0.80691, Train Loss: 0.52931
Epoch    2, Test AUC: 0.80915, Test AUC Curr: 0.96824, Test Loss: 0.52836*
w_l1: 0.023601606652274357, w_l2: 0.05128532254766794
m1: 0.6103499241032196, m2: 0.06729138276925234. Saving the model
time used for this epoch: 25.264507293701172s
***********
Epoch    3, Train AUC: 0.81485, Train Loss: 0.51554
Epoch    3, Test AUC: 0.81501, Test AUC Curr: 0.96536, Test Loss: 0.52779*
w_l1: 0.020616009530553984, w_l2: 0.04669164322718473
m1: 0.5713929056483182, m2: 0.06294722676639064. Saving the model
time used for this epoch: 26.039419412612915s
***********
Epoch    4, Train AUC: 0.81824, Train Loss: 0.51333
Epoch    4, Test AUC: 0.81784, Test AUC Curr: 0.96695, Test Loss: 0.51939*
w_l1: 0.02165060223842032, w_l2: 0.04792268948659775
m1: 0.5603778860749381, m2: 0.06731479725568089. Saving the model
time used for this epoch: 24.934149265289307s
***********
Epoch    5, Train AUC: 0.82005, Train Loss: 0.50854
Epoch    5, Test AUC: 0.81882, Test AUC Curr: 0.96225, Test Loss: 0.51759*
w_l1: 0.020727395048554, w_l2: 0.04676271268468218
m1: 0.544699209075657, m2: 0.06411072374309243. Saving the model
time used for this epoch: 26.236925840377808s
***********
Epoch    6, Train AUC: 0.82426, Train Loss: 0.50502
Epoch    6, Test AUC: 0.82057, Test AUC Curr: 0.96467, Test Loss: 0.51322*
w_l1: 0.0198409515087679, w_l2: 0.04554278205145096
m1: 0.5379983222816969, m2: 0.06577728350681838. Saving the model
time used for this epoch: 25.55663752555847s
***********
Epoch    7, Train AUC: 0.82549, Train Loss: 0.50238
Epoch    7, Test AUC: 0.82119, Test AUC Curr: 0.96805, Test Loss: 0.51385*
w_l1: 0.020512793261644145, w_l2: 0.04626403542010379
m1: 0.5168171287049612, m2: 0.07027573847997834. Saving the model
time used for this epoch: 25.697038412094116s
***********
Epoch    8, Train AUC: 0.82723, Train Loss: 0.49915
Epoch    8, Test AUC: 0.82198, Test AUC Curr: 0.96597, Test Loss: 0.51176*
w_l1: 0.020261099164309685, w_l2: 0.04661399115748208
m1: 0.4948070623951426, m2: 0.06914522481197279. Saving the model
time used for this epoch: 25.386438608169556s
***********
Epoch    9, Train AUC: 0.82942, Train Loss: 0.49823
Epoch    9, Test AUC: 0.8229, Test AUC Curr: 0.95812, Test Loss: 0.5123*
w_l1: 0.020496265979621123, w_l2: 0.0468094427144046
m1: 0.4735559638891108, m2: 0.06873836749363291. Saving the model
time used for this epoch: 26.096339225769043s
***********
Epoch   10, Train AUC: 0.83077, Train Loss: 0.49973
Epoch   10, Test AUC: 0.82465, Test AUC Curr: 0.96071, Test Loss: 0.5087*
w_l1: 0.021243354350737754, w_l2: 0.04741784442724749
m1: 0.47906846688503635, m2: 0.07343728476244678. Saving the model
time used for this epoch: 24.835874319076538s
***********
Epoch   11, Train AUC: 0.83295, Train Loss: 0.49474
Epoch   11, Test AUC: 0.8228, Test AUC Curr: 0.96347, Test Loss: 0.51079
time used for this epoch: 19.307127952575684s
***********
Epoch   12, Train AUC: 0.83431, Train Loss: 0.49367
Epoch   12, Test AUC: 0.82509, Test AUC Curr: 0.96267, Test Loss: 0.50972*
w_l1: 0.021652358232297924, w_l2: 0.047973635411637294
m1: 0.4314132779419989, m2: 0.07006647979536024. Saving the model
time used for this epoch: 25.41376304626465s
***********
Epoch   13, Train AUC: 0.83647, Train Loss: 0.49103
Epoch   13, Test AUC: 0.82503, Test AUC Curr: 0.95591, Test Loss: 0.51037
time used for this epoch: 19.670284271240234s
***********
Epoch   14, Train AUC: 0.83783, Train Loss: 0.493
Epoch   14, Test AUC: 0.82519, Test AUC Curr: 0.96054, Test Loss: 0.51024*
w_l1: 0.021399312893117244, w_l2: 0.047826281466607154
m1: 0.4265998242390349, m2: 0.07176905644842828. Saving the model
time used for this epoch: 24.520164728164673s
***********
Epoch   15, Train AUC: 0.8391, Train Loss: 0.49023
Epoch   15, Test AUC: 0.82436, Test AUC Curr: 0.95508, Test Loss: 0.51121
time used for this epoch: 19.40141463279724s
***********
Epoch   16, Train AUC: 0.83995, Train Loss: 0.48896
Epoch   16, Test AUC: 0.82623, Test AUC Curr: 0.9543, Test Loss: 0.51078*
w_l1: 0.022256121870510515, w_l2: 0.049068005708396485
m1: 0.4049692418311097, m2: 0.06792148252330221. Saving the model
time used for this epoch: 24.911916732788086s
***********
Epoch   17, Train AUC: 0.84376, Train Loss: 0.48396
Epoch   17, Test AUC: 0.82482, Test AUC Curr: 0.95865, Test Loss: 0.51236
time used for this epoch: 20.302669525146484s
***********
Epoch   18, Train AUC: 0.845, Train Loss: 0.48338
Epoch   18, Test AUC: 0.82568, Test AUC Curr: 0.95589, Test Loss: 0.51088
time used for this epoch: 19.9045352935791s
***********
Epoch   19, Train AUC: 0.84639, Train Loss: 0.48185
Epoch   19, Test AUC: 0.82334, Test AUC Curr: 0.95313, Test Loss: 0.51329
time used for this epoch: 20.637579679489136s
***********
Epoch   20, Train AUC: 0.8477, Train Loss: 0.48156
Epoch   20, Test AUC: 0.82452, Test AUC Curr: 0.94865, Test Loss: 0.51518
time used for this epoch: 19.85297417640686s
***********
Epoch   21, Train AUC: 0.84909, Train Loss: 0.48137
Epoch   21, Test AUC: 0.8247, Test AUC Curr: 0.9507, Test Loss: 0.51429
time used for this epoch: 20.36861515045166s
***********
Epoch   22, Train AUC: 0.85103, Train Loss: 0.4785
Epoch   22, Test AUC: 0.82356, Test AUC Curr: 0.95326, Test Loss: 0.5159
time used for this epoch: 19.55624771118164s
***********
Epoch   23, Train AUC: 0.8533, Train Loss: 0.47664
Epoch   23, Test AUC: 0.82331, Test AUC Curr: 0.94815, Test Loss: 0.51911
time used for this epoch: 21.197832107543945s
***********
Epoch   24, Train AUC: 0.855, Train Loss: 0.47524
Epoch   24, Test AUC: 0.82276, Test AUC Curr: 0.94746, Test Loss: 0.51726
time used for this epoch: 19.953760862350464s
***********
Epoch   25, Train AUC: 0.85565, Train Loss: 0.47517
Epoch   25, Test AUC: 0.82299, Test AUC Curr: 0.94933, Test Loss: 0.51792
time used for this epoch: 19.47896409034729s
***********
Epoch   26, Train AUC: 0.85657, Train Loss: 0.47537
Epoch   26, Test AUC: 0.82183, Test AUC Curr: 0.94705, Test Loss: 0.52077
time used for this epoch: 19.873879194259644s
***********
No improvement shown in 10 epochs. Quit Training.
The best testing result occured at: 15-th epoch, with testing AUC: 0.82623
*********************************
average AUC for 5 runs: 0.8258746705334745
average AUC Current for 5 runs: 0.9540060738507712
average waviness-l1 for 5 runs: 0.021970434304943567
average waviness-l2 for 5 runs: 0.04869209260507832
average consistency_m1 for 5 runs: 0.40452983941839105
average consistency_m1 for 5 runs: 0.06714509249541853
latex: 
cell_type & num. layer & layer_structure & learning rate & keep prob. & $\lambda_o$ & $\lambda_{w_1}$ & $\lambda_{w_2}$ & Avg. AUC(N) & Avg. AUC(C) & Avg. $w_1$ & Avg. $w_2$ & Avg. $m_1$ & Avg. $m_2$\\ 
LSTM & 1 & 200 & 0.0100 & 0.5000 & 0.1000 & 0.0030 & 3.0000 & 0.8258746705334745 $\pm$ 0.0003471376659132223 & 0.9540060738507712 $\pm$ 0.002103367870835978 & 0.021970434304943567 $\pm$ 0.0009793973766378434 & 0.04869209260507832 $\pm$ 0.0009684853619725866 & 0.40452983941839105 $\pm$ 0.014606576864735283 & 0.06714509249541853 $\pm$ 0.0018386062941723625\\ 

