Network Configuration:
batch_size: 32
hidden_layer_structure: [200]
learning_rate: 0.01
keep_prob: 0.5
rnn_cell: <class 'tensorflow.python.ops.rnn_cell_impl.LSTMCell'>
lambda_w1: 0.0
lambda_w2: 0.0
lambda_o: 0.0
Num of problems: 206
Num of run: 1
Max num of run: 30
Keep Prob: 0.5
Epoch    1, Train AUC: 0.73688, Train Loss: 0.57131
Epoch    1, Test AUC: 0.67411, Test AUC Curr: 0.85189, Test Loss: 0.65333*
w_l1: 0.06139979957390475, w_l2: 0.10092195168824798
m1: 0.45869632158907975, m2: 0.07183786130366977. Saving the model
time used for this epoch: 255.64249444007874s
***********
Epoch    2, Train AUC: 0.83788, Train Loss: 0.47884
Epoch    2, Test AUC: 0.72354, Test AUC Curr: 0.85462, Test Loss: 0.63079*
w_l1: 0.0837035549925903, w_l2: 0.1313468509359241
m1: 0.4370631960117092, m2: 0.06105880186848471. Saving the model
time used for this epoch: 517.1629085540771s
***********
Epoch    3, Train AUC: 0.85359, Train Loss: 0.45625
Epoch    3, Test AUC: 0.70879, Test AUC Curr: 0.84289, Test Loss: 0.64348
time used for this epoch: 457.4050364494324s
***********
Epoch    4, Train AUC: 0.86037, Train Loss: 0.44517
Epoch    4, Test AUC: 0.71935, Test AUC Curr: 0.82092, Test Loss: 0.67334
time used for this epoch: 468.18379974365234s
***********
Epoch    5, Train AUC: 0.86439, Train Loss: 0.438
Epoch    5, Test AUC: 0.71157, Test AUC Curr: 0.8192, Test Loss: 0.66734
time used for this epoch: 471.5639052391052s
***********
Epoch    6, Train AUC: 0.86805, Train Loss: 0.43281
Epoch    6, Test AUC: 0.7129, Test AUC Curr: 0.81485, Test Loss: 0.66819
time used for this epoch: 471.3077766895294s
***********
Epoch    7, Train AUC: 0.87129, Train Loss: 0.42849
Epoch    7, Test AUC: 0.70513, Test AUC Curr: 0.78645, Test Loss: 0.70764
time used for this epoch: 458.9333908557892s
***********
Epoch    8, Train AUC: 0.87432, Train Loss: 0.42302
Epoch    8, Test AUC: 0.70873, Test AUC Curr: 0.80794, Test Loss: 0.66895
time used for this epoch: 476.63196182250977s
***********
Epoch    9, Train AUC: 0.87661, Train Loss: 0.42008
Epoch    9, Test AUC: 0.70579, Test AUC Curr: 0.79746, Test Loss: 0.6777
time used for this epoch: 466.8864538669586s
***********
Epoch   10, Train AUC: 0.87927, Train Loss: 0.41529
Epoch   10, Test AUC: 0.70719, Test AUC Curr: 0.79419, Test Loss: 0.68833
time used for this epoch: 474.10889649391174s
***********
Epoch   11, Train AUC: 0.88191, Train Loss: 0.41147
Epoch   11, Test AUC: 0.69882, Test AUC Curr: 0.77511, Test Loss: 0.70054
time used for this epoch: 471.2439525127411s
***********
Epoch   12, Train AUC: 0.88377, Train Loss: 0.40849
Epoch   12, Test AUC: 0.69113, Test AUC Curr: 0.77331, Test Loss: 0.70729
time used for this epoch: 492.73837447166443s
***********
No improvement shown in 10 epochs. Quit Training.
The best testing result occured at: 1-th epoch, with testing AUC: 0.72354
*********************************
average AUC for 1 runs: 0.7235410191831241
average AUC Current for 1 runs: 0.8546168541225564
average waviness-l1 for 1 runs: 0.0837035549925903
average waviness-l2 for 1 runs: 0.1313468509359241
average consistency_m1 for 1 runs: 0.4370631960117092
average consistency_m1 for 1 runs: 0.06105880186848471
latex: 
cell_type & num. layer & layer_structure & learning rate & keep prob. & $\lambda_o$ & $\lambda_{w_1}$ & $\lambda_{w_2}$ & Avg. AUC(N) & Avg. AUC(C) & Avg. $w_1$ & Avg. $w_2$ & Avg. $m_1$ & Avg. $m_2$\\ 
LSTM & 1 & 200 & 0.0100 & 0.5000 & 0.0000 & 0.0000 & 0.0000 & 0.7235410191831241 $\pm$ 0.0 & 0.8546168541225564 $\pm$ 0.0 & 0.0837035549925903 $\pm$ 0.0 & 0.1313468509359241 $\pm$ 0.0 & 0.4370631960117092 $\pm$ 0.0 & 0.06105880186848471 $\pm$ 0.0\\ 

