Network Configuration:
batch_size: 32
hidden_layer_structure: [200]
learning_rate: 0.01
keep_prob: 0.5
rnn_cell: <class 'tensorflow.python.ops.rnn_cell_impl.LSTMCell'>
max_grad_norm: 5.0
lambda_w1: 0.0
lambda_w2: 0.0
lambda_o: 0.0
embedding: False
Num of problems: 124
Num of run: 1
Max num of run: 30
Keep Prob: 0.5
Epoch    1, Train AUC: 0.54776, Train Loss: 0.67669
Epoch    1, Test AUC: 0.54565, Test AUC Curr: 0.56346, Test Loss: 0.70667*
w_l1: 0.004409636940844482, w_l2: 0.013024846391537897
m1: 0.40756690249154104, m2: 0.0056600801415239545. Saving the model
time used for this epoch: 1.7267651557922363s
***********
Epoch    2, Train AUC: 0.65813, Train Loss: 0.63965
Epoch    2, Test AUC: 0.57974, Test AUC Curr: 0.64225, Test Loss: 0.67403*
w_l1: 0.005404424072942969, w_l2: 0.008929869964873379
m1: 0.48569670870501386, m2: 0.014891664098497905. Saving the model
time used for this epoch: 1.1630218029022217s
***********
Epoch    3, Train AUC: 0.77186, Train Loss: 0.5573
Epoch    3, Test AUC: 0.58091, Test AUC Curr: 0.6369, Test Loss: 0.68933*
w_l1: 0.007214355048309818, w_l2: 0.012231290933553685
m1: 0.4813903414334051, m2: 0.018071611380071063. Saving the model
time used for this epoch: 1.1869614124298096s
***********
Epoch    4, Train AUC: 0.7818, Train Loss: 0.55655
Epoch    4, Test AUC: 0.5733, Test AUC Curr: 0.62994, Test Loss: 0.70101
time used for this epoch: 0.647158145904541s
***********
Epoch    5, Train AUC: 0.80821, Train Loss: 0.50457
Epoch    5, Test AUC: 0.57103, Test AUC Curr: 0.63435, Test Loss: 0.69971
time used for this epoch: 0.6554417610168457s
***********
Epoch    6, Train AUC: 0.83197, Train Loss: 0.49914
Epoch    6, Test AUC: 0.57322, Test AUC Curr: 0.63704, Test Loss: 0.71475
time used for this epoch: 0.6638612747192383s
***********
Epoch    7, Train AUC: 0.83275, Train Loss: 0.50401
Epoch    7, Test AUC: 0.58386, Test AUC Curr: 0.65282, Test Loss: 0.70559*
w_l1: 0.01433064024946399, w_l2: 0.022695701329890603
m1: 0.5078437403875731, m2: 0.02687683424668032. Saving the model
time used for this epoch: 1.114495038986206s
***********
Epoch    8, Train AUC: 0.84244, Train Loss: 0.48799
Epoch    8, Test AUC: 0.58451, Test AUC Curr: 0.65127, Test Loss: 0.72966*
w_l1: 0.016662602585548685, w_l2: 0.025914793359620682
m1: 0.4875422946785604, m2: 0.027105343677344157. Saving the model
time used for this epoch: 1.2304625511169434s
***********
Epoch    9, Train AUC: 0.8322, Train Loss: 0.47326
Epoch    9, Test AUC: 0.58892, Test AUC Curr: 0.65825, Test Loss: 0.73295*
w_l1: 0.01598752034257777, w_l2: 0.025067335730425
m1: 0.5078437403875731, m2: 0.026224558599469698. Saving the model
time used for this epoch: 1.1787052154541016s
***********
Epoch   10, Train AUC: 0.84875, Train Loss: 0.45816
Epoch   10, Test AUC: 0.57599, Test AUC Curr: 0.64262, Test Loss: 0.73491
time used for this epoch: 0.6421678066253662s
***********
Epoch   11, Train AUC: 0.86038, Train Loss: 0.44106
Epoch   11, Test AUC: 0.58533, Test AUC Curr: 0.66351, Test Loss: 0.7352
time used for this epoch: 0.6217262744903564s
***********
Epoch   12, Train AUC: 0.8766, Train Loss: 0.42688
Epoch   12, Test AUC: 0.60387, Test AUC Curr: 0.67546, Test Loss: 0.73256*
w_l1: 0.019479222992119655, w_l2: 0.030468812732138428
m1: 0.4875422946785604, m2: 0.027930428453021253. Saving the model
time used for this epoch: 1.1588099002838135s
***********
Epoch   13, Train AUC: 0.87851, Train Loss: 0.41996
Epoch   13, Test AUC: 0.61315, Test AUC Curr: 0.6878, Test Loss: 0.72303*
w_l1: 0.021822051967158074, w_l2: 0.03345207231307045
m1: 0.4746231928637342, m2: 0.030091139068239764. Saving the model
time used for this epoch: 1.144406795501709s
***********
Epoch   14, Train AUC: 0.89123, Train Loss: 0.3824
Epoch   14, Test AUC: 0.61561, Test AUC Curr: 0.68881, Test Loss: 0.73096*
w_l1: 0.022464970826160294, w_l2: 0.03459104076973591
m1: 0.4641648723469702, m2: 0.029499992751151147. Saving the model
time used for this epoch: 1.3545093536376953s
***********
Epoch   15, Train AUC: 0.89285, Train Loss: 0.40516
Epoch   15, Test AUC: 0.60991, Test AUC Curr: 0.68163, Test Loss: 0.74713
time used for this epoch: 0.6335468292236328s
***********
Epoch   16, Train AUC: 0.89663, Train Loss: 0.38067
Epoch   16, Test AUC: 0.60423, Test AUC Curr: 0.66815, Test Loss: 0.7621
time used for this epoch: 0.622323751449585s
***********
Epoch   17, Train AUC: 0.90107, Train Loss: 0.37211
Epoch   17, Test AUC: 0.60738, Test AUC Curr: 0.66872, Test Loss: 0.78279
time used for this epoch: 0.6673984527587891s
***********
Epoch   18, Train AUC: 0.90494, Train Loss: 0.37144
Epoch   18, Test AUC: 0.60353, Test AUC Curr: 0.66877, Test Loss: 0.76861
time used for this epoch: 0.6646313667297363s
***********
Epoch   19, Train AUC: 0.90829, Train Loss: 0.37732
Epoch   19, Test AUC: 0.59768, Test AUC Curr: 0.66512, Test Loss: 0.76666
time used for this epoch: 0.6403353214263916s
***********
Epoch   20, Train AUC: 0.91248, Train Loss: 0.35923
Epoch   20, Test AUC: 0.60718, Test AUC Curr: 0.67396, Test Loss: 0.76588
time used for this epoch: 0.6155898571014404s
***********
Epoch   21, Train AUC: 0.90749, Train Loss: 0.36814
Epoch   21, Test AUC: 0.6053, Test AUC Curr: 0.67216, Test Loss: 0.77572
time used for this epoch: 0.6660935878753662s
***********
Epoch   22, Train AUC: 0.8989, Train Loss: 0.39806
Epoch   22, Test AUC: 0.59159, Test AUC Curr: 0.65601, Test Loss: 0.81593
time used for this epoch: 0.6590304374694824s
***********
Epoch   23, Train AUC: 0.88973, Train Loss: 0.39926
Epoch   23, Test AUC: 0.59229, Test AUC Curr: 0.65777, Test Loss: 0.78902
time used for this epoch: 0.6212127208709717s
***********
Epoch   24, Train AUC: 0.88374, Train Loss: 0.39853
Epoch   24, Test AUC: 0.60101, Test AUC Curr: 0.67379, Test Loss: 0.76848
time used for this epoch: 0.6548159122467041s
***********
No improvement shown in 10 epochs. Quit Training.
The best testing result occured at: 13-th epoch, with testing AUC: 0.61561
*********************************
average AUC for 1 runs: 0.6156139278070538
average AUC Current for 1 runs: 0.6888143708941813
average waviness-l1 for 1 runs: 0.022464970826160294
average waviness-l2 for 1 runs: 0.03459104076973591
average consistency_m1 for 1 runs: 0.4641648723469702
average consistency_m1 for 1 runs: 0.029499992751151147
latex: 
cell_type & num. layer & layer_structure & learning rate & keep prob. & $\lambda_o$ & $\lambda_{w_1}$ & $\lambda_{w_2}$ & Avg. AUC(N) & Avg. AUC(C) & Avg. $w_1$ & Avg. $w_2$ & Avg. $m_1$ & Avg. $m_2$\\ 
LSTM & 1 & 200 & 0.0100 & 0.5000 & 0.0000 & 0.0000 & 0.0000 & 0.6156139278070538 $\pm$ 0.0 & 0.6888143708941813 $\pm$ 0.0 & 0.022464970826160294 $\pm$ 0.0 & 0.03459104076973591 $\pm$ 0.0 & 0.4641648723469702 $\pm$ 0.0 & 0.029499992751151147 $\pm$ 0.0\\ 

