Network Configuration:
batch_size: 32
hidden_layer_structure: [200]
learning_rate: 0.01
keep_prob: 0.5
rnn_cell: <class 'tensorflow.python.ops.rnn_cell_impl.LSTMCell'>
max_grad_norm: 5.0
lambda_w1: 0.0
lambda_w2: 0.0
lambda_o: 0.0
embedding: False
Num of problems: 124
Num of run: 1
Max num of run: 30
Keep Prob: 0.5
Epoch    1, Train AUC: 0.60785, Train Loss: 0.67226
Epoch    1, Test AUC: 0.55397, Test AUC Curr: 0.56772, Test Loss: 0.72093*
w_l1: 0.004348601422146049, w_l2: 0.013931459557049535
m1: 0.40203014457090125, m2: 0.005576376748503043. Saving the model
time used for this epoch: 2.904937982559204s
***********
Epoch    2, Train AUC: 0.69646, Train Loss: 0.62194
Epoch    2, Test AUC: 0.55836, Test AUC Curr: 0.60521, Test Loss: 0.68871*
w_l1: 0.005516844775836929, w_l2: 0.009724807335795104
m1: 0.45309135650569055, m2: 0.013850575078637444. Saving the model
time used for this epoch: 2.8424782752990723s
***********
Epoch    3, Train AUC: 0.77575, Train Loss: 0.55849
Epoch    3, Test AUC: 0.55311, Test AUC Curr: 0.60359, Test Loss: 0.70771
time used for this epoch: 1.453932762145996s
***********
Epoch    4, Train AUC: 0.78903, Train Loss: 0.54087
Epoch    4, Test AUC: 0.57492, Test AUC Curr: 0.62557, Test Loss: 0.7235*
w_l1: 0.009170785795486093, w_l2: 0.015523281423960715
m1: 0.4666256536450323, m2: 0.019140983720589914. Saving the model
time used for this epoch: 2.654726982116699s
***********
Epoch    5, Train AUC: 0.8079, Train Loss: 0.49714
Epoch    5, Test AUC: 0.57558, Test AUC Curr: 0.62673, Test Loss: 0.72642*
w_l1: 0.011361021805621456, w_l2: 0.019044165899989526
m1: 0.4641648723469702, m2: 0.019703129994542882. Saving the model
time used for this epoch: 2.7391321659088135s
***********
Epoch    6, Train AUC: 0.82397, Train Loss: 0.51723
Epoch    6, Test AUC: 0.56675, Test AUC Curr: 0.61938, Test Loss: 0.71344
time used for this epoch: 1.6361846923828125s
***********
Epoch    7, Train AUC: 0.81768, Train Loss: 0.51792
Epoch    7, Test AUC: 0.57883, Test AUC Curr: 0.6355, Test Loss: 0.71491*
w_l1: 0.012646121723596068, w_l2: 0.02058859199367816
m1: 0.4918486619501692, m2: 0.022560920111401855. Saving the model
time used for this epoch: 2.505980968475342s
***********
Epoch    8, Train AUC: 0.80806, Train Loss: 0.51139
Epoch    8, Test AUC: 0.59323, Test AUC Curr: 0.66178, Test Loss: 0.68643*
w_l1: 0.013516197888892485, w_l2: 0.021434014248605898
m1: 0.4844663180559828, m2: 0.02391378438975106. Saving the model
time used for this epoch: 2.8473212718963623s
***********
Epoch    9, Train AUC: 0.83165, Train Loss: 0.48113
Epoch    9, Test AUC: 0.58985, Test AUC Curr: 0.66122, Test Loss: 0.68794
time used for this epoch: 1.7722764015197754s
***********
Epoch   10, Train AUC: 0.85095, Train Loss: 0.45947
Epoch   10, Test AUC: 0.58731, Test AUC Curr: 0.64689, Test Loss: 0.72095
time used for this epoch: 1.4910082817077637s
***********
Epoch   11, Train AUC: 0.85363, Train Loss: 0.45035
Epoch   11, Test AUC: 0.59657, Test AUC Curr: 0.66573, Test Loss: 0.72059*
w_l1: 0.018142852713613027, w_l2: 0.02769750124284138
m1: 0.45616733312826824, m2: 0.02561977919121223. Saving the model
time used for this epoch: 2.7112975120544434s
***********
Epoch   12, Train AUC: 0.86098, Train Loss: 0.44282
Epoch   12, Test AUC: 0.59297, Test AUC Curr: 0.65958, Test Loss: 0.74301
time used for this epoch: 1.5311806201934814s
***********
Epoch   13, Train AUC: 0.87114, Train Loss: 0.42845
Epoch   13, Test AUC: 0.60307, Test AUC Curr: 0.66556, Test Loss: 0.74345*
w_l1: 0.02142954525087843, w_l2: 0.032532334322169475
m1: 0.43709627806828666, m2: 0.026995965523999934. Saving the model
time used for this epoch: 2.987103223800659s
***********
Epoch   14, Train AUC: 0.87735, Train Loss: 0.41391
Epoch   14, Test AUC: 0.5839, Test AUC Curr: 0.63948, Test Loss: 0.76496
time used for this epoch: 1.746828556060791s
***********
Epoch   15, Train AUC: 0.87982, Train Loss: 0.42961
Epoch   15, Test AUC: 0.59237, Test AUC Curr: 0.64937, Test Loss: 0.76838
time used for this epoch: 1.527456521987915s
***********
Epoch   16, Train AUC: 0.88225, Train Loss: 0.39753
Epoch   16, Test AUC: 0.61356, Test AUC Curr: 0.68508, Test Loss: 0.73166*
w_l1: 0.025719163627311355, w_l2: 0.03874997257138946
m1: 0.4364810827437711, m2: 0.02976941711277054. Saving the model
time used for this epoch: 2.9621806144714355s
***********
Epoch   17, Train AUC: 0.88768, Train Loss: 0.40573
Epoch   17, Test AUC: 0.61419, Test AUC Curr: 0.68305, Test Loss: 0.73606*
w_l1: 0.02788375960037171, w_l2: 0.04158796674228551
m1: 0.42233159027991385, m2: 0.029650401927918076. Saving the model
time used for this epoch: 3.032597064971924s
***********
Epoch   18, Train AUC: 0.88208, Train Loss: 0.4086
Epoch   18, Test AUC: 0.6141, Test AUC Curr: 0.68063, Test Loss: 0.72908
time used for this epoch: 1.37221097946167s
***********
Epoch   19, Train AUC: 0.89344, Train Loss: 0.40426
Epoch   19, Test AUC: 0.62173, Test AUC Curr: 0.6865, Test Loss: 0.72825*
w_l1: 0.029414430074903443, w_l2: 0.0435495902023435
m1: 0.39095662872962167, m2: 0.029673719582136725. Saving the model
time used for this epoch: 3.1381924152374268s
***********
Epoch   20, Train AUC: 0.90064, Train Loss: 0.37344
Epoch   20, Test AUC: 0.61942, Test AUC Curr: 0.68352, Test Loss: 0.73999
time used for this epoch: 1.4674427509307861s
***********
Epoch   21, Train AUC: 0.89704, Train Loss: 0.38586
Epoch   21, Test AUC: 0.61411, Test AUC Curr: 0.68033, Test Loss: 0.74865
time used for this epoch: 1.437391757965088s
***********
Epoch   22, Train AUC: 0.90701, Train Loss: 0.3773
Epoch   22, Test AUC: 0.61226, Test AUC Curr: 0.67834, Test Loss: 0.76489
time used for this epoch: 1.6363213062286377s
***********
Epoch   23, Train AUC: 0.91302, Train Loss: 0.37001
Epoch   23, Test AUC: 0.60932, Test AUC Curr: 0.67523, Test Loss: 0.77484
time used for this epoch: 1.565316915512085s
***********
Epoch   24, Train AUC: 0.91492, Train Loss: 0.3492
Epoch   24, Test AUC: 0.60864, Test AUC Curr: 0.6753, Test Loss: 0.77381
time used for this epoch: 1.635159969329834s
***********
Epoch   25, Train AUC: 0.9173, Train Loss: 0.34069
Epoch   25, Test AUC: 0.60891, Test AUC Curr: 0.6701, Test Loss: 0.8128
time used for this epoch: 1.5846610069274902s
***********
Epoch   26, Train AUC: 0.92576, Train Loss: 0.33266
Epoch   26, Test AUC: 0.61042, Test AUC Curr: 0.669, Test Loss: 0.80781
time used for this epoch: 1.6919269561767578s
***********
Epoch   27, Train AUC: 0.92364, Train Loss: 0.32966
Epoch   27, Test AUC: 0.61055, Test AUC Curr: 0.66697, Test Loss: 0.82685
time used for this epoch: 1.4629509449005127s
***********
Epoch   28, Train AUC: 0.91261, Train Loss: 0.35313
Epoch   28, Test AUC: 0.60171, Test AUC Curr: 0.65961, Test Loss: 0.83629
time used for this epoch: 1.5146970748901367s
***********
Epoch   29, Train AUC: 0.91948, Train Loss: 0.3488
Epoch   29, Test AUC: 0.60015, Test AUC Curr: 0.65676, Test Loss: 0.8206
time used for this epoch: 1.5585925579071045s
***********
No improvement shown in 10 epochs. Quit Training.
The best testing result occured at: 18-th epoch, with testing AUC: 0.62173
*********************************
average AUC for 1 runs: 0.62173117389975
average AUC Current for 1 runs: 0.6865048541364139
average waviness-l1 for 1 runs: 0.029414430074903443
average waviness-l2 for 1 runs: 0.0435495902023435
average consistency_m1 for 1 runs: 0.39095662872962167
average consistency_m1 for 1 runs: 0.029673719582136725
latex: 
cell_type & num. layer & layer_structure & learning rate & keep prob. & $\lambda_o$ & $\lambda_{w_1}$ & $\lambda_{w_2}$ & Avg. AUC(N) & Avg. AUC(C) & Avg. $w_1$ & Avg. $w_2$ & Avg. $m_1$ & Avg. $m_2$\\ 
LSTM & 1 & 200 & 0.0100 & 0.5000 & 0.0000 & 0.0000 & 0.0000 & 0.62173117389975 $\pm$ 0.0 & 0.6865048541364139 $\pm$ 0.0 & 0.029414430074903443 $\pm$ 0.0 & 0.0435495902023435 $\pm$ 0.0 & 0.39095662872962167 $\pm$ 0.0 & 0.029673719582136725 $\pm$ 0.0\\ 

