Network Configuration:
batch_size: 64
hidden_layer_structure: [200]
learning_rate: 0.01
keep_prob: 0.5
rnn_cell: <class 'tensorflow.python.ops.rnn_cell_impl.LSTMCell'>
max_grad_norm: 5.0
lambda_w1: 0.003
lambda_w2: 3.0
lambda_o: 0.1
embedding: False
Num of problems: 105
Num of run: 5
Max num of run: 30
Keep Prob: 0.5
Epoch    1, Train ACC: 0.63511, Train AUC: 0.58351, Train Loss: 0.70682
Epoch    1, Valid ACC: 0.66494, Valid AUC: 0.65206, Valid AUC Curr: 0.78702, Valid Loss: 0.69847*
Epoch    1, Test ACC: 0.67279, Test AUC: 0.67937, Test AUC Curr: 0.79052, Test Loss: 0.68192
w_l1: 0.008202215462688626, w_l2: 0.01509374286395494
m1: 0.6957208689927584, m2: 0.03168438600524622. Saving the model
time used for this epoch: 7.048147439956665s
***********
Epoch    2, Train ACC: 0.70033, Train AUC: 0.69259, Train Loss: 0.64589
Epoch    2, Valid ACC: 0.70843, Valid AUC: 0.70995, Valid AUC Curr: 0.87862, Valid Loss: 0.6582*
Epoch    2, Test ACC: 0.70885, Test AUC: 0.73246, Test AUC Curr: 0.87622, Test Loss: 0.63722
w_l1: 0.011814381250589732, w_l2: 0.022239657043040435
m1: 0.8131994733377221, m2: 0.04890415321611275. Saving the model
time used for this epoch: 8.79393219947815s
***********
Epoch    3, Train ACC: 0.72332, Train AUC: 0.7316, Train Loss: 0.61223
Epoch    3, Valid ACC: 0.72008, Valid AUC: 0.72028, Valid AUC Curr: 0.91729, Valid Loss: 0.64538*
Epoch    3, Test ACC: 0.72248, Test AUC: 0.74682, Test AUC Curr: 0.91928, Test Loss: 0.61894
w_l1: 0.014456741848861664, w_l2: 0.026512630941174876
m1: 0.883410138248848, m2: 0.0610332613461421. Saving the model
time used for this epoch: 8.652729749679565s
***********
Epoch    4, Train ACC: 0.73007, Train AUC: 0.74289, Train Loss: 0.59834
Epoch    4, Valid ACC: 0.7234, Valid AUC: 0.73115, Valid AUC Curr: 0.92299, Valid Loss: 0.63648*
Epoch    4, Test ACC: 0.7297, Test AUC: 0.75726, Test AUC Curr: 0.92135, Test Loss: 0.60581
w_l1: 0.01638293209531769, w_l2: 0.03018502700177476
m1: 0.8772218564845293, m2: 0.06745338526562376. Saving the model
time used for this epoch: 8.922677755355835s
***********
Epoch    5, Train ACC: 0.73211, Train AUC: 0.74769, Train Loss: 0.59469
Epoch    5, Valid ACC: 0.72143, Valid AUC: 0.72882, Valid AUC Curr: 0.93555, Valid Loss: 0.63549
time used for this epoch: 5.925626516342163s
***********
Epoch    6, Train ACC: 0.73571, Train AUC: 0.75255, Train Loss: 0.58866
Epoch    6, Valid ACC: 0.72472, Valid AUC: 0.73134, Valid AUC Curr: 0.93845, Valid Loss: 0.63252*
Epoch    6, Test ACC: 0.72978, Test AUC: 0.75868, Test AUC Curr: 0.93618, Test Loss: 0.60085
w_l1: 0.017643387740661653, w_l2: 0.03199247751224322
m1: 0.8296247531270573, m2: 0.0747780119346662. Saving the model
time used for this epoch: 8.366910219192505s
***********
Epoch    7, Train ACC: 0.73654, Train AUC: 0.7548, Train Loss: 0.5863
Epoch    7, Valid ACC: 0.72498, Valid AUC: 0.73163, Valid AUC Curr: 0.94356, Valid Loss: 0.63166*
Epoch    7, Test ACC: 0.7315, Test AUC: 0.76112, Test AUC Curr: 0.94523, Test Loss: 0.59959
w_l1: 0.017937404057966722, w_l2: 0.03209863078689748
m1: 0.8060895325872285, m2: 0.07502192559506722. Saving the model
time used for this epoch: 8.452985048294067s
***********
Epoch    8, Train ACC: 0.73738, Train AUC: 0.75733, Train Loss: 0.58392
Epoch    8, Valid ACC: 0.72202, Valid AUC: 0.72946, Valid AUC Curr: 0.94248, Valid Loss: 0.63252
time used for this epoch: 6.254201173782349s
***********
Epoch    9, Train ACC: 0.73797, Train AUC: 0.75905, Train Loss: 0.58309
Epoch    9, Valid ACC: 0.72541, Valid AUC: 0.73331, Valid AUC Curr: 0.93695, Valid Loss: 0.62906*
Epoch    9, Test ACC: 0.73129, Test AUC: 0.75956, Test AUC Curr: 0.93712, Test Loss: 0.59681
w_l1: 0.018843124056591026, w_l2: 0.03430755642291722
m1: 0.7716919025674785, m2: 0.07542658268895253. Saving the model
time used for this epoch: 8.723015308380127s
***********
Epoch   10, Train ACC: 0.74016, Train AUC: 0.76343, Train Loss: 0.57977
Epoch   10, Valid ACC: 0.72446, Valid AUC: 0.73184, Valid AUC Curr: 0.9304, Valid Loss: 0.63132
time used for this epoch: 6.111019611358643s
***********
Epoch   11, Train ACC: 0.74065, Train AUC: 0.76539, Train Loss: 0.5778
Epoch   11, Valid ACC: 0.72518, Valid AUC: 0.73261, Valid AUC Curr: 0.93204, Valid Loss: 0.62937
time used for this epoch: 5.9334187507629395s
***********
Epoch   12, Train ACC: 0.7413, Train AUC: 0.76835, Train Loss: 0.57543
Epoch   12, Valid ACC: 0.72136, Valid AUC: 0.73228, Valid AUC Curr: 0.93431, Valid Loss: 0.63042
time used for this epoch: 5.948750972747803s
***********
Epoch   13, Train ACC: 0.74342, Train AUC: 0.77285, Train Loss: 0.57189
Epoch   13, Valid ACC: 0.72163, Valid AUC: 0.73268, Valid AUC Curr: 0.92891, Valid Loss: 0.63112
time used for this epoch: 6.197500228881836s
***********
Epoch   14, Train ACC: 0.74426, Train AUC: 0.77456, Train Loss: 0.57083
Epoch   14, Valid ACC: 0.71985, Valid AUC: 0.73042, Valid AUC Curr: 0.9265, Valid Loss: 0.6327
time used for this epoch: 5.804545164108276s
***********
Epoch   15, Train ACC: 0.74472, Train AUC: 0.7771, Train Loss: 0.56939
Epoch   15, Valid ACC: 0.72097, Valid AUC: 0.73215, Valid AUC Curr: 0.91786, Valid Loss: 0.63369
time used for this epoch: 6.079678058624268s
***********
Epoch   16, Train ACC: 0.74611, Train AUC: 0.77909, Train Loss: 0.56768
Epoch   16, Valid ACC: 0.72103, Valid AUC: 0.73122, Valid AUC Curr: 0.92074, Valid Loss: 0.63409
time used for this epoch: 5.967630624771118s
***********
Epoch   17, Train ACC: 0.74834, Train AUC: 0.78358, Train Loss: 0.56354
Epoch   17, Valid ACC: 0.72008, Valid AUC: 0.72912, Valid AUC Curr: 0.91808, Valid Loss: 0.63628
time used for this epoch: 6.133925914764404s
***********
Epoch   18, Train ACC: 0.74904, Train AUC: 0.78409, Train Loss: 0.5626
Epoch   18, Valid ACC: 0.71942, Valid AUC: 0.72882, Valid AUC Curr: 0.91247, Valid Loss: 0.63615
time used for this epoch: 6.159336566925049s
***********
Epoch   19, Train ACC: 0.75119, Train AUC: 0.78844, Train Loss: 0.55933
Epoch   19, Valid ACC: 0.71866, Valid AUC: 0.72966, Valid AUC Curr: 0.91145, Valid Loss: 0.63775
time used for this epoch: 6.091812610626221s
***********
No improvement shown in 10 epochs. Quit Training.
The best validation result occured at: 8-th epoch, with validation ACC: 0.72541 and AUC: 0.73331
The best testing result occured at: 8-th epoch, with testing ACC: 0.73129 and AUC: 0.75956
*********************************
Epoch    1, Train ACC: 0.67638, Train AUC: 0.65796, Train Loss: 0.66514
Epoch    1, Valid ACC: 0.70313, Valid AUC: 0.70273, Valid AUC Curr: 0.87068, Valid Loss: 0.66674*
Epoch    1, Test ACC: 0.69976, Test AUC: 0.72547, Test AUC Curr: 0.87498, Test Loss: 0.64551
w_l1: 0.011460112970678159, w_l2: 0.02243780285084717
m1: 0.7735023041474655, m2: 0.04543226937112877. Saving the model
time used for this epoch: 8.505150556564331s
***********
Epoch    2, Train ACC: 0.71655, Train AUC: 0.72355, Train Loss: 0.62114
Epoch    2, Valid ACC: 0.71208, Valid AUC: 0.71522, Valid AUC Curr: 0.92631, Valid Loss: 0.65123*
Epoch    2, Test ACC: 0.71545, Test AUC: 0.74178, Test AUC Curr: 0.92683, Test Loss: 0.62441
w_l1: 0.015653912921426223, w_l2: 0.02949759878499739
m1: 0.8599407504937459, m2: 0.06312870895925363. Saving the model
time used for this epoch: 8.507108688354492s
***********
Epoch    3, Train ACC: 0.72527, Train AUC: 0.73752, Train Loss: 0.6032
Epoch    3, Valid ACC: 0.71547, Valid AUC: 0.72142, Valid AUC Curr: 0.93122, Valid Loss: 0.6405*
Epoch    3, Test ACC: 0.72249, Test AUC: 0.75029, Test AUC Curr: 0.93241, Test Loss: 0.60927
w_l1: 0.01669978026272264, w_l2: 0.030899059800676296
m1: 0.8680381830151416, m2: 0.0719533271503888. Saving the model
time used for this epoch: 8.581139087677002s
***********
Epoch    4, Train ACC: 0.72881, Train AUC: 0.74261, Train Loss: 0.59861
Epoch    4, Valid ACC: 0.72136, Valid AUC: 0.72772, Valid AUC Curr: 0.94441, Valid Loss: 0.63598*
Epoch    4, Test ACC: 0.72633, Test AUC: 0.75648, Test AUC Curr: 0.94614, Test Loss: 0.60395
w_l1: 0.01709762531681865, w_l2: 0.032105960008872225
m1: 0.8761685319289005, m2: 0.07441624499528796. Saving the model
time used for this epoch: 8.55477237701416s
***********
Epoch    5, Train ACC: 0.73195, Train AUC: 0.74952, Train Loss: 0.59194
Epoch    5, Valid ACC: 0.72324, Valid AUC: 0.72846, Valid AUC Curr: 0.94184, Valid Loss: 0.63448*
Epoch    5, Test ACC: 0.72761, Test AUC: 0.75473, Test AUC Curr: 0.93915, Test Loss: 0.60301
w_l1: 0.017022734276694606, w_l2: 0.03291320698734654
m1: 0.8690585911784069, m2: 0.07246461560492298. Saving the model
time used for this epoch: 8.568121433258057s
***********
Epoch    6, Train ACC: 0.73332, Train AUC: 0.75249, Train Loss: 0.58824
Epoch    6, Valid ACC: 0.72419, Valid AUC: 0.72985, Valid AUC Curr: 0.9467, Valid Loss: 0.63171*
Epoch    6, Test ACC: 0.72998, Test AUC: 0.75886, Test AUC Curr: 0.94682, Test Loss: 0.59992
w_l1: 0.017566372151796024, w_l2: 0.03323527908848509
m1: 0.8560566161948651, m2: 0.0764610844469918. Saving the model
time used for this epoch: 8.611692428588867s
***********
Epoch    7, Train ACC: 0.73471, Train AUC: 0.75607, Train Loss: 0.58598
Epoch    7, Valid ACC: 0.72209, Valid AUC: 0.72969, Valid AUC Curr: 0.94283, Valid Loss: 0.63176
time used for this epoch: 6.253605365753174s
***********
Epoch    8, Train ACC: 0.73691, Train AUC: 0.75784, Train Loss: 0.58422
Epoch    8, Valid ACC: 0.72291, Valid AUC: 0.73306, Valid AUC Curr: 0.93893, Valid Loss: 0.62966*
Epoch    8, Test ACC: 0.72959, Test AUC: 0.76195, Test AUC Curr: 0.94141, Test Loss: 0.5956
w_l1: 0.0177140453762044, w_l2: 0.03375057275982864
m1: 0.7996050032916392, m2: 0.07600853806110179. Saving the model
time used for this epoch: 8.432878255844116s
***********
Epoch    9, Train ACC: 0.73757, Train AUC: 0.76091, Train Loss: 0.58009
Epoch    9, Valid ACC: 0.72143, Valid AUC: 0.73284, Valid AUC Curr: 0.94004, Valid Loss: 0.62933
time used for this epoch: 6.162099123001099s
***********
Epoch   10, Train ACC: 0.73804, Train AUC: 0.76311, Train Loss: 0.58015
Epoch   10, Valid ACC: 0.72357, Valid AUC: 0.73115, Valid AUC Curr: 0.94335, Valid Loss: 0.62819
time used for this epoch: 6.004563808441162s
***********
Epoch   11, Train ACC: 0.7412, Train AUC: 0.76619, Train Loss: 0.57609
Epoch   11, Valid ACC: 0.71978, Valid AUC: 0.7306, Valid AUC Curr: 0.93881, Valid Loss: 0.62996
time used for this epoch: 5.809445858001709s
***********
Epoch   12, Train ACC: 0.74171, Train AUC: 0.7691, Train Loss: 0.57442
Epoch   12, Valid ACC: 0.72324, Valid AUC: 0.73212, Valid AUC Curr: 0.93328, Valid Loss: 0.62921
time used for this epoch: 6.069608688354492s
***********
Epoch   13, Train ACC: 0.7425, Train AUC: 0.77188, Train Loss: 0.57203
Epoch   13, Valid ACC: 0.71998, Valid AUC: 0.7317, Valid AUC Curr: 0.93479, Valid Loss: 0.63116
time used for this epoch: 5.9152233600616455s
***********
Epoch   14, Train ACC: 0.7432, Train AUC: 0.77465, Train Loss: 0.57006
Epoch   14, Valid ACC: 0.71748, Valid AUC: 0.72978, Valid AUC Curr: 0.93135, Valid Loss: 0.63185
time used for this epoch: 5.8278398513793945s
***********
Epoch   15, Train ACC: 0.7449, Train AUC: 0.77772, Train Loss: 0.56793
Epoch   15, Valid ACC: 0.71982, Valid AUC: 0.73174, Valid AUC Curr: 0.92751, Valid Loss: 0.63188
time used for this epoch: 6.089024066925049s
***********
Epoch   16, Train ACC: 0.7464, Train AUC: 0.78039, Train Loss: 0.56533
Epoch   16, Valid ACC: 0.72107, Valid AUC: 0.73036, Valid AUC Curr: 0.92859, Valid Loss: 0.63178
time used for this epoch: 5.862610101699829s
***********
Epoch   17, Train ACC: 0.74777, Train AUC: 0.78332, Train Loss: 0.56333
Epoch   17, Valid ACC: 0.71748, Valid AUC: 0.72854, Valid AUC Curr: 0.91911, Valid Loss: 0.63347
time used for this epoch: 6.073128700256348s
***********
Epoch   18, Train ACC: 0.74922, Train AUC: 0.787, Train Loss: 0.5603
Epoch   18, Valid ACC: 0.71824, Valid AUC: 0.728, Valid AUC Curr: 0.91762, Valid Loss: 0.63427
time used for this epoch: 6.132408857345581s
***********
No improvement shown in 10 epochs. Quit Training.
The best validation result occured at: 7-th epoch, with validation ACC: 0.72291 and AUC: 0.73306
The best testing result occured at: 7-th epoch, with testing ACC: 0.72959 and AUC: 0.76195
*********************************
Epoch    1, Train ACC: 0.67632, Train AUC: 0.65117, Train Loss: 0.66901
Epoch    1, Valid ACC: 0.70316, Valid AUC: 0.7084, Valid AUC Curr: 0.87477, Valid Loss: 0.66317*
Epoch    1, Test ACC: 0.70409, Test AUC: 0.73022, Test AUC Curr: 0.87603, Test Loss: 0.64208
w_l1: 0.01128569466558777, w_l2: 0.021934464256688917
m1: 0.7918367346938775, m2: 0.04601173201444669. Saving the model
time used for this epoch: 8.690645694732666s
***********
Epoch    2, Train ACC: 0.7192, Train AUC: 0.72896, Train Loss: 0.61799
Epoch    2, Valid ACC: 0.71363, Valid AUC: 0.72042, Valid AUC Curr: 0.91868, Valid Loss: 0.64574*
Epoch    2, Test ACC: 0.71924, Test AUC: 0.74732, Test AUC Curr: 0.91762, Test Loss: 0.617
w_l1: 0.015585180799193906, w_l2: 0.029050124108918652
m1: 0.8631336405529954, m2: 0.06470749242141735. Saving the model
time used for this epoch: 8.594671249389648s
***********
Epoch    3, Train ACC: 0.72653, Train AUC: 0.74028, Train Loss: 0.60135
Epoch    3, Valid ACC: 0.72038, Valid AUC: 0.72713, Valid AUC Curr: 0.93313, Valid Loss: 0.636*
Epoch    3, Test ACC: 0.72761, Test AUC: 0.75715, Test AUC Curr: 0.93336, Test Loss: 0.60488
w_l1: 0.016939333358152567, w_l2: 0.03173409096416663
m1: 0.8884792626728111, m2: 0.07184523141564626. Saving the model
time used for this epoch: 8.724050760269165s
***********
Epoch    4, Train ACC: 0.73157, Train AUC: 0.74661, Train Loss: 0.59363
Epoch    4, Valid ACC: 0.71856, Valid AUC: 0.72705, Valid AUC Curr: 0.94485, Valid Loss: 0.63464
time used for this epoch: 6.191007852554321s
***********
Epoch    5, Train ACC: 0.73284, Train AUC: 0.75059, Train Loss: 0.58923
Epoch    5, Valid ACC: 0.72465, Valid AUC: 0.73031, Valid AUC Curr: 0.94389, Valid Loss: 0.63167*
Epoch    5, Test ACC: 0.72973, Test AUC: 0.75981, Test AUC Curr: 0.94485, Test Loss: 0.59938
w_l1: 0.017964411915715624, w_l2: 0.0333682245518347
m1: 0.8508229098090849, m2: 0.07594902084268497. Saving the model
time used for this epoch: 8.621888160705566s
***********
Epoch    6, Train ACC: 0.73466, Train AUC: 0.75409, Train Loss: 0.58749
Epoch    6, Valid ACC: 0.72314, Valid AUC: 0.73146, Valid AUC Curr: 0.94371, Valid Loss: 0.62996*
Epoch    6, Test ACC: 0.72874, Test AUC: 0.75994, Test AUC Curr: 0.9441, Test Loss: 0.59812
w_l1: 0.017877642958408733, w_l2: 0.03335665408015803
m1: 0.8113890717577353, m2: 0.07612118307621249. Saving the model
time used for this epoch: 8.687896490097046s
***********
Epoch    7, Train ACC: 0.73668, Train AUC: 0.75738, Train Loss: 0.58318
Epoch    7, Valid ACC: 0.7238, Valid AUC: 0.72978, Valid AUC Curr: 0.94363, Valid Loss: 0.63057
time used for this epoch: 6.322682619094849s
***********
Epoch    8, Train ACC: 0.73749, Train AUC: 0.76076, Train Loss: 0.5807
Epoch    8, Valid ACC: 0.72304, Valid AUC: 0.73369, Valid AUC Curr: 0.94003, Valid Loss: 0.62918*
Epoch    8, Test ACC: 0.73072, Test AUC: 0.76078, Test AUC Curr: 0.94025, Test Loss: 0.5968
w_l1: 0.017748701382364524, w_l2: 0.03360348622093805
m1: 0.7415734035549704, m2: 0.0754497067307547. Saving the model
time used for this epoch: 9.102604389190674s
***********
Epoch    9, Train ACC: 0.73857, Train AUC: 0.76302, Train Loss: 0.57972
Epoch    9, Valid ACC: 0.72067, Valid AUC: 0.73268, Valid AUC Curr: 0.94197, Valid Loss: 0.62879
time used for this epoch: 6.355623483657837s
***********
Epoch   10, Train ACC: 0.73961, Train AUC: 0.76565, Train Loss: 0.57798
Epoch   10, Valid ACC: 0.71919, Valid AUC: 0.73017, Valid AUC Curr: 0.93812, Valid Loss: 0.63133
time used for this epoch: 6.208716154098511s
***********
Epoch   11, Train ACC: 0.74077, Train AUC: 0.76737, Train Loss: 0.5757
Epoch   11, Valid ACC: 0.71847, Valid AUC: 0.72939, Valid AUC Curr: 0.94391, Valid Loss: 0.63002
time used for this epoch: 6.106252431869507s
***********
Epoch   12, Train ACC: 0.74128, Train AUC: 0.76916, Train Loss: 0.57361
Epoch   12, Valid ACC: 0.71972, Valid AUC: 0.7327, Valid AUC Curr: 0.93574, Valid Loss: 0.62894
time used for this epoch: 6.328380107879639s
***********
Epoch   13, Train ACC: 0.74369, Train AUC: 0.77364, Train Loss: 0.57083
Epoch   13, Valid ACC: 0.72051, Valid AUC: 0.73287, Valid AUC Curr: 0.93388, Valid Loss: 0.63051
time used for this epoch: 6.232556104660034s
***********
Epoch   14, Train ACC: 0.74461, Train AUC: 0.77607, Train Loss: 0.56824
Epoch   14, Valid ACC: 0.71797, Valid AUC: 0.73143, Valid AUC Curr: 0.93037, Valid Loss: 0.63188
time used for this epoch: 6.019344329833984s
***********
Epoch   15, Train ACC: 0.74535, Train AUC: 0.7787, Train Loss: 0.56598
Epoch   15, Valid ACC: 0.72051, Valid AUC: 0.73175, Valid AUC Curr: 0.92471, Valid Loss: 0.63141
time used for this epoch: 6.035214424133301s
***********
Epoch   16, Train ACC: 0.74712, Train AUC: 0.78127, Train Loss: 0.56526
Epoch   16, Valid ACC: 0.71725, Valid AUC: 0.72732, Valid AUC Curr: 0.92678, Valid Loss: 0.63404
time used for this epoch: 5.973965883255005s
***********
Epoch   17, Train ACC: 0.74715, Train AUC: 0.78393, Train Loss: 0.56265
Epoch   17, Valid ACC: 0.71777, Valid AUC: 0.72682, Valid AUC Curr: 0.9295, Valid Loss: 0.63577
time used for this epoch: 6.261886119842529s
***********
Epoch   18, Train ACC: 0.74891, Train AUC: 0.78586, Train Loss: 0.56138
Epoch   18, Valid ACC: 0.71768, Valid AUC: 0.72714, Valid AUC Curr: 0.91562, Valid Loss: 0.63745
time used for this epoch: 6.041085243225098s
***********
No improvement shown in 10 epochs. Quit Training.
The best validation result occured at: 7-th epoch, with validation ACC: 0.72304 and AUC: 0.73369
The best testing result occured at: 7-th epoch, with testing ACC: 0.73072 and AUC: 0.76078
*********************************
Epoch    1, Train ACC: 0.67416, Train AUC: 0.65096, Train Loss: 0.67344
Epoch    1, Valid ACC: 0.70188, Valid AUC: 0.70635, Valid AUC Curr: 0.86712, Valid Loss: 0.66603*
Epoch    1, Test ACC: 0.7023, Test AUC: 0.72522, Test AUC Curr: 0.86765, Test Loss: 0.64551
w_l1: 0.010524875370928236, w_l2: 0.02065955681546109
m1: 0.7807439104674128, m2: 0.044098923451967975. Saving the model
time used for this epoch: 8.525234699249268s
***********
Epoch    2, Train ACC: 0.72084, Train AUC: 0.73214, Train Loss: 0.6129
Epoch    2, Valid ACC: 0.71929, Valid AUC: 0.72808, Valid AUC Curr: 0.90926, Valid Loss: 0.64026*
Epoch    2, Test ACC: 0.72396, Test AUC: 0.75041, Test AUC Curr: 0.90541, Test Loss: 0.6137
w_l1: 0.014821905270791436, w_l2: 0.028726280713081396
m1: 0.8632982225148124, m2: 0.06097643025675598. Saving the model
time used for this epoch: 8.80222773551941s
***********
Epoch    3, Train ACC: 0.7292, Train AUC: 0.7434, Train Loss: 0.59852
Epoch    3, Valid ACC: 0.71932, Valid AUC: 0.73016, Valid AUC Curr: 0.92251, Valid Loss: 0.63564*
Epoch    3, Test ACC: 0.72554, Test AUC: 0.75756, Test AUC Curr: 0.92241, Test Loss: 0.6044
w_l1: 0.016196484210920077, w_l2: 0.03080745894326325
m1: 0.8785055957867017, m2: 0.0687025999899284. Saving the model
time used for this epoch: 8.694261074066162s
***********
Epoch    4, Train ACC: 0.731, Train AUC: 0.74726, Train Loss: 0.59342
Epoch    4, Valid ACC: 0.72159, Valid AUC: 0.73153, Valid AUC Curr: 0.93731, Valid Loss: 0.63179*
Epoch    4, Test ACC: 0.72899, Test AUC: 0.75936, Test AUC Curr: 0.9372, Test Loss: 0.59976
w_l1: 0.01759599849668392, w_l2: 0.032187883391019426
m1: 0.8775839368005267, m2: 0.07562030549599513. Saving the model
time used for this epoch: 8.510434865951538s
***********
Epoch    5, Train ACC: 0.73454, Train AUC: 0.75105, Train Loss: 0.58978
Epoch    5, Valid ACC: 0.72337, Valid AUC: 0.73246, Valid AUC Curr: 0.93849, Valid Loss: 0.63054*
Epoch    5, Test ACC: 0.73109, Test AUC: 0.76189, Test AUC Curr: 0.94244, Test Loss: 0.59675
w_l1: 0.01801560950507013, w_l2: 0.03320482208935652
m1: 0.8488479262672811, m2: 0.07581926926509419. Saving the model
time used for this epoch: 8.59883189201355s
***********
Epoch    6, Train ACC: 0.73721, Train AUC: 0.75479, Train Loss: 0.58679
Epoch    6, Valid ACC: 0.7236, Valid AUC: 0.73172, Valid AUC Curr: 0.9435, Valid Loss: 0.63008
time used for this epoch: 6.176169157028198s
***********
Epoch    7, Train ACC: 0.73722, Train AUC: 0.75737, Train Loss: 0.58401
Epoch    7, Valid ACC: 0.72482, Valid AUC: 0.73377, Valid AUC Curr: 0.93898, Valid Loss: 0.62784*
Epoch    7, Test ACC: 0.73024, Test AUC: 0.75987, Test AUC Curr: 0.93725, Test Loss: 0.59557
w_l1: 0.017891759054163785, w_l2: 0.03359366306503449
m1: 0.8059249506254115, m2: 0.07524476245565584. Saving the model
time used for this epoch: 8.472854614257812s
***********
Epoch    8, Train ACC: 0.73842, Train AUC: 0.75967, Train Loss: 0.58272
Epoch    8, Valid ACC: 0.7238, Valid AUC: 0.72953, Valid AUC Curr: 0.94348, Valid Loss: 0.63099
time used for this epoch: 6.29717230796814s
***********
Epoch    9, Train ACC: 0.73968, Train AUC: 0.76151, Train Loss: 0.58055
Epoch    9, Valid ACC: 0.72021, Valid AUC: 0.73048, Valid AUC Curr: 0.93857, Valid Loss: 0.62975
time used for this epoch: 5.7226409912109375s
***********
Epoch   10, Train ACC: 0.74024, Train AUC: 0.76627, Train Loss: 0.57669
Epoch   10, Valid ACC: 0.72291, Valid AUC: 0.73116, Valid AUC Curr: 0.93726, Valid Loss: 0.63072
time used for this epoch: 6.1297197341918945s
***********
Epoch   11, Train ACC: 0.74123, Train AUC: 0.7683, Train Loss: 0.57408
Epoch   11, Valid ACC: 0.7207, Valid AUC: 0.73028, Valid AUC Curr: 0.93129, Valid Loss: 0.63065
time used for this epoch: 6.083162546157837s
***********
Epoch   12, Train ACC: 0.74247, Train AUC: 0.77225, Train Loss: 0.57193
Epoch   12, Valid ACC: 0.72146, Valid AUC: 0.73106, Valid AUC Curr: 0.92513, Valid Loss: 0.6323
time used for this epoch: 5.987669944763184s
***********
Epoch   13, Train ACC: 0.74284, Train AUC: 0.77314, Train Loss: 0.57132
Epoch   13, Valid ACC: 0.72014, Valid AUC: 0.72932, Valid AUC Curr: 0.93251, Valid Loss: 0.63226
time used for this epoch: 5.853766202926636s
***********
Epoch   14, Train ACC: 0.74389, Train AUC: 0.77637, Train Loss: 0.56851
Epoch   14, Valid ACC: 0.721, Valid AUC: 0.72972, Valid AUC Curr: 0.92577, Valid Loss: 0.63293
time used for this epoch: 6.006246328353882s
***********
Epoch   15, Train ACC: 0.74669, Train AUC: 0.78062, Train Loss: 0.56578
Epoch   15, Valid ACC: 0.72001, Valid AUC: 0.72892, Valid AUC Curr: 0.91734, Valid Loss: 0.63534
time used for this epoch: 6.121488332748413s
***********
Epoch   16, Train ACC: 0.74826, Train AUC: 0.78416, Train Loss: 0.56165
Epoch   16, Valid ACC: 0.7181, Valid AUC: 0.72756, Valid AUC Curr: 0.91568, Valid Loss: 0.63608
time used for this epoch: 6.096667289733887s
***********
Epoch   17, Train ACC: 0.74974, Train AUC: 0.7871, Train Loss: 0.55975
Epoch   17, Valid ACC: 0.71935, Valid AUC: 0.72761, Valid AUC Curr: 0.9149, Valid Loss: 0.63618
time used for this epoch: 5.850880861282349s
***********
No improvement shown in 10 epochs. Quit Training.
The best validation result occured at: 6-th epoch, with validation ACC: 0.72482 and AUC: 0.73377
The best testing result occured at: 6-th epoch, with testing ACC: 0.73024 and AUC: 0.75987
*********************************
Epoch    1, Train ACC: 0.67691, Train AUC: 0.65786, Train Loss: 0.67249
Epoch    1, Valid ACC: 0.70079, Valid AUC: 0.702, Valid AUC Curr: 0.87154, Valid Loss: 0.67093*
Epoch    1, Test ACC: 0.70022, Test AUC: 0.72424, Test AUC Curr: 0.87032, Test Loss: 0.65098
w_l1: 0.011249085705095136, w_l2: 0.020896004191499017
m1: 0.7813034891375905, m2: 0.041824207796793064. Saving the model
time used for this epoch: 8.427915573120117s
***********
Epoch    2, Train ACC: 0.7202, Train AUC: 0.72775, Train Loss: 0.61607
Epoch    2, Valid ACC: 0.71949, Valid AUC: 0.72747, Valid AUC Curr: 0.91767, Valid Loss: 0.6427*
Epoch    2, Test ACC: 0.72348, Test AUC: 0.75004, Test AUC Curr: 0.91398, Test Loss: 0.61466
w_l1: 0.01580312292929573, w_l2: 0.029434268222658027
m1: 0.8771889400921659, m2: 0.06230210588019957. Saving the model
time used for this epoch: 8.698239803314209s
***********
Epoch    3, Train ACC: 0.72673, Train AUC: 0.7398, Train Loss: 0.6037
Epoch    3, Valid ACC: 0.72021, Valid AUC: 0.72403, Valid AUC Curr: 0.93949, Valid Loss: 0.63867
time used for this epoch: 5.959331035614014s
***********
Epoch    4, Train ACC: 0.73095, Train AUC: 0.74627, Train Loss: 0.59452
Epoch    4, Valid ACC: 0.72235, Valid AUC: 0.72987, Valid AUC Curr: 0.93696, Valid Loss: 0.63322*
Epoch    4, Test ACC: 0.72842, Test AUC: 0.75829, Test AUC Curr: 0.93413, Test Loss: 0.60191
w_l1: 0.017008122805463214, w_l2: 0.0319214394247164
m1: 0.8784068466096115, m2: 0.07353291760803916. Saving the model
time used for this epoch: 8.616650581359863s
***********
Epoch    5, Train ACC: 0.73374, Train AUC: 0.75098, Train Loss: 0.58952
Epoch    5, Valid ACC: 0.72103, Valid AUC: 0.72878, Valid AUC Curr: 0.94819, Valid Loss: 0.6331
time used for this epoch: 5.916166067123413s
***********
Epoch    6, Train ACC: 0.73328, Train AUC: 0.7524, Train Loss: 0.58853
Epoch    6, Valid ACC: 0.72278, Valid AUC: 0.73193, Valid AUC Curr: 0.93902, Valid Loss: 0.63148*
Epoch    6, Test ACC: 0.72699, Test AUC: 0.75865, Test AUC Curr: 0.94045, Test Loss: 0.59868
w_l1: 0.017774022885477747, w_l2: 0.032886279824924806
m1: 0.840552995391705, m2: 0.07673761038853982. Saving the model
time used for this epoch: 8.610552549362183s
***********
Epoch    7, Train ACC: 0.73582, Train AUC: 0.75599, Train Loss: 0.58511
Epoch    7, Valid ACC: 0.72255, Valid AUC: 0.72886, Valid AUC Curr: 0.94332, Valid Loss: 0.63333
time used for this epoch: 6.009902477264404s
***********
Epoch    8, Train ACC: 0.73814, Train AUC: 0.75839, Train Loss: 0.58296
Epoch    8, Valid ACC: 0.72646, Valid AUC: 0.73449, Valid AUC Curr: 0.94173, Valid Loss: 0.62908*
Epoch    8, Test ACC: 0.73067, Test AUC: 0.76179, Test AUC Curr: 0.94142, Test Loss: 0.59657
w_l1: 0.01786757530080651, w_l2: 0.033981634255359855
m1: 0.8119157340355497, m2: 0.07371767102063212. Saving the model
time used for this epoch: 8.7522873878479s
***********
Epoch    9, Train ACC: 0.73944, Train AUC: 0.76149, Train Loss: 0.57949
Epoch    9, Valid ACC: 0.72061, Valid AUC: 0.73277, Valid AUC Curr: 0.9416, Valid Loss: 0.62956
time used for this epoch: 6.120354652404785s
***********
Epoch   10, Train ACC: 0.73954, Train AUC: 0.76412, Train Loss: 0.57864
Epoch   10, Valid ACC: 0.72321, Valid AUC: 0.73451, Valid AUC Curr: 0.9377, Valid Loss: 0.62923*
Epoch   10, Test ACC: 0.73046, Test AUC: 0.76165, Test AUC Curr: 0.94046, Test Loss: 0.59513
w_l1: 0.017880216910471834, w_l2: 0.033525958846080346
m1: 0.7397300855826201, m2: 0.07459231796548742. Saving the model
time used for this epoch: 8.71508002281189s
***********
Epoch   11, Train ACC: 0.7409, Train AUC: 0.76613, Train Loss: 0.57598
Epoch   11, Valid ACC: 0.7236, Valid AUC: 0.7336, Valid AUC Curr: 0.93727, Valid Loss: 0.62916
time used for this epoch: 6.207641124725342s
***********
Epoch   12, Train ACC: 0.74146, Train AUC: 0.76837, Train Loss: 0.57519
Epoch   12, Valid ACC: 0.72156, Valid AUC: 0.72944, Valid AUC Curr: 0.9393, Valid Loss: 0.63141
time used for this epoch: 6.147202253341675s
***********
Epoch   13, Train ACC: 0.74206, Train AUC: 0.76944, Train Loss: 0.57386
Epoch   13, Valid ACC: 0.72275, Valid AUC: 0.7333, Valid AUC Curr: 0.93588, Valid Loss: 0.6308
time used for this epoch: 6.178145885467529s
***********
Epoch   14, Train ACC: 0.74269, Train AUC: 0.77218, Train Loss: 0.57187
Epoch   14, Valid ACC: 0.72186, Valid AUC: 0.72943, Valid AUC Curr: 0.92719, Valid Loss: 0.6323
time used for this epoch: 6.1129255294799805s
***********
Epoch   15, Train ACC: 0.74426, Train AUC: 0.7762, Train Loss: 0.56783
Epoch   15, Valid ACC: 0.72038, Valid AUC: 0.73117, Valid AUC Curr: 0.9242, Valid Loss: 0.6325
time used for this epoch: 6.043812990188599s
***********
Epoch   16, Train ACC: 0.74689, Train AUC: 0.77912, Train Loss: 0.56533
Epoch   16, Valid ACC: 0.72005, Valid AUC: 0.73176, Valid AUC Curr: 0.92825, Valid Loss: 0.63161
time used for this epoch: 6.0641770362854s
***********
Epoch   17, Train ACC: 0.7459, Train AUC: 0.78028, Train Loss: 0.56533
Epoch   17, Valid ACC: 0.7209, Valid AUC: 0.73156, Valid AUC Curr: 0.92346, Valid Loss: 0.63224
time used for this epoch: 6.000019311904907s
***********
Epoch   18, Train ACC: 0.74793, Train AUC: 0.78359, Train Loss: 0.5628
Epoch   18, Valid ACC: 0.71731, Valid AUC: 0.72901, Valid AUC Curr: 0.91693, Valid Loss: 0.63475
time used for this epoch: 6.071651935577393s
***********
Epoch   19, Train ACC: 0.74928, Train AUC: 0.78605, Train Loss: 0.56054
Epoch   19, Valid ACC: 0.72031, Valid AUC: 0.72995, Valid AUC Curr: 0.91207, Valid Loss: 0.63505
time used for this epoch: 6.199142932891846s
***********
Epoch   20, Train ACC: 0.75003, Train AUC: 0.78844, Train Loss: 0.55903
Epoch   20, Valid ACC: 0.71968, Valid AUC: 0.72854, Valid AUC Curr: 0.91263, Valid Loss: 0.63599
time used for this epoch: 6.306965351104736s
***********
No improvement shown in 10 epochs. Quit Training.
The best validation result occured at: 9-th epoch, with validation ACC: 0.72321 and AUC: 0.73451
The best testing result occured at: 9-th epoch, with testing ACC: 0.73046 and AUC: 0.76165
*********************************
average validation ACC for 5 runs: 0.7238775510204082
average validation AUC for 5 runs: 0.7336664597176689
average validation AUC Current for 5 runs: 0.9385184748430182

average waviness-l1 for 5 runs: 0.018015569355959115
average waviness-l2 for 5 runs: 0.03375624746295974
average consistency_m1 for 5 runs: 0.7717050691244239
average consistency_m1 for 5 runs: 0.07534438158039046

average test ACC for 5 runs: 0.7304597090986304
average test AUC for 5 runs: 0.7607631039793809
average test AUC Current for 5 runs: 0.9392991680824613

latex: 
cell_type & num. layer & layer_structure & learning rate & keep prob. & $\lambda_o$ & $\lambda_{w_1}$ & $\lambda_{w_2}$ & Avg. ACC(N) & Avg. AUC(N) & Avg. AUC(C) & Avg. $w_1$ & Avg. $w_2$ & Avg. $m_1$ & Avg. $m_2$\\ 
LSTM & 1 & 200 & 0.0100 & 0.5000 & 0.1000 & 0.0030 & 3.0000 & 0.7238775510204082 $\pm$ 0.001032043077933675 & 0.7336664597176689 $\pm$ 0.0004905351656734648 & 0.9385184748430182 $\pm$ 0.0010773138104167022 & 0.018015569355959115 $\pm$ 0.00041967398860677947 & 0.03375624746295974 $\pm$ 0.0002852284355256234 & 0.7717050691244239 $\pm$ 0.027855784434557992 & 0.07534438158039046 $\pm$ 0.0004548577560716902\\ 

