Network Configuration:
batch_size: 128
hidden_layer_structure: [200]
learning_rate: 0.01
keep_prob: 0.5
rnn_cell: <class 'tensorflow.python.ops.rnn_cell_impl.LSTMCell'>
max_grad_norm: 5.0
lambda_w1: 0.003
lambda_w2: 3.0
lambda_o: 0.1
emb_layer: False
skill_separate_emb: False
expand_correct_dim: False
embedding_dims: 200
Num of problems: 105
Num of run: 5
Max num of run: 30
Keep Prob: 0.5
Epoch    1, Train ACC: 0.62513, Train AUC: 0.58367, Train Loss: 0.71543
Epoch    1, Valid ACC: 0.65451, Valid AUC: 0.6489, Valid AUC Curr: 0.79111, Valid Loss: 0.69034*
Epoch    1, Test ACC: 0.66735, Test AUC: 0.67424, Test AUC Curr: 0.78941, Test Loss: 0.67507
w_l1: 0.00899955447071197, w_l2: 0.016537940207263405
m1: 0.6920206563384974, m2: 0.03546943072575282. Saving the model
time used for this epoch: 7.092264890670776s
***********
Epoch    2, Train ACC: 0.69803, Train AUC: 0.69464, Train Loss: 0.6411
Epoch    2, Valid ACC: 0.70408, Valid AUC: 0.70434, Valid AUC Curr: 0.89817, Valid Loss: 0.64897*
Epoch    2, Test ACC: 0.70539, Test AUC: 0.73033, Test AUC Curr: 0.89849, Test Loss: 0.63022
w_l1: 0.013132336281792615, w_l2: 0.025043243412723005
m1: 0.7999000499750125, m2: 0.05675062786414785. Saving the model
time used for this epoch: 9.283641338348389s
***********
Epoch    3, Train ACC: 0.72109, Train AUC: 0.72917, Train Loss: 0.61141
Epoch    3, Valid ACC: 0.71767, Valid AUC: 0.7213, Valid AUC Curr: 0.92547, Valid Loss: 0.63446*
Epoch    3, Test ACC: 0.72058, Test AUC: 0.75014, Test AUC Curr: 0.92431, Test Loss: 0.61163
w_l1: 0.014979773104606287, w_l2: 0.02861286433433852
m1: 0.8713976345160753, m2: 0.06695309554897069. Saving the model
time used for this epoch: 9.210438251495361s
***********
Epoch    4, Train ACC: 0.72893, Train AUC: 0.74215, Train Loss: 0.59993
Epoch    4, Valid ACC: 0.72014, Valid AUC: 0.72058, Valid AUC Curr: 0.94942, Valid Loss: 0.62915
time used for this epoch: 7.288760185241699s
***********
Epoch    5, Train ACC: 0.73045, Train AUC: 0.74544, Train Loss: 0.59557
Epoch    5, Valid ACC: 0.72564, Valid AUC: 0.73079, Valid AUC Curr: 0.94257, Valid Loss: 0.62108*
Epoch    5, Test ACC: 0.73018, Test AUC: 0.75897, Test AUC Curr: 0.94269, Test Loss: 0.59686
w_l1: 0.016979239736884963, w_l2: 0.03257819478078849
m1: 0.8569715142428785, m2: 0.07389932900850879. Saving the model
time used for this epoch: 9.294433355331421s
***********
Epoch    6, Train ACC: 0.73332, Train AUC: 0.75017, Train Loss: 0.59146
Epoch    6, Valid ACC: 0.72594, Valid AUC: 0.73213, Valid AUC Curr: 0.93576, Valid Loss: 0.61986*
Epoch    6, Test ACC: 0.72914, Test AUC: 0.75862, Test AUC Curr: 0.93481, Test Loss: 0.5969
w_l1: 0.017393180415058978, w_l2: 0.03343288246107259
m1: 0.8251874062968516, m2: 0.07317935275908373. Saving the model
time used for this epoch: 9.501077890396118s
***********
Epoch    7, Train ACC: 0.73413, Train AUC: 0.75274, Train Loss: 0.58926
Epoch    7, Valid ACC: 0.7245, Valid AUC: 0.72981, Valid AUC Curr: 0.94006, Valid Loss: 0.62075
time used for this epoch: 7.08683967590332s
***********
Epoch    8, Train ACC: 0.73567, Train AUC: 0.75616, Train Loss: 0.58583
Epoch    8, Valid ACC: 0.72357, Valid AUC: 0.73164, Valid AUC Curr: 0.93939, Valid Loss: 0.61829
time used for this epoch: 7.294102430343628s
***********
Epoch    9, Train ACC: 0.73786, Train AUC: 0.76102, Train Loss: 0.58117
Epoch    9, Valid ACC: 0.72377, Valid AUC: 0.7319, Valid AUC Curr: 0.94092, Valid Loss: 0.61864
time used for this epoch: 7.335217714309692s
***********
Epoch   10, Train ACC: 0.73872, Train AUC: 0.76364, Train Loss: 0.57984
Epoch   10, Valid ACC: 0.72231, Valid AUC: 0.73271, Valid AUC Curr: 0.93849, Valid Loss: 0.61859*
Epoch   10, Test ACC: 0.73041, Test AUC: 0.76216, Test AUC Curr: 0.94077, Test Loss: 0.59232
w_l1: 0.018220466876325822, w_l2: 0.034101696314244076
m1: 0.720839580209895, m2: 0.07516750378468107. Saving the model
time used for this epoch: 9.360711097717285s
***********
Epoch   11, Train ACC: 0.74014, Train AUC: 0.76635, Train Loss: 0.57783
Epoch   11, Valid ACC: 0.7262, Valid AUC: 0.73472, Valid AUC Curr: 0.93999, Valid Loss: 0.61759*
Epoch   11, Test ACC: 0.73044, Test AUC: 0.7606, Test AUC Curr: 0.94047, Test Loss: 0.59353
w_l1: 0.018477573155708468, w_l2: 0.03481265505116134
m1: 0.6968182575378977, m2: 0.07303472296925122. Saving the model
time used for this epoch: 9.712517499923706s
***********
Epoch   12, Train ACC: 0.74042, Train AUC: 0.7683, Train Loss: 0.57541
Epoch   12, Valid ACC: 0.7234, Valid AUC: 0.73228, Valid AUC Curr: 0.93179, Valid Loss: 0.61864
time used for this epoch: 7.083782911300659s
***********
Epoch   13, Train ACC: 0.74181, Train AUC: 0.77192, Train Loss: 0.57252
Epoch   13, Valid ACC: 0.72137, Valid AUC: 0.73139, Valid AUC Curr: 0.93132, Valid Loss: 0.62103
time used for this epoch: 7.07877516746521s
***********
Epoch   14, Train ACC: 0.74389, Train AUC: 0.77526, Train Loss: 0.57037
Epoch   14, Valid ACC: 0.71971, Valid AUC: 0.73018, Valid AUC Curr: 0.93212, Valid Loss: 0.62179
time used for this epoch: 7.208596229553223s
***********
Epoch   15, Train ACC: 0.7441, Train AUC: 0.77767, Train Loss: 0.5679
Epoch   15, Valid ACC: 0.72314, Valid AUC: 0.73225, Valid AUC Curr: 0.92735, Valid Loss: 0.62096
time used for this epoch: 7.286498785018921s
***********
Epoch   16, Train ACC: 0.74651, Train AUC: 0.78039, Train Loss: 0.56581
Epoch   16, Valid ACC: 0.72051, Valid AUC: 0.73002, Valid AUC Curr: 0.91943, Valid Loss: 0.62226
time used for this epoch: 7.23123836517334s
***********
Epoch   17, Train ACC: 0.74787, Train AUC: 0.78438, Train Loss: 0.56242
Epoch   17, Valid ACC: 0.72131, Valid AUC: 0.73015, Valid AUC Curr: 0.92494, Valid Loss: 0.62222
time used for this epoch: 7.357716798782349s
***********
Epoch   18, Train ACC: 0.74956, Train AUC: 0.78746, Train Loss: 0.56107
Epoch   18, Valid ACC: 0.71598, Valid AUC: 0.72757, Valid AUC Curr: 0.9141, Valid Loss: 0.62724
time used for this epoch: 7.310068845748901s
***********
Epoch   19, Train ACC: 0.74888, Train AUC: 0.78802, Train Loss: 0.56062
Epoch   19, Valid ACC: 0.71734, Valid AUC: 0.72754, Valid AUC Curr: 0.91078, Valid Loss: 0.62513
time used for this epoch: 7.47004771232605s
***********
Epoch   20, Train ACC: 0.75172, Train AUC: 0.79336, Train Loss: 0.5566
Epoch   20, Valid ACC: 0.72034, Valid AUC: 0.72781, Valid AUC Curr: 0.90238, Valid Loss: 0.62649
time used for this epoch: 7.391433000564575s
***********
Epoch   21, Train ACC: 0.75458, Train AUC: 0.79767, Train Loss: 0.55166
Epoch   21, Valid ACC: 0.71618, Valid AUC: 0.72394, Valid AUC Curr: 0.90042, Valid Loss: 0.62971
time used for this epoch: 7.197036504745483s
***********
No improvement shown in 10 epochs. Quit Training.
The best validation result occured at: 10-th epoch, with validation ACC: 0.7262 and AUC: 0.73472
The best testing result occured at: 10-th epoch, with testing ACC: 0.73044 and AUC: 0.7606
*********************************
Epoch    1, Train ACC: 0.68263, Train AUC: 0.6724, Train Loss: 0.65707
Epoch    1, Valid ACC: 0.71238, Valid AUC: 0.71623, Valid AUC Curr: 0.87539, Valid Loss: 0.6436*
Epoch    1, Test ACC: 0.71219, Test AUC: 0.73585, Test AUC Curr: 0.87679, Test Loss: 0.62516
w_l1: 0.012463589672655826, w_l2: 0.02455250174552037
m1: 0.8173246709978345, m2: 0.05002252329354999. Saving the model
time used for this epoch: 9.376524209976196s
***********
Epoch    2, Train ACC: 0.7241, Train AUC: 0.73422, Train Loss: 0.60625
Epoch    2, Valid ACC: 0.72337, Valid AUC: 0.72547, Valid AUC Curr: 0.93009, Valid Loss: 0.6301*
Epoch    2, Test ACC: 0.72716, Test AUC: 0.75392, Test AUC Curr: 0.92992, Test Loss: 0.60869
w_l1: 0.0161862631645676, w_l2: 0.03023521075197475
m1: 0.871464267866067, m2: 0.06738129802868602. Saving the model
time used for this epoch: 9.334035873413086s
***********
Epoch    3, Train ACC: 0.72898, Train AUC: 0.74265, Train Loss: 0.59853
Epoch    3, Valid ACC: 0.72191, Valid AUC: 0.72891, Valid AUC Curr: 0.93141, Valid Loss: 0.62365*
Epoch    3, Test ACC: 0.72771, Test AUC: 0.75786, Test AUC Curr: 0.92951, Test Loss: 0.60073
w_l1: 0.016887399406792004, w_l2: 0.031770183315116905
m1: 0.8828918873896385, m2: 0.07124052549349791. Saving the model
time used for this epoch: 9.390791416168213s
***********
Epoch    4, Train ACC: 0.73196, Train AUC: 0.74857, Train Loss: 0.59183
Epoch    4, Valid ACC: 0.72274, Valid AUC: 0.73137, Valid AUC Curr: 0.93939, Valid Loss: 0.61997*
Epoch    4, Test ACC: 0.726, Test AUC: 0.75796, Test AUC Curr: 0.94192, Test Loss: 0.5959
w_l1: 0.017258701426409135, w_l2: 0.03183829037667853
m1: 0.8618357487922705, m2: 0.07691932455929006. Saving the model
time used for this epoch: 9.31307864189148s
***********
Epoch    5, Train ACC: 0.73294, Train AUC: 0.75118, Train Loss: 0.58928
Epoch    5, Valid ACC: 0.7253, Valid AUC: 0.73244, Valid AUC Curr: 0.9422, Valid Loss: 0.61772*
Epoch    5, Test ACC: 0.72968, Test AUC: 0.75886, Test AUC Curr: 0.94099, Test Loss: 0.59474
w_l1: 0.01741010694927368, w_l2: 0.03231122408815544
m1: 0.8320839580209896, m2: 0.07560682816047103. Saving the model
time used for this epoch: 9.409872055053711s
***********
Epoch    6, Train ACC: 0.73543, Train AUC: 0.75512, Train Loss: 0.58607
Epoch    6, Valid ACC: 0.72281, Valid AUC: 0.73218, Valid AUC Curr: 0.93295, Valid Loss: 0.6201
time used for this epoch: 7.100976228713989s
***********
Epoch    7, Train ACC: 0.73602, Train AUC: 0.75744, Train Loss: 0.58437
Epoch    7, Valid ACC: 0.72594, Valid AUC: 0.73474, Valid AUC Curr: 0.93112, Valid Loss: 0.61624*
Epoch    7, Test ACC: 0.73382, Test AUC: 0.76304, Test AUC Curr: 0.93472, Test Loss: 0.59129
w_l1: 0.0174657693894572, w_l2: 0.03366467757888452
m1: 0.7677827752790272, m2: 0.07187610354579212. Saving the model
time used for this epoch: 9.422787189483643s
***********
Epoch    8, Train ACC: 0.73735, Train AUC: 0.75953, Train Loss: 0.58329
Epoch    8, Valid ACC: 0.72647, Valid AUC: 0.73479, Valid AUC Curr: 0.94226, Valid Loss: 0.61505*
Epoch    8, Test ACC: 0.73135, Test AUC: 0.76306, Test AUC Curr: 0.94192, Test Loss: 0.58927
w_l1: 0.01764707100587754, w_l2: 0.03339873419756753
m1: 0.737464601032817, m2: 0.07601487954894483. Saving the model
time used for this epoch: 9.33527159690857s
***********
Epoch    9, Train ACC: 0.73901, Train AUC: 0.7639, Train Loss: 0.57932
Epoch    9, Valid ACC: 0.72084, Valid AUC: 0.73074, Valid AUC Curr: 0.94148, Valid Loss: 0.61981
time used for this epoch: 7.144656181335449s
***********
Epoch   10, Train ACC: 0.74016, Train AUC: 0.76782, Train Loss: 0.57489
Epoch   10, Valid ACC: 0.7235, Valid AUC: 0.73377, Valid AUC Curr: 0.92568, Valid Loss: 0.61883
time used for this epoch: 6.958261728286743s
***********
Epoch   11, Train ACC: 0.74136, Train AUC: 0.77068, Train Loss: 0.57322
Epoch   11, Valid ACC: 0.72204, Valid AUC: 0.73296, Valid AUC Curr: 0.93185, Valid Loss: 0.61872
time used for this epoch: 7.142736911773682s
***********
Epoch   12, Train ACC: 0.74228, Train AUC: 0.772, Train Loss: 0.57271
Epoch   12, Valid ACC: 0.72484, Valid AUC: 0.73299, Valid AUC Curr: 0.92897, Valid Loss: 0.61845
time used for this epoch: 7.254163980484009s
***********
Epoch   13, Train ACC: 0.74472, Train AUC: 0.77714, Train Loss: 0.56868
Epoch   13, Valid ACC: 0.71961, Valid AUC: 0.73108, Valid AUC Curr: 0.93051, Valid Loss: 0.62014
time used for this epoch: 7.0018041133880615s
***********
Epoch   14, Train ACC: 0.745, Train AUC: 0.77977, Train Loss: 0.56672
Epoch   14, Valid ACC: 0.72424, Valid AUC: 0.73084, Valid AUC Curr: 0.92115, Valid Loss: 0.62057
time used for this epoch: 7.280969142913818s
***********
Epoch   15, Train ACC: 0.74688, Train AUC: 0.78295, Train Loss: 0.56396
Epoch   15, Valid ACC: 0.72077, Valid AUC: 0.73094, Valid AUC Curr: 0.91815, Valid Loss: 0.62224
time used for this epoch: 7.422152757644653s
***********
Epoch   16, Train ACC: 0.74787, Train AUC: 0.78573, Train Loss: 0.56189
Epoch   16, Valid ACC: 0.72017, Valid AUC: 0.73023, Valid AUC Curr: 0.91968, Valid Loss: 0.62294
time used for this epoch: 7.244570016860962s
***********
Epoch   17, Train ACC: 0.75025, Train AUC: 0.7884, Train Loss: 0.56026
Epoch   17, Valid ACC: 0.71821, Valid AUC: 0.72694, Valid AUC Curr: 0.91196, Valid Loss: 0.62726
time used for this epoch: 7.28445291519165s
***********
Epoch   18, Train ACC: 0.75274, Train AUC: 0.79306, Train Loss: 0.55526
Epoch   18, Valid ACC: 0.71661, Valid AUC: 0.72482, Valid AUC Curr: 0.89889, Valid Loss: 0.62917
time used for this epoch: 7.2684876918792725s
***********
No improvement shown in 10 epochs. Quit Training.
The best validation result occured at: 7-th epoch, with validation ACC: 0.72647 and AUC: 0.73479
The best testing result occured at: 7-th epoch, with testing ACC: 0.73135 and AUC: 0.76306
*********************************
Epoch    1, Train ACC: 0.68309, Train AUC: 0.66921, Train Loss: 0.66049
Epoch    1, Valid ACC: 0.70581, Valid AUC: 0.7084, Valid AUC Curr: 0.8834, Valid Loss: 0.64737*
Epoch    1, Test ACC: 0.70727, Test AUC: 0.73266, Test AUC Curr: 0.88453, Test Loss: 0.63119
w_l1: 0.012058348705332407, w_l2: 0.023025356004961195
m1: 0.8187239713476595, m2: 0.05068046126626997. Saving the model
time used for this epoch: 9.450927495956421s
***********
Epoch    2, Train ACC: 0.71981, Train AUC: 0.72882, Train Loss: 0.61232
Epoch    2, Valid ACC: 0.71641, Valid AUC: 0.71853, Valid AUC Curr: 0.93639, Valid Loss: 0.63183*
Epoch    2, Test ACC: 0.72022, Test AUC: 0.74742, Test AUC Curr: 0.93538, Test Loss: 0.6101
w_l1: 0.015714027776322578, w_l2: 0.02944561853627584
m1: 0.8653339996668332, m2: 0.06858154565081008. Saving the model
time used for this epoch: 9.611334800720215s
***********
Epoch    3, Train ACC: 0.72671, Train AUC: 0.73938, Train Loss: 0.602
Epoch    3, Valid ACC: 0.72047, Valid AUC: 0.72799, Valid AUC Curr: 0.93604, Valid Loss: 0.62278*
Epoch    3, Test ACC: 0.72518, Test AUC: 0.7561, Test AUC Curr: 0.93874, Test Loss: 0.59858
w_l1: 0.016671732755062507, w_l2: 0.03103662316791625
m1: 0.8685657171414293, m2: 0.07423801695766319. Saving the model
time used for this epoch: 9.478618144989014s
***********
Epoch    4, Train ACC: 0.72975, Train AUC: 0.74637, Train Loss: 0.59274
Epoch    4, Valid ACC: 0.72317, Valid AUC: 0.72957, Valid AUC Curr: 0.9452, Valid Loss: 0.61997*
Epoch    4, Test ACC: 0.72695, Test AUC: 0.75807, Test AUC Curr: 0.94699, Test Loss: 0.59586
w_l1: 0.016984353145825554, w_l2: 0.031361500065115275
m1: 0.8628019323671497, m2: 0.0770774277085049. Saving the model
time used for this epoch: 9.691977977752686s
***********
Epoch    5, Train ACC: 0.73307, Train AUC: 0.7495, Train Loss: 0.59116
Epoch    5, Valid ACC: 0.72474, Valid AUC: 0.72837, Valid AUC Curr: 0.94345, Valid Loss: 0.61973
time used for this epoch: 7.151593446731567s
***********
Epoch    6, Train ACC: 0.73401, Train AUC: 0.75411, Train Loss: 0.58645
Epoch    6, Valid ACC: 0.72467, Valid AUC: 0.73427, Valid AUC Curr: 0.9421, Valid Loss: 0.61728*
Epoch    6, Test ACC: 0.72982, Test AUC: 0.76103, Test AUC Curr: 0.94785, Test Loss: 0.59315
w_l1: 0.017247096217815453, w_l2: 0.03242412208884395
m1: 0.8120606363484925, m2: 0.07489004883193462. Saving the model
time used for this epoch: 9.28969669342041s
***********
Epoch    7, Train ACC: 0.7353, Train AUC: 0.75604, Train Loss: 0.58541
Epoch    7, Valid ACC: 0.72674, Valid AUC: 0.7346, Valid AUC Curr: 0.93513, Valid Loss: 0.61764*
Epoch    7, Test ACC: 0.73068, Test AUC: 0.76211, Test AUC Curr: 0.93549, Test Loss: 0.59307
w_l1: 0.017177264322930656, w_l2: 0.03260045263412194
m1: 0.7533899716808262, m2: 0.07306650949779518. Saving the model
time used for this epoch: 9.4483003616333s
***********
Epoch    8, Train ACC: 0.73658, Train AUC: 0.75839, Train Loss: 0.58326
Epoch    8, Valid ACC: 0.72234, Valid AUC: 0.73315, Valid AUC Curr: 0.93227, Valid Loss: 0.61723
time used for this epoch: 7.099796533584595s
***********
Epoch    9, Train ACC: 0.73848, Train AUC: 0.76212, Train Loss: 0.57915
Epoch    9, Valid ACC: 0.72777, Valid AUC: 0.73404, Valid AUC Curr: 0.93444, Valid Loss: 0.61711
time used for this epoch: 7.220886945724487s
***********
Epoch   10, Train ACC: 0.73886, Train AUC: 0.76539, Train Loss: 0.57659
Epoch   10, Valid ACC: 0.7247, Valid AUC: 0.7337, Valid AUC Curr: 0.936, Valid Loss: 0.61769
time used for this epoch: 7.237122297286987s
***********
Epoch   11, Train ACC: 0.73985, Train AUC: 0.76904, Train Loss: 0.57432
Epoch   11, Valid ACC: 0.724, Valid AUC: 0.73279, Valid AUC Curr: 0.9382, Valid Loss: 0.61795
time used for this epoch: 6.967416524887085s
***********
Epoch   12, Train ACC: 0.7428, Train AUC: 0.77115, Train Loss: 0.57432
Epoch   12, Valid ACC: 0.72101, Valid AUC: 0.7328, Valid AUC Curr: 0.93022, Valid Loss: 0.61955
time used for this epoch: 7.143193483352661s
***********
Epoch   13, Train ACC: 0.74251, Train AUC: 0.77314, Train Loss: 0.57057
Epoch   13, Valid ACC: 0.72161, Valid AUC: 0.73321, Valid AUC Curr: 0.92648, Valid Loss: 0.6194
time used for this epoch: 7.071309566497803s
***********
Epoch   14, Train ACC: 0.74332, Train AUC: 0.7771, Train Loss: 0.56913
Epoch   14, Valid ACC: 0.72081, Valid AUC: 0.73001, Valid AUC Curr: 0.93252, Valid Loss: 0.62024
time used for this epoch: 7.051043272018433s
***********
Epoch   15, Train ACC: 0.7463, Train AUC: 0.78051, Train Loss: 0.56606
Epoch   15, Valid ACC: 0.72201, Valid AUC: 0.73064, Valid AUC Curr: 0.92539, Valid Loss: 0.62066
time used for this epoch: 7.382943868637085s
***********
Epoch   16, Train ACC: 0.74628, Train AUC: 0.78312, Train Loss: 0.56322
Epoch   16, Valid ACC: 0.72171, Valid AUC: 0.72988, Valid AUC Curr: 0.91756, Valid Loss: 0.62175
time used for this epoch: 7.550077676773071s
***********
Epoch   17, Train ACC: 0.74783, Train AUC: 0.78676, Train Loss: 0.55978
Epoch   17, Valid ACC: 0.72094, Valid AUC: 0.73009, Valid AUC Curr: 0.91699, Valid Loss: 0.62331
time used for this epoch: 7.237548828125s
***********
No improvement shown in 10 epochs. Quit Training.
The best validation result occured at: 6-th epoch, with validation ACC: 0.72674 and AUC: 0.7346
The best testing result occured at: 6-th epoch, with testing ACC: 0.73068 and AUC: 0.76211
*********************************
Epoch    1, Train ACC: 0.68649, Train AUC: 0.6712, Train Loss: 0.6605
Epoch    1, Valid ACC: 0.70555, Valid AUC: 0.70501, Valid AUC Curr: 0.8824, Valid Loss: 0.6531*
Epoch    1, Test ACC: 0.70662, Test AUC: 0.73162, Test AUC Curr: 0.88934, Test Loss: 0.63509
w_l1: 0.012462040715743269, w_l2: 0.02378913555554531
m1: 0.7927369648509078, m2: 0.04923210046638077. Saving the model
time used for this epoch: 9.504993438720703s
***********
Epoch    2, Train ACC: 0.71867, Train AUC: 0.72743, Train Loss: 0.61443
Epoch    2, Valid ACC: 0.72321, Valid AUC: 0.7257, Valid AUC Curr: 0.92577, Valid Loss: 0.62867*
Epoch    2, Test ACC: 0.72646, Test AUC: 0.7533, Test AUC Curr: 0.92612, Test Loss: 0.60633
w_l1: 0.016020971907570142, w_l2: 0.030282585025014217
m1: 0.8829918374146261, m2: 0.06517501367681447. Saving the model
time used for this epoch: 9.505560874938965s
***********
Epoch    3, Train ACC: 0.72817, Train AUC: 0.74058, Train Loss: 0.60139
Epoch    3, Valid ACC: 0.72284, Valid AUC: 0.72754, Valid AUC Curr: 0.93112, Valid Loss: 0.62522*
Epoch    3, Test ACC: 0.72828, Test AUC: 0.7572, Test AUC Curr: 0.93178, Test Loss: 0.60149
w_l1: 0.016758571220905655, w_l2: 0.03181662268281713
m1: 0.8856238547392971, m2: 0.07066360355297288. Saving the model
time used for this epoch: 9.820985317230225s
***********
Epoch    4, Train ACC: 0.73034, Train AUC: 0.74597, Train Loss: 0.59407
Epoch    4, Valid ACC: 0.72294, Valid AUC: 0.72894, Valid AUC Curr: 0.94006, Valid Loss: 0.62004*
Epoch    4, Test ACC: 0.72934, Test AUC: 0.75929, Test AUC Curr: 0.94376, Test Loss: 0.59749
w_l1: 0.017386128954377213, w_l2: 0.03268158233967878
m1: 0.8569048808928869, m2: 0.07350593256132217. Saving the model
time used for this epoch: 9.617752075195312s
***********
Epoch    5, Train ACC: 0.73257, Train AUC: 0.74947, Train Loss: 0.59154
Epoch    5, Valid ACC: 0.7249, Valid AUC: 0.72971, Valid AUC Curr: 0.94094, Valid Loss: 0.62003*
Epoch    5, Test ACC: 0.72786, Test AUC: 0.75668, Test AUC Curr: 0.9438, Test Loss: 0.5969
w_l1: 0.016939219636147747, w_l2: 0.03196130898566109
m1: 0.848575712143928, m2: 0.0748770074359421. Saving the model
time used for this epoch: 9.517481565475464s
***********
Epoch    6, Train ACC: 0.73307, Train AUC: 0.7505, Train Loss: 0.58836
Epoch    6, Valid ACC: 0.72494, Valid AUC: 0.73266, Valid AUC Curr: 0.94518, Valid Loss: 0.61758*
Epoch    6, Test ACC: 0.72784, Test AUC: 0.7581, Test AUC Curr: 0.94459, Test Loss: 0.59573
w_l1: 0.017098912792416262, w_l2: 0.032317176491351435
m1: 0.8144594369481926, m2: 0.0747044751530148. Saving the model
time used for this epoch: 9.421469926834106s
***********
Epoch    7, Train ACC: 0.73636, Train AUC: 0.75772, Train Loss: 0.58323
Epoch    7, Valid ACC: 0.72527, Valid AUC: 0.73495, Valid AUC Curr: 0.93385, Valid Loss: 0.61564*
Epoch    7, Test ACC: 0.73101, Test AUC: 0.76395, Test AUC Curr: 0.93915, Test Loss: 0.59125
w_l1: 0.017932537358941313, w_l2: 0.03357586110467675
m1: 0.7942362152257205, m2: 0.07534962290627707. Saving the model
time used for this epoch: 9.343261241912842s
***********
Epoch    8, Train ACC: 0.73669, Train AUC: 0.75792, Train Loss: 0.58341
Epoch    8, Valid ACC: 0.72061, Valid AUC: 0.73152, Valid AUC Curr: 0.94068, Valid Loss: 0.6174
time used for this epoch: 7.309597969055176s
***********
Epoch    9, Train ACC: 0.73878, Train AUC: 0.76124, Train Loss: 0.58016
Epoch    9, Valid ACC: 0.72467, Valid AUC: 0.73203, Valid AUC Curr: 0.93887, Valid Loss: 0.6181
time used for this epoch: 7.066997528076172s
***********
Epoch   10, Train ACC: 0.73997, Train AUC: 0.76507, Train Loss: 0.57762
Epoch   10, Valid ACC: 0.72221, Valid AUC: 0.73192, Valid AUC Curr: 0.93926, Valid Loss: 0.61796
time used for this epoch: 6.961613655090332s
***********
Epoch   11, Train ACC: 0.74086, Train AUC: 0.76802, Train Loss: 0.57508
Epoch   11, Valid ACC: 0.7241, Valid AUC: 0.73282, Valid AUC Curr: 0.93088, Valid Loss: 0.61931
time used for this epoch: 7.279661655426025s
***********
Epoch   12, Train ACC: 0.74251, Train AUC: 0.77117, Train Loss: 0.57272
Epoch   12, Valid ACC: 0.72517, Valid AUC: 0.73393, Valid AUC Curr: 0.93134, Valid Loss: 0.61812
time used for this epoch: 7.039304733276367s
***********
Epoch   13, Train ACC: 0.74179, Train AUC: 0.77268, Train Loss: 0.57185
Epoch   13, Valid ACC: 0.72307, Valid AUC: 0.73282, Valid AUC Curr: 0.9237, Valid Loss: 0.61944
time used for this epoch: 7.164819002151489s
***********
Epoch   14, Train ACC: 0.74426, Train AUC: 0.77613, Train Loss: 0.56855
Epoch   14, Valid ACC: 0.72321, Valid AUC: 0.73185, Valid AUC Curr: 0.92473, Valid Loss: 0.62064
time used for this epoch: 7.2502593994140625s
***********
Epoch   15, Train ACC: 0.7461, Train AUC: 0.78033, Train Loss: 0.56508
Epoch   15, Valid ACC: 0.72347, Valid AUC: 0.73122, Valid AUC Curr: 0.92047, Valid Loss: 0.62206
time used for this epoch: 7.090296983718872s
***********
Epoch   16, Train ACC: 0.74651, Train AUC: 0.78229, Train Loss: 0.5643
Epoch   16, Valid ACC: 0.72171, Valid AUC: 0.73219, Valid AUC Curr: 0.92207, Valid Loss: 0.62145
time used for this epoch: 7.215873956680298s
***********
Epoch   17, Train ACC: 0.7479, Train AUC: 0.78419, Train Loss: 0.5629
Epoch   17, Valid ACC: 0.71914, Valid AUC: 0.72899, Valid AUC Curr: 0.91545, Valid Loss: 0.62552
time used for this epoch: 7.245903253555298s
***********
No improvement shown in 10 epochs. Quit Training.
The best validation result occured at: 6-th epoch, with validation ACC: 0.72527 and AUC: 0.73495
The best testing result occured at: 6-th epoch, with testing ACC: 0.73101 and AUC: 0.76395
*********************************
Epoch    1, Train ACC: 0.68023, Train AUC: 0.66143, Train Loss: 0.6733
Epoch    1, Valid ACC: 0.70455, Valid AUC: 0.70755, Valid AUC Curr: 0.87294, Valid Loss: 0.65275*
Epoch    1, Test ACC: 0.70307, Test AUC: 0.73022, Test AUC Curr: 0.87473, Test Loss: 0.63582
w_l1: 0.011708040904846754, w_l2: 0.021793471488740924
m1: 0.8002665333999667, m2: 0.04728783071785793. Saving the model
time used for this epoch: 9.373409509658813s
***********
Epoch    2, Train ACC: 0.71959, Train AUC: 0.72653, Train Loss: 0.618
Epoch    2, Valid ACC: 0.71641, Valid AUC: 0.72157, Valid AUC Curr: 0.9219, Valid Loss: 0.63303*
Epoch    2, Test ACC: 0.71993, Test AUC: 0.74925, Test AUC Curr: 0.92417, Test Loss: 0.61084
w_l1: 0.01474159618579551, w_l2: 0.027590668732607068
m1: 0.8766949858404132, m2: 0.0645615220189035. Saving the model
time used for this epoch: 9.392118215560913s
***********
Epoch    3, Train ACC: 0.72758, Train AUC: 0.73986, Train Loss: 0.6019
Epoch    3, Valid ACC: 0.7234, Valid AUC: 0.72686, Valid AUC Curr: 0.94047, Valid Loss: 0.62518*
Epoch    3, Test ACC: 0.7277, Test AUC: 0.75466, Test AUC Curr: 0.94268, Test Loss: 0.60261
w_l1: 0.01561384898874821, w_l2: 0.029521173208869277
m1: 0.8905547226386806, m2: 0.0719537404811563. Saving the model
time used for this epoch: 9.140532970428467s
***********
Epoch    4, Train ACC: 0.73256, Train AUC: 0.74763, Train Loss: 0.59436
Epoch    4, Valid ACC: 0.72031, Valid AUC: 0.72532, Valid AUC Curr: 0.94635, Valid Loss: 0.6236
time used for this epoch: 6.943548679351807s
***********
Epoch    5, Train ACC: 0.73293, Train AUC: 0.75052, Train Loss: 0.59086
Epoch    5, Valid ACC: 0.72331, Valid AUC: 0.73125, Valid AUC Curr: 0.94265, Valid Loss: 0.61988*
Epoch    5, Test ACC: 0.72905, Test AUC: 0.75966, Test AUC Curr: 0.94476, Test Loss: 0.59561
w_l1: 0.01667735866744204, w_l2: 0.03099915464033532
m1: 0.8559053806430118, m2: 0.07542843579868665. Saving the model
time used for this epoch: 9.221298217773438s
***********
Epoch    6, Train ACC: 0.73423, Train AUC: 0.75338, Train Loss: 0.58735
Epoch    6, Valid ACC: 0.72247, Valid AUC: 0.72849, Valid AUC Curr: 0.94248, Valid Loss: 0.62064
time used for this epoch: 7.1446051597595215s
***********
Epoch    7, Train ACC: 0.73684, Train AUC: 0.75805, Train Loss: 0.58321
Epoch    7, Valid ACC: 0.72404, Valid AUC: 0.73116, Valid AUC Curr: 0.93592, Valid Loss: 0.61937
time used for this epoch: 6.82171106338501s
***********
Epoch    8, Train ACC: 0.73789, Train AUC: 0.76148, Train Loss: 0.58152
Epoch    8, Valid ACC: 0.72257, Valid AUC: 0.7322, Valid AUC Curr: 0.94229, Valid Loss: 0.61831*
Epoch    8, Test ACC: 0.72886, Test AUC: 0.76081, Test AUC Curr: 0.94556, Test Loss: 0.59223
w_l1: 0.017191027453292013, w_l2: 0.03201984156598515
m1: 0.7399300349825088, m2: 0.07536242804725071. Saving the model
time used for this epoch: 8.926878690719604s
***********
Epoch    9, Train ACC: 0.73891, Train AUC: 0.76267, Train Loss: 0.57984
Epoch    9, Valid ACC: 0.72207, Valid AUC: 0.73342, Valid AUC Curr: 0.93372, Valid Loss: 0.61722*
Epoch    9, Test ACC: 0.73096, Test AUC: 0.76297, Test AUC Curr: 0.93779, Test Loss: 0.58905
w_l1: 0.017268851546137092, w_l2: 0.03264409191769024
m1: 0.747992670331501, m2: 0.07498482746738762. Saving the model
time used for this epoch: 9.136146068572998s
***********
Epoch   10, Train ACC: 0.73919, Train AUC: 0.76569, Train Loss: 0.57832
Epoch   10, Valid ACC: 0.72311, Valid AUC: 0.7327, Valid AUC Curr: 0.93885, Valid Loss: 0.61743
time used for this epoch: 6.890950918197632s
***********
Epoch   11, Train ACC: 0.74084, Train AUC: 0.7684, Train Loss: 0.57567
Epoch   11, Valid ACC: 0.71951, Valid AUC: 0.73136, Valid AUC Curr: 0.93974, Valid Loss: 0.61982
time used for this epoch: 6.925316333770752s
***********
Epoch   12, Train ACC: 0.74087, Train AUC: 0.77061, Train Loss: 0.57385
Epoch   12, Valid ACC: 0.72447, Valid AUC: 0.73529, Valid AUC Curr: 0.93148, Valid Loss: 0.61708*
Epoch   12, Test ACC: 0.72893, Test AUC: 0.7597, Test AUC Curr: 0.93468, Test Loss: 0.59142
w_l1: 0.01765225914558771, w_l2: 0.033121507080988016
m1: 0.6619023821422622, m2: 0.07311238611358098. Saving the model
time used for this epoch: 9.175839900970459s
***********
Epoch   13, Train ACC: 0.74163, Train AUC: 0.77346, Train Loss: 0.57235
Epoch   13, Valid ACC: 0.71997, Valid AUC: 0.73157, Valid AUC Curr: 0.93063, Valid Loss: 0.61981
time used for this epoch: 7.081894874572754s
***********
Epoch   14, Train ACC: 0.74335, Train AUC: 0.77481, Train Loss: 0.57076
Epoch   14, Valid ACC: 0.71891, Valid AUC: 0.7307, Valid AUC Curr: 0.92627, Valid Loss: 0.62009
time used for this epoch: 6.9656994342803955s
***********
Epoch   15, Train ACC: 0.74511, Train AUC: 0.77715, Train Loss: 0.56823
Epoch   15, Valid ACC: 0.72104, Valid AUC: 0.73573, Valid AUC Curr: 0.93089, Valid Loss: 0.61726*
Epoch   15, Test ACC: 0.72991, Test AUC: 0.76063, Test AUC Curr: 0.93498, Test Loss: 0.59181
w_l1: 0.017906363883134897, w_l2: 0.0332945548812776
m1: 0.6339496918207563, m2: 0.0700723123296229. Saving the model
time used for this epoch: 9.122349977493286s
***********
Epoch   16, Train ACC: 0.7465, Train AUC: 0.78243, Train Loss: 0.56484
Epoch   16, Valid ACC: 0.71881, Valid AUC: 0.73299, Valid AUC Curr: 0.9231, Valid Loss: 0.61858
time used for this epoch: 7.127242803573608s
***********
Epoch   17, Train ACC: 0.74696, Train AUC: 0.78518, Train Loss: 0.56225
Epoch   17, Valid ACC: 0.71814, Valid AUC: 0.72996, Valid AUC Curr: 0.91721, Valid Loss: 0.62358
time used for this epoch: 6.948923587799072s
***********
Epoch   18, Train ACC: 0.74991, Train AUC: 0.78935, Train Loss: 0.5608
Epoch   18, Valid ACC: 0.71931, Valid AUC: 0.72835, Valid AUC Curr: 0.91695, Valid Loss: 0.62411
time used for this epoch: 7.0142152309417725s
***********
Epoch   19, Train ACC: 0.75043, Train AUC: 0.79123, Train Loss: 0.55816
Epoch   19, Valid ACC: 0.71941, Valid AUC: 0.72858, Valid AUC Curr: 0.90985, Valid Loss: 0.62438
time used for this epoch: 7.007631540298462s
***********
Epoch   20, Train ACC: 0.75298, Train AUC: 0.79561, Train Loss: 0.55535
Epoch   20, Valid ACC: 0.71821, Valid AUC: 0.73038, Valid AUC Curr: 0.90936, Valid Loss: 0.62468
time used for this epoch: 6.977013111114502s
***********
Epoch   21, Train ACC: 0.75437, Train AUC: 0.79761, Train Loss: 0.55326
Epoch   21, Valid ACC: 0.71894, Valid AUC: 0.73042, Valid AUC Curr: 0.90461, Valid Loss: 0.6256
time used for this epoch: 7.315751552581787s
***********
Epoch   22, Train ACC: 0.75601, Train AUC: 0.79985, Train Loss: 0.55113
Epoch   22, Valid ACC: 0.71767, Valid AUC: 0.7282, Valid AUC Curr: 0.90008, Valid Loss: 0.62722
time used for this epoch: 7.218762636184692s
***********
Epoch   23, Train ACC: 0.75774, Train AUC: 0.80485, Train Loss: 0.5462
Epoch   23, Valid ACC: 0.71484, Valid AUC: 0.72336, Valid AUC Curr: 0.89458, Valid Loss: 0.6307
time used for this epoch: 7.131192922592163s
***********
Epoch   24, Train ACC: 0.76114, Train AUC: 0.80978, Train Loss: 0.54111
Epoch   24, Valid ACC: 0.71551, Valid AUC: 0.72299, Valid AUC Curr: 0.88988, Valid Loss: 0.63299
time used for this epoch: 7.074119567871094s
***********
Epoch   25, Train ACC: 0.76336, Train AUC: 0.81347, Train Loss: 0.5385
Epoch   25, Valid ACC: 0.71724, Valid AUC: 0.72514, Valid AUC Curr: 0.88512, Valid Loss: 0.63228
time used for this epoch: 7.0798540115356445s
***********
No improvement shown in 10 epochs. Quit Training.
The best validation result occured at: 14-th epoch, with validation ACC: 0.72104 and AUC: 0.73573
The best testing result occured at: 14-th epoch, with testing ACC: 0.72991 and AUC: 0.76063
*********************************
average validation ACC for 5 runs: 0.725144094619357
average validation AUC for 5 runs: 0.734958509238247
average validation AUC Current for 5 runs: 0.9364238904704576

average waviness-l1 for 5 runs: 0.017828161945318576
average waviness-l2 for 5 runs: 0.03353645157376103
average consistency_m1 for 5 runs: 0.7231717474596036
average consistency_m1 for 5 runs: 0.07350760945037824

average test ACC for 5 runs: 0.7306794661337521
average test AUC for 5 runs: 0.7620699804997882
average test AUC Current for 5 runs: 0.9384023639959386

latex: 
cell_type & num. layer & layer_structure & learning rate & keep prob. & $\lambda_o$ & $\lambda_{w_1}$ & $\lambda_{w_2}$ & Avg. ACC(N) & Avg. AUC(N) & Avg. AUC(C) & Avg. $w_1$ & Avg. $w_2$ & Avg. $m_1$ & Avg. $m_2$\\ 
LSTM & 1 & 200 & 0.0100 & 0.5000 & 0.1000 & 0.0030 & 3.0000 & 0.725144094619357 $\pm$ 0.0021109630369188725 & 0.734958509238247 $\pm$ 0.0004026512696534362 & 0.9364238904704576 $\pm$ 0.004140103041968763 & 0.017828161945318576 $\pm$ 0.00042313268212349056 & 0.03353645157376103 $\pm$ 0.0007188633427016827 & 0.7231717474596036 $\pm$ 0.054447528797376805 & 0.07350760945037824 $\pm$ 0.002092791151498395\\ 

