Network Configuration:
batch_size: 128
hidden_layer_structure: [200]
learning_rate: 0.01
keep_prob: 0.5
rnn_cell: <class 'tensorflow.python.ops.rnn_cell_impl.LSTMCell'>
max_grad_norm: 5.0
lambda_w1: 0.003
lambda_w2: 3.0
lambda_o: 0.1
emb_layer: True
skill_separate_emb: True
expand_correct_dim: False
embedding_dims: 200
Num of problems: 105
Num of run: 5
Max num of run: 30
Keep Prob: 0.5
Epoch    1, Train ACC: 0.61077, Train AUC: 0.55878, Train Loss: 0.74453
Epoch    1, Valid ACC: 0.62979, Valid AUC: 0.60197, Valid AUC Curr: 0.64005, Valid Loss: 0.71951*
Epoch    1, Test ACC: 0.64433, Test AUC: 0.63072, Test AUC Curr: 0.65784, Test Loss: 0.70908
w_l1: 0.012860737807364752, w_l2: 0.02302142033912532
m1: 0.3555888722305514, m2: 0.008823592657250958. Saving the model
time used for this epoch: 7.610802173614502s
***********
Epoch    2, Train ACC: 0.67356, Train AUC: 0.64044, Train Loss: 0.6751
Epoch    2, Valid ACC: 0.6765, Valid AUC: 0.66732, Valid AUC Curr: 0.76216, Valid Loss: 0.6889*
Epoch    2, Test ACC: 0.68118, Test AUC: 0.69845, Test AUC Curr: 0.77734, Test Loss: 0.67793
w_l1: 0.01745215026561673, w_l2: 0.032739681065495754
m1: 0.6189571880726303, m2: 0.01669281100146516. Saving the model
time used for this epoch: 9.971071720123291s
***********
Epoch    3, Train ACC: 0.70606, Train AUC: 0.7123, Train Loss: 0.63254
Epoch    3, Valid ACC: 0.71471, Valid AUC: 0.72177, Valid AUC Curr: 0.85801, Valid Loss: 0.64599*
Epoch    3, Test ACC: 0.72216, Test AUC: 0.75396, Test AUC Curr: 0.86841, Test Loss: 0.62312
w_l1: 0.027223147653785928, w_l2: 0.045650337915554125
m1: 0.8513743128435782, m2: 0.037560421956214986. Saving the model
time used for this epoch: 9.75649380683899s
***********
Epoch    4, Train ACC: 0.72129, Train AUC: 0.73297, Train Loss: 0.6136
Epoch    4, Valid ACC: 0.71931, Valid AUC: 0.72362, Valid AUC Curr: 0.8894, Valid Loss: 0.64187*
Epoch    4, Test ACC: 0.72659, Test AUC: 0.75512, Test AUC Curr: 0.89354, Test Loss: 0.61739
w_l1: 0.027071113074906034, w_l2: 0.046381840396173164
m1: 0.8591704147926037, m2: 0.044743100235149616. Saving the model
time used for this epoch: 9.629478693008423s
***********
Epoch    5, Train ACC: 0.7247, Train AUC: 0.73741, Train Loss: 0.60768
Epoch    5, Valid ACC: 0.71691, Valid AUC: 0.72687, Valid AUC Curr: 0.90373, Valid Loss: 0.64283*
Epoch    5, Test ACC: 0.72345, Test AUC: 0.75822, Test AUC Curr: 0.90553, Test Loss: 0.61961
w_l1: 0.02630083313455684, w_l2: 0.046184278409047326
m1: 0.8361152756954856, m2: 0.04549789266568034. Saving the model
time used for this epoch: 9.734108686447144s
***********
Epoch    6, Train ACC: 0.72509, Train AUC: 0.7402, Train Loss: 0.60585
Epoch    6, Valid ACC: 0.72187, Valid AUC: 0.7274, Valid AUC Curr: 0.90039, Valid Loss: 0.63789*
Epoch    6, Test ACC: 0.72607, Test AUC: 0.75625, Test AUC Curr: 0.90103, Test Loss: 0.61306
w_l1: 0.026977907261329627, w_l2: 0.04813000726241747
m1: 0.8064301182741962, m2: 0.04838756098362797. Saving the model
time used for this epoch: 9.82338285446167s
***********
Epoch    7, Train ACC: 0.72919, Train AUC: 0.74584, Train Loss: 0.59924
Epoch    7, Valid ACC: 0.72321, Valid AUC: 0.72938, Valid AUC Curr: 0.89614, Valid Loss: 0.63366*
Epoch    7, Test ACC: 0.72887, Test AUC: 0.75809, Test AUC Curr: 0.89971, Test Loss: 0.60641
w_l1: 0.02657137211327539, w_l2: 0.046375382182505975
m1: 0.7537897717807763, m2: 0.053197875211343316. Saving the model
time used for this epoch: 9.761399507522583s
***********
Epoch    8, Train ACC: 0.73099, Train AUC: 0.74986, Train Loss: 0.59616
Epoch    8, Valid ACC: 0.72294, Valid AUC: 0.73056, Valid AUC Curr: 0.90134, Valid Loss: 0.62801*
Epoch    8, Test ACC: 0.73057, Test AUC: 0.76196, Test AUC Curr: 0.90715, Test Loss: 0.60173
w_l1: 0.026178089857615643, w_l2: 0.0460756470426504
m1: 0.732600366483425, m2: 0.05574690114452941. Saving the model
time used for this epoch: 9.855437278747559s
***********
Epoch    9, Train ACC: 0.73341, Train AUC: 0.75376, Train Loss: 0.59224
Epoch    9, Valid ACC: 0.7252, Valid AUC: 0.7324, Valid AUC Curr: 0.91258, Valid Loss: 0.62592*
Epoch    9, Test ACC: 0.73355, Test AUC: 0.76147, Test AUC Curr: 0.91611, Test Loss: 0.59898
w_l1: 0.02620313190897441, w_l2: 0.04708203958212569
m1: 0.7066133599866733, m2: 0.058519855238448854. Saving the model
time used for this epoch: 9.818847894668579s
***********
Epoch   10, Train ACC: 0.73455, Train AUC: 0.75526, Train Loss: 0.59085
Epoch   10, Valid ACC: 0.7242, Valid AUC: 0.73074, Valid AUC Curr: 0.91514, Valid Loss: 0.62782
time used for this epoch: 7.6415040493011475s
***********
Epoch   11, Train ACC: 0.73522, Train AUC: 0.75637, Train Loss: 0.58989
Epoch   11, Valid ACC: 0.72534, Valid AUC: 0.73501, Valid AUC Curr: 0.91335, Valid Loss: 0.62387*
Epoch   11, Test ACC: 0.73234, Test AUC: 0.76376, Test AUC Curr: 0.91544, Test Loss: 0.59745
w_l1: 0.02481653267574218, w_l2: 0.04500137955357343
m1: 0.6668998833916375, m2: 0.05929407766912652. Saving the model
time used for this epoch: 9.886289596557617s
***********
Epoch   12, Train ACC: 0.73672, Train AUC: 0.75894, Train Loss: 0.58644
Epoch   12, Valid ACC: 0.72714, Valid AUC: 0.73298, Valid AUC Curr: 0.90663, Valid Loss: 0.62335
time used for this epoch: 7.499186038970947s
***********
Epoch   13, Train ACC: 0.73702, Train AUC: 0.76206, Train Loss: 0.58409
Epoch   13, Valid ACC: 0.72454, Valid AUC: 0.7309, Valid AUC Curr: 0.9114, Valid Loss: 0.62527
time used for this epoch: 7.405712366104126s
***********
Epoch   14, Train ACC: 0.73808, Train AUC: 0.76408, Train Loss: 0.58297
Epoch   14, Valid ACC: 0.72424, Valid AUC: 0.73215, Valid AUC Curr: 0.92149, Valid Loss: 0.62422
time used for this epoch: 7.484251976013184s
***********
Epoch   15, Train ACC: 0.7376, Train AUC: 0.76525, Train Loss: 0.5813
Epoch   15, Valid ACC: 0.7254, Valid AUC: 0.73646, Valid AUC Curr: 0.91363, Valid Loss: 0.62122*
Epoch   15, Test ACC: 0.73298, Test AUC: 0.76291, Test AUC Curr: 0.91648, Test Loss: 0.59468
w_l1: 0.023924009710456225, w_l2: 0.043159680969655105
m1: 0.6382142262202232, m2: 0.05918089313723932. Saving the model
time used for this epoch: 9.771350145339966s
***********
Epoch   16, Train ACC: 0.74127, Train AUC: 0.76975, Train Loss: 0.57697
Epoch   16, Valid ACC: 0.72514, Valid AUC: 0.73656, Valid AUC Curr: 0.91157, Valid Loss: 0.61972*
Epoch   16, Test ACC: 0.7316, Test AUC: 0.76479, Test AUC Curr: 0.91511, Test Loss: 0.59353
w_l1: 0.023417313391853874, w_l2: 0.04270995223129019
m1: 0.6420123271697484, m2: 0.06273923956432403. Saving the model
time used for this epoch: 9.942063331604004s
***********
Epoch   17, Train ACC: 0.74183, Train AUC: 0.77172, Train Loss: 0.57493
Epoch   17, Valid ACC: 0.72467, Valid AUC: 0.73344, Valid AUC Curr: 0.91212, Valid Loss: 0.62267
time used for this epoch: 7.644599914550781s
***********
Epoch   18, Train ACC: 0.74263, Train AUC: 0.77459, Train Loss: 0.57432
Epoch   18, Valid ACC: 0.72484, Valid AUC: 0.73544, Valid AUC Curr: 0.91316, Valid Loss: 0.62337
time used for this epoch: 7.611084699630737s
***********
Epoch   19, Train ACC: 0.74298, Train AUC: 0.77474, Train Loss: 0.57372
Epoch   19, Valid ACC: 0.72517, Valid AUC: 0.73575, Valid AUC Curr: 0.91593, Valid Loss: 0.62047
time used for this epoch: 7.326755523681641s
***********
Epoch   20, Train ACC: 0.74366, Train AUC: 0.77608, Train Loss: 0.57281
Epoch   20, Valid ACC: 0.72477, Valid AUC: 0.7345, Valid AUC Curr: 0.90261, Valid Loss: 0.62218
time used for this epoch: 7.652315855026245s
***********
Epoch   21, Train ACC: 0.74427, Train AUC: 0.77884, Train Loss: 0.56923
Epoch   21, Valid ACC: 0.72121, Valid AUC: 0.73516, Valid AUC Curr: 0.91304, Valid Loss: 0.62215
time used for this epoch: 7.430764198303223s
***********
Epoch   22, Train ACC: 0.74521, Train AUC: 0.78069, Train Loss: 0.56823
Epoch   22, Valid ACC: 0.72201, Valid AUC: 0.73173, Valid AUC Curr: 0.90856, Valid Loss: 0.62522
time used for this epoch: 7.645977735519409s
***********
Epoch   23, Train ACC: 0.74643, Train AUC: 0.78302, Train Loss: 0.56719
Epoch   23, Valid ACC: 0.72447, Valid AUC: 0.73258, Valid AUC Curr: 0.90818, Valid Loss: 0.62503
time used for this epoch: 7.524582862854004s
***********
Epoch   24, Train ACC: 0.74877, Train AUC: 0.78548, Train Loss: 0.56475
Epoch   24, Valid ACC: 0.72197, Valid AUC: 0.73248, Valid AUC Curr: 0.90899, Valid Loss: 0.6248
time used for this epoch: 7.436903715133667s
***********
Epoch   25, Train ACC: 0.74822, Train AUC: 0.78918, Train Loss: 0.56202
Epoch   25, Valid ACC: 0.72201, Valid AUC: 0.73114, Valid AUC Curr: 0.90139, Valid Loss: 0.62764
time used for this epoch: 7.607673406600952s
***********
Epoch   26, Train ACC: 0.7503, Train AUC: 0.79047, Train Loss: 0.56129
Epoch   26, Valid ACC: 0.71954, Valid AUC: 0.7303, Valid AUC Curr: 0.89412, Valid Loss: 0.6288
time used for this epoch: 7.5278401374816895s
***********
No improvement shown in 10 epochs. Quit Training.
The best validation result occured at: 15-th epoch, with validation ACC: 0.72514 and AUC: 0.73656
The best testing result occured at: 15-th epoch, with testing ACC: 0.7316 and AUC: 0.76479
*********************************
Epoch    1, Train ACC: 0.66393, Train AUC: 0.63299, Train Loss: 0.69009
Epoch    1, Valid ACC: 0.68696, Valid AUC: 0.68399, Valid AUC Curr: 0.74216, Valid Loss: 0.68146*
Epoch    1, Test ACC: 0.69099, Test AUC: 0.70197, Test AUC Curr: 0.75234, Test Loss: 0.66971
w_l1: 0.01653776877379442, w_l2: 0.030401507925712924
m1: 0.6040979510244877, m2: 0.016206577878464624. Saving the model
time used for this epoch: 9.777396202087402s
***********
Epoch    2, Train ACC: 0.706, Train AUC: 0.7149, Train Loss: 0.63252
Epoch    2, Valid ACC: 0.71194, Valid AUC: 0.72097, Valid AUC Curr: 0.84768, Valid Loss: 0.64902*
Epoch    2, Test ACC: 0.71556, Test AUC: 0.74797, Test AUC Curr: 0.85568, Test Loss: 0.63025
w_l1: 0.024185643476160038, w_l2: 0.041192127564402305
m1: 0.7968015992003998, m2: 0.03360120428714596. Saving the model
time used for this epoch: 10.045024871826172s
***********
Epoch    3, Train ACC: 0.72098, Train AUC: 0.73295, Train Loss: 0.61349
Epoch    3, Valid ACC: 0.71741, Valid AUC: 0.72834, Valid AUC Curr: 0.88491, Valid Loss: 0.63926*
Epoch    3, Test ACC: 0.72605, Test AUC: 0.75593, Test AUC Curr: 0.88719, Test Loss: 0.61567
w_l1: 0.02666542378258281, w_l2: 0.045086105671872954
m1: 0.8250874562718641, m2: 0.0452176214843199. Saving the model
time used for this epoch: 9.704341650009155s
***********
Epoch    4, Train ACC: 0.72589, Train AUC: 0.74068, Train Loss: 0.60552
Epoch    4, Valid ACC: 0.72117, Valid AUC: 0.73031, Valid AUC Curr: 0.89209, Valid Loss: 0.63546*
Epoch    4, Test ACC: 0.72993, Test AUC: 0.76141, Test AUC Curr: 0.89574, Test Loss: 0.61113
w_l1: 0.02644030495537705, w_l2: 0.04503582723327481
m1: 0.8143928035982009, m2: 0.04918875927808343. Saving the model
time used for this epoch: 9.73349380493164s
***********
Epoch    5, Train ACC: 0.7274, Train AUC: 0.74463, Train Loss: 0.60058
Epoch    5, Valid ACC: 0.72031, Valid AUC: 0.73171, Valid AUC Curr: 0.89114, Valid Loss: 0.63222*
Epoch    5, Test ACC: 0.72805, Test AUC: 0.7605, Test AUC Curr: 0.89533, Test Loss: 0.60526
w_l1: 0.02628627783419084, w_l2: 0.04537897133345151
m1: 0.797967682825254, m2: 0.05157468099306568. Saving the model
time used for this epoch: 9.665961980819702s
***********
Epoch    6, Train ACC: 0.7303, Train AUC: 0.74843, Train Loss: 0.5975
Epoch    6, Valid ACC: 0.72167, Valid AUC: 0.73361, Valid AUC Curr: 0.89378, Valid Loss: 0.62837*
Epoch    6, Test ACC: 0.73019, Test AUC: 0.76244, Test AUC Curr: 0.89774, Test Loss: 0.60347
w_l1: 0.02627843214669426, w_l2: 0.046030100775375796
m1: 0.7638514076295185, m2: 0.0549138893132684. Saving the model
time used for this epoch: 9.74228286743164s
***********
Epoch    7, Train ACC: 0.73169, Train AUC: 0.74798, Train Loss: 0.59742
Epoch    7, Valid ACC: 0.7237, Valid AUC: 0.73328, Valid AUC Curr: 0.90463, Valid Loss: 0.62655
time used for this epoch: 7.67894983291626s
***********
Epoch    8, Train ACC: 0.73322, Train AUC: 0.7531, Train Loss: 0.59283
Epoch    8, Valid ACC: 0.7244, Valid AUC: 0.732, Valid AUC Curr: 0.90022, Valid Loss: 0.6262
time used for this epoch: 7.37617564201355s
***********
Epoch    9, Train ACC: 0.73356, Train AUC: 0.75549, Train Loss: 0.59012
Epoch    9, Valid ACC: 0.72484, Valid AUC: 0.73464, Valid AUC Curr: 0.91261, Valid Loss: 0.62219*
Epoch    9, Test ACC: 0.73184, Test AUC: 0.76119, Test AUC Curr: 0.9146, Test Loss: 0.59629
w_l1: 0.0238829268648458, w_l2: 0.042713958200072705
m1: 0.6758953856405131, m2: 0.05924491016304376. Saving the model
time used for this epoch: 9.843082189559937s
***********
Epoch   10, Train ACC: 0.73487, Train AUC: 0.75769, Train Loss: 0.58789
Epoch   10, Valid ACC: 0.72527, Valid AUC: 0.73579, Valid AUC Curr: 0.91093, Valid Loss: 0.62169*
Epoch   10, Test ACC: 0.73, Test AUC: 0.7609, Test AUC Curr: 0.91625, Test Loss: 0.59586
w_l1: 0.02395424947016379, w_l2: 0.042998478405351724
m1: 0.674695985340663, m2: 0.06170933799765099. Saving the model
time used for this epoch: 10.063594579696655s
***********
Epoch   11, Train ACC: 0.7358, Train AUC: 0.76043, Train Loss: 0.58571
Epoch   11, Valid ACC: 0.72537, Valid AUC: 0.73687, Valid AUC Curr: 0.91696, Valid Loss: 0.62108*
Epoch   11, Test ACC: 0.73262, Test AUC: 0.76267, Test AUC Curr: 0.92368, Test Loss: 0.59379
w_l1: 0.023340428635271686, w_l2: 0.041989811953623765
m1: 0.6810261535898717, m2: 0.06370077755835261. Saving the model
time used for this epoch: 9.676357746124268s
***********
Epoch   12, Train ACC: 0.73725, Train AUC: 0.76227, Train Loss: 0.58431
Epoch   12, Valid ACC: 0.72337, Valid AUC: 0.73475, Valid AUC Curr: 0.91926, Valid Loss: 0.62211
time used for this epoch: 7.555977821350098s
***********
Epoch   13, Train ACC: 0.73841, Train AUC: 0.76325, Train Loss: 0.58264
Epoch   13, Valid ACC: 0.72394, Valid AUC: 0.73369, Valid AUC Curr: 0.90906, Valid Loss: 0.62256
time used for this epoch: 7.4941771030426025s
***********
Epoch   14, Train ACC: 0.73894, Train AUC: 0.76655, Train Loss: 0.57943
Epoch   14, Valid ACC: 0.72614, Valid AUC: 0.73549, Valid AUC Curr: 0.92004, Valid Loss: 0.61957
time used for this epoch: 7.537829160690308s
***********
Epoch   15, Train ACC: 0.74025, Train AUC: 0.76746, Train Loss: 0.57996
Epoch   15, Valid ACC: 0.72497, Valid AUC: 0.73539, Valid AUC Curr: 0.91589, Valid Loss: 0.62045
time used for this epoch: 7.541243314743042s
***********
Epoch   16, Train ACC: 0.74143, Train AUC: 0.7714, Train Loss: 0.57469
Epoch   16, Valid ACC: 0.72161, Valid AUC: 0.73379, Valid AUC Curr: 0.91262, Valid Loss: 0.62138
time used for this epoch: 7.562309265136719s
***********
Epoch   17, Train ACC: 0.74311, Train AUC: 0.77396, Train Loss: 0.57388
Epoch   17, Valid ACC: 0.725, Valid AUC: 0.73335, Valid AUC Curr: 0.91561, Valid Loss: 0.61985
time used for this epoch: 7.365254163742065s
***********
Epoch   18, Train ACC: 0.74311, Train AUC: 0.77513, Train Loss: 0.57249
Epoch   18, Valid ACC: 0.7252, Valid AUC: 0.73222, Valid AUC Curr: 0.90883, Valid Loss: 0.62526
time used for this epoch: 7.455237150192261s
***********
Epoch   19, Train ACC: 0.74339, Train AUC: 0.77742, Train Loss: 0.57142
Epoch   19, Valid ACC: 0.72301, Valid AUC: 0.73028, Valid AUC Curr: 0.91432, Valid Loss: 0.62367
time used for this epoch: 7.571605682373047s
***********
Epoch   20, Train ACC: 0.74413, Train AUC: 0.77826, Train Loss: 0.57143
Epoch   20, Valid ACC: 0.7251, Valid AUC: 0.73346, Valid AUC Curr: 0.90188, Valid Loss: 0.62302
time used for this epoch: 7.427064895629883s
***********
Epoch   21, Train ACC: 0.74531, Train AUC: 0.78021, Train Loss: 0.56831
Epoch   21, Valid ACC: 0.72424, Valid AUC: 0.73258, Valid AUC Curr: 0.90668, Valid Loss: 0.62408
time used for this epoch: 7.502345561981201s
***********
No improvement shown in 10 epochs. Quit Training.
The best validation result occured at: 10-th epoch, with validation ACC: 0.72537 and AUC: 0.73687
The best testing result occured at: 10-th epoch, with testing ACC: 0.73262 and AUC: 0.76267
*********************************
Epoch    1, Train ACC: 0.68215, Train AUC: 0.66859, Train Loss: 0.66473
Epoch    1, Valid ACC: 0.70825, Valid AUC: 0.71601, Valid AUC Curr: 0.81928, Valid Loss: 0.65496*
Epoch    1, Test ACC: 0.71765, Test AUC: 0.7434, Test AUC Curr: 0.8332, Test Loss: 0.63484
w_l1: 0.023459794689528184, w_l2: 0.04049744731637045
m1: 0.8426120273196736, m2: 0.029289181482071044. Saving the model
time used for this epoch: 9.88324761390686s
***********
Epoch    2, Train ACC: 0.71844, Train AUC: 0.72548, Train Loss: 0.61869
Epoch    2, Valid ACC: 0.72091, Valid AUC: 0.7272, Valid AUC Curr: 0.89141, Valid Loss: 0.64123*
Epoch    2, Test ACC: 0.72627, Test AUC: 0.75631, Test AUC Curr: 0.89546, Test Loss: 0.61911
w_l1: 0.027568980431514224, w_l2: 0.04653407301250317
m1: 0.8512743628185907, m2: 0.0425878054456633. Saving the model
time used for this epoch: 9.908448696136475s
***********
Epoch    3, Train ACC: 0.72282, Train AUC: 0.7362, Train Loss: 0.6079
Epoch    3, Valid ACC: 0.72171, Valid AUC: 0.73145, Valid AUC Curr: 0.89446, Valid Loss: 0.63466*
Epoch    3, Test ACC: 0.72773, Test AUC: 0.75956, Test AUC Curr: 0.89758, Test Loss: 0.6112
w_l1: 0.026347280319948835, w_l2: 0.04509660150394922
m1: 0.8325170747959354, m2: 0.04757795722886123. Saving the model
time used for this epoch: 9.383337497711182s
***********
Epoch    4, Train ACC: 0.72865, Train AUC: 0.74255, Train Loss: 0.60364
Epoch    4, Valid ACC: 0.71994, Valid AUC: 0.7293, Valid AUC Curr: 0.90113, Valid Loss: 0.6338
time used for this epoch: 7.3554112911224365s
***********
Epoch    5, Train ACC: 0.72915, Train AUC: 0.74425, Train Loss: 0.59916
Epoch    5, Valid ACC: 0.72317, Valid AUC: 0.73139, Valid AUC Curr: 0.90147, Valid Loss: 0.62986
time used for this epoch: 7.169818162918091s
***********
Epoch    6, Train ACC: 0.73136, Train AUC: 0.74806, Train Loss: 0.59691
Epoch    6, Valid ACC: 0.72647, Valid AUC: 0.73196, Valid AUC Curr: 0.92007, Valid Loss: 0.62638*
Epoch    6, Test ACC: 0.7331, Test AUC: 0.76218, Test AUC Curr: 0.92189, Test Loss: 0.60089
w_l1: 0.024440706120879348, w_l2: 0.043809279447329395
m1: 0.7202065633849741, m2: 0.05647791526664322. Saving the model
time used for this epoch: 9.505744934082031s
***********
Epoch    7, Train ACC: 0.73261, Train AUC: 0.75052, Train Loss: 0.59426
Epoch    7, Valid ACC: 0.72231, Valid AUC: 0.73296, Valid AUC Curr: 0.90975, Valid Loss: 0.62539*
Epoch    7, Test ACC: 0.72953, Test AUC: 0.7617, Test AUC Curr: 0.91586, Test Loss: 0.6006
w_l1: 0.023945485312594474, w_l2: 0.04268352313688311
m1: 0.6769615192403798, m2: 0.05903695286680575. Saving the model
time used for this epoch: 9.839066743850708s
***********
Epoch    8, Train ACC: 0.73413, Train AUC: 0.75482, Train Loss: 0.58997
Epoch    8, Valid ACC: 0.7266, Valid AUC: 0.73579, Valid AUC Curr: 0.90955, Valid Loss: 0.62314*
Epoch    8, Test ACC: 0.73308, Test AUC: 0.76472, Test AUC Curr: 0.91306, Test Loss: 0.59571
w_l1: 0.023052536736647134, w_l2: 0.04249089089071145
m1: 0.701016158587373, m2: 0.05654318240231799. Saving the model
time used for this epoch: 9.686119556427002s
***********
Epoch    9, Train ACC: 0.73502, Train AUC: 0.7569, Train Loss: 0.5869
Epoch    9, Valid ACC: 0.72707, Valid AUC: 0.73465, Valid AUC Curr: 0.92119, Valid Loss: 0.62218
time used for this epoch: 7.511062383651733s
***********
Epoch   10, Train ACC: 0.73666, Train AUC: 0.76045, Train Loss: 0.58462
Epoch   10, Valid ACC: 0.72677, Valid AUC: 0.73592, Valid AUC Curr: 0.91454, Valid Loss: 0.62025*
Epoch   10, Test ACC: 0.73357, Test AUC: 0.76478, Test AUC Curr: 0.92093, Test Loss: 0.59161
w_l1: 0.02252900396615385, w_l2: 0.04159562635200973
m1: 0.6502748625687157, m2: 0.06211742506451395. Saving the model
time used for this epoch: 9.539582252502441s
***********
Epoch   11, Train ACC: 0.73726, Train AUC: 0.76276, Train Loss: 0.5834
Epoch   11, Valid ACC: 0.72787, Valid AUC: 0.73604, Valid AUC Curr: 0.92302, Valid Loss: 0.61998*
Epoch   11, Test ACC: 0.73371, Test AUC: 0.76509, Test AUC Curr: 0.92348, Test Loss: 0.59355
w_l1: 0.02206890030009769, w_l2: 0.04066911264480218
m1: 0.646143594869232, m2: 0.06233573904558557. Saving the model
time used for this epoch: 9.577064275741577s
***********
Epoch   12, Train ACC: 0.73797, Train AUC: 0.7653, Train Loss: 0.5802
Epoch   12, Valid ACC: 0.72624, Valid AUC: 0.73821, Valid AUC Curr: 0.91269, Valid Loss: 0.61846*
Epoch   12, Test ACC: 0.73285, Test AUC: 0.76594, Test AUC Curr: 0.91844, Test Loss: 0.59258
w_l1: 0.02240478831121795, w_l2: 0.04081761335277876
m1: 0.6147259703481592, m2: 0.0605715641077014. Saving the model
time used for this epoch: 9.756734609603882s
***********
Epoch   13, Train ACC: 0.73912, Train AUC: 0.76696, Train Loss: 0.58023
Epoch   13, Valid ACC: 0.7262, Valid AUC: 0.73581, Valid AUC Curr: 0.91332, Valid Loss: 0.62065
time used for this epoch: 7.200392723083496s
***********
Epoch   14, Train ACC: 0.73992, Train AUC: 0.76913, Train Loss: 0.57702
Epoch   14, Valid ACC: 0.72644, Valid AUC: 0.73716, Valid AUC Curr: 0.91839, Valid Loss: 0.61929
time used for this epoch: 7.06109881401062s
***********
Epoch   15, Train ACC: 0.74099, Train AUC: 0.77223, Train Loss: 0.57434
Epoch   15, Valid ACC: 0.72507, Valid AUC: 0.73435, Valid AUC Curr: 0.91175, Valid Loss: 0.62127
time used for this epoch: 7.277912616729736s
***********
Epoch   16, Train ACC: 0.7416, Train AUC: 0.77281, Train Loss: 0.57481
Epoch   16, Valid ACC: 0.72334, Valid AUC: 0.73295, Valid AUC Curr: 0.9069, Valid Loss: 0.62438
time used for this epoch: 7.277605772018433s
***********
Epoch   17, Train ACC: 0.74301, Train AUC: 0.77569, Train Loss: 0.57228
Epoch   17, Valid ACC: 0.72494, Valid AUC: 0.73458, Valid AUC Curr: 0.9155, Valid Loss: 0.62135
time used for this epoch: 7.097067356109619s
***********
Epoch   18, Train ACC: 0.74285, Train AUC: 0.77773, Train Loss: 0.57113
Epoch   18, Valid ACC: 0.724, Valid AUC: 0.73355, Valid AUC Curr: 0.91331, Valid Loss: 0.62325
time used for this epoch: 7.100232362747192s
***********
Epoch   19, Train ACC: 0.74544, Train AUC: 0.78119, Train Loss: 0.56777
Epoch   19, Valid ACC: 0.72214, Valid AUC: 0.7335, Valid AUC Curr: 0.907, Valid Loss: 0.62232
time used for this epoch: 7.499978542327881s
***********
Epoch   20, Train ACC: 0.74669, Train AUC: 0.78433, Train Loss: 0.56494
Epoch   20, Valid ACC: 0.72317, Valid AUC: 0.73229, Valid AUC Curr: 0.90381, Valid Loss: 0.62395
time used for this epoch: 7.206858396530151s
***********
Epoch   21, Train ACC: 0.74568, Train AUC: 0.78454, Train Loss: 0.56582
Epoch   21, Valid ACC: 0.72547, Valid AUC: 0.73525, Valid AUC Curr: 0.90988, Valid Loss: 0.62093
time used for this epoch: 7.43394660949707s
***********
Epoch   22, Train ACC: 0.74884, Train AUC: 0.78812, Train Loss: 0.56264
Epoch   22, Valid ACC: 0.72204, Valid AUC: 0.73163, Valid AUC Curr: 0.90714, Valid Loss: 0.62643
time used for this epoch: 7.4743452072143555s
***********
No improvement shown in 10 epochs. Quit Training.
The best validation result occured at: 11-th epoch, with validation ACC: 0.72624 and AUC: 0.73821
The best testing result occured at: 11-th epoch, with testing ACC: 0.73285 and AUC: 0.76594
*********************************
Epoch    1, Train ACC: 0.67445, Train AUC: 0.65849, Train Loss: 0.66947
Epoch    1, Valid ACC: 0.69895, Valid AUC: 0.71215, Valid AUC Curr: 0.82506, Valid Loss: 0.66563*
Epoch    1, Test ACC: 0.704, Test AUC: 0.73903, Test AUC Curr: 0.83853, Test Loss: 0.65009
w_l1: 0.020578417010288383, w_l2: 0.03715129391009592
m1: 0.7970348159253706, m2: 0.024411991522071085. Saving the model
time used for this epoch: 9.495049238204956s
***********
Epoch    2, Train ACC: 0.71522, Train AUC: 0.72472, Train Loss: 0.61967
Epoch    2, Valid ACC: 0.71734, Valid AUC: 0.72657, Valid AUC Curr: 0.8808, Valid Loss: 0.64202*
Epoch    2, Test ACC: 0.72263, Test AUC: 0.75365, Test AUC Curr: 0.88618, Test Loss: 0.61965
w_l1: 0.028396056651010877, w_l2: 0.04914275994293691
m1: 0.8420789605197402, m2: 0.042417598256226006. Saving the model
time used for this epoch: 9.445176601409912s
***********
Epoch    3, Train ACC: 0.72068, Train AUC: 0.73263, Train Loss: 0.61308
Epoch    3, Valid ACC: 0.71961, Valid AUC: 0.72342, Valid AUC Curr: 0.89118, Valid Loss: 0.64163
time used for this epoch: 7.463925361633301s
***********
Epoch    4, Train ACC: 0.72564, Train AUC: 0.73846, Train Loss: 0.60628
Epoch    4, Valid ACC: 0.72254, Valid AUC: 0.73029, Valid AUC Curr: 0.87992, Valid Loss: 0.63202*
Epoch    4, Test ACC: 0.72859, Test AUC: 0.75452, Test AUC Curr: 0.88104, Test Loss: 0.60986
w_l1: 0.025670449671806258, w_l2: 0.04640395211378235
m1: 0.8341162751957355, m2: 0.04840496128923631. Saving the model
time used for this epoch: 9.669062376022339s
***********
Epoch    5, Train ACC: 0.72773, Train AUC: 0.74276, Train Loss: 0.60255
Epoch    5, Valid ACC: 0.72134, Valid AUC: 0.73028, Valid AUC Curr: 0.89728, Valid Loss: 0.63177
time used for this epoch: 7.49677300453186s
***********
Epoch    6, Train ACC: 0.73099, Train AUC: 0.7471, Train Loss: 0.59718
Epoch    6, Valid ACC: 0.7267, Valid AUC: 0.73426, Valid AUC Curr: 0.91696, Valid Loss: 0.62651*
Epoch    6, Test ACC: 0.73055, Test AUC: 0.76259, Test AUC Curr: 0.92164, Test Loss: 0.60144
w_l1: 0.023620166265256176, w_l2: 0.042545763982039145
m1: 0.7501249375312344, m2: 0.05588023157074474. Saving the model
time used for this epoch: 9.498334884643555s
***********
Epoch    7, Train ACC: 0.73342, Train AUC: 0.75063, Train Loss: 0.59439
Epoch    7, Valid ACC: 0.72344, Valid AUC: 0.72923, Valid AUC Curr: 0.91299, Valid Loss: 0.62831
time used for this epoch: 7.233750104904175s
***********
Epoch    8, Train ACC: 0.73392, Train AUC: 0.7532, Train Loss: 0.59178
Epoch    8, Valid ACC: 0.72614, Valid AUC: 0.73417, Valid AUC Curr: 0.92224, Valid Loss: 0.62379
time used for this epoch: 7.271067142486572s
***********
Epoch    9, Train ACC: 0.73486, Train AUC: 0.7557, Train Loss: 0.58859
Epoch    9, Valid ACC: 0.72231, Valid AUC: 0.72907, Valid AUC Curr: 0.91384, Valid Loss: 0.62688
time used for this epoch: 7.335117816925049s
***********
Epoch   10, Train ACC: 0.73584, Train AUC: 0.75649, Train Loss: 0.58678
Epoch   10, Valid ACC: 0.72357, Valid AUC: 0.73221, Valid AUC Curr: 0.91134, Valid Loss: 0.62382
time used for this epoch: 7.091247081756592s
***********
Epoch   11, Train ACC: 0.73697, Train AUC: 0.76079, Train Loss: 0.58425
Epoch   11, Valid ACC: 0.72634, Valid AUC: 0.73483, Valid AUC Curr: 0.92288, Valid Loss: 0.62125*
Epoch   11, Test ACC: 0.73316, Test AUC: 0.76372, Test AUC Curr: 0.92728, Test Loss: 0.59392
w_l1: 0.020576642728331044, w_l2: 0.03873470474361815
m1: 0.652840246543395, m2: 0.06063739611827273. Saving the model
time used for this epoch: 9.297095537185669s
***********
Epoch   12, Train ACC: 0.73706, Train AUC: 0.76328, Train Loss: 0.58144
Epoch   12, Valid ACC: 0.72567, Valid AUC: 0.73488, Valid AUC Curr: 0.91707, Valid Loss: 0.62106*
Epoch   12, Test ACC: 0.73168, Test AUC: 0.76365, Test AUC Curr: 0.92265, Test Loss: 0.59246
w_l1: 0.022337872406788997, w_l2: 0.04147109272184223
m1: 0.6213893053473263, m2: 0.06445104486640843. Saving the model
time used for this epoch: 9.5562002658844s
***********
Epoch   13, Train ACC: 0.73812, Train AUC: 0.76435, Train Loss: 0.58219
Epoch   13, Valid ACC: 0.72424, Valid AUC: 0.73305, Valid AUC Curr: 0.92033, Valid Loss: 0.62166
time used for this epoch: 7.293631076812744s
***********
Epoch   14, Train ACC: 0.73969, Train AUC: 0.76731, Train Loss: 0.57883
Epoch   14, Valid ACC: 0.72291, Valid AUC: 0.73436, Valid AUC Curr: 0.92588, Valid Loss: 0.62091
time used for this epoch: 7.306478023529053s
***********
Epoch   15, Train ACC: 0.73996, Train AUC: 0.76893, Train Loss: 0.57767
Epoch   15, Valid ACC: 0.72354, Valid AUC: 0.73486, Valid AUC Curr: 0.91575, Valid Loss: 0.62099
time used for this epoch: 7.258358478546143s
***********
Epoch   16, Train ACC: 0.7402, Train AUC: 0.77204, Train Loss: 0.57453
Epoch   16, Valid ACC: 0.72387, Valid AUC: 0.73086, Valid AUC Curr: 0.91928, Valid Loss: 0.6242
time used for this epoch: 7.383975028991699s
***********
Epoch   17, Train ACC: 0.74208, Train AUC: 0.7739, Train Loss: 0.57344
Epoch   17, Valid ACC: 0.72347, Valid AUC: 0.73311, Valid AUC Curr: 0.91331, Valid Loss: 0.62127
time used for this epoch: 7.266568899154663s
***********
Epoch   18, Train ACC: 0.74354, Train AUC: 0.77721, Train Loss: 0.57005
Epoch   18, Valid ACC: 0.72637, Valid AUC: 0.73447, Valid AUC Curr: 0.92017, Valid Loss: 0.62105
time used for this epoch: 7.22510027885437s
***********
Epoch   19, Train ACC: 0.74457, Train AUC: 0.7792, Train Loss: 0.56941
Epoch   19, Valid ACC: 0.72084, Valid AUC: 0.73255, Valid AUC Curr: 0.90482, Valid Loss: 0.62332
time used for this epoch: 7.4425880908966064s
***********
Epoch   20, Train ACC: 0.7382, Train AUC: 0.77156, Train Loss: 0.57706
Epoch   20, Valid ACC: 0.71697, Valid AUC: 0.72908, Valid AUC Curr: 0.91944, Valid Loss: 0.62834
time used for this epoch: 7.537102460861206s
***********
Epoch   21, Train ACC: 0.7387, Train AUC: 0.77284, Train Loss: 0.5776
Epoch   21, Valid ACC: 0.72187, Valid AUC: 0.72885, Valid AUC Curr: 0.91698, Valid Loss: 0.62666
time used for this epoch: 7.364245176315308s
***********
Epoch   22, Train ACC: 0.74066, Train AUC: 0.77827, Train Loss: 0.57098
Epoch   22, Valid ACC: 0.72147, Valid AUC: 0.73057, Valid AUC Curr: 0.91451, Valid Loss: 0.62581
time used for this epoch: 7.2862842082977295s
***********
No improvement shown in 10 epochs. Quit Training.
The best validation result occured at: 11-th epoch, with validation ACC: 0.72567 and AUC: 0.73488
The best testing result occured at: 11-th epoch, with testing ACC: 0.73168 and AUC: 0.76365
*********************************
Epoch    1, Train ACC: 0.67469, Train AUC: 0.64509, Train Loss: 0.68093
Epoch    1, Valid ACC: 0.70668, Valid AUC: 0.70914, Valid AUC Curr: 0.79331, Valid Loss: 0.66047*
Epoch    1, Test ACC: 0.71326, Test AUC: 0.73357, Test AUC Curr: 0.80693, Test Loss: 0.64841
w_l1: 0.019952086298224203, w_l2: 0.03548122894198562
m1: 0.7792437114775945, m2: 0.023288160892162804. Saving the model
time used for this epoch: 9.51836085319519s
***********
Epoch    2, Train ACC: 0.7149, Train AUC: 0.72583, Train Loss: 0.62263
Epoch    2, Valid ACC: 0.71847, Valid AUC: 0.72663, Valid AUC Curr: 0.87987, Valid Loss: 0.64205*
Epoch    2, Test ACC: 0.7239, Test AUC: 0.75429, Test AUC Curr: 0.88324, Test Loss: 0.62049
w_l1: 0.027817124324521124, w_l2: 0.046546966041868386
m1: 0.861136098617358, m2: 0.04249118531463187. Saving the model
time used for this epoch: 9.502762079238892s
***********
Epoch    3, Train ACC: 0.72204, Train AUC: 0.73483, Train Loss: 0.61238
Epoch    3, Valid ACC: 0.71894, Valid AUC: 0.72647, Valid AUC Curr: 0.88647, Valid Loss: 0.63705
time used for this epoch: 7.649721622467041s
***********
Epoch    4, Train ACC: 0.72509, Train AUC: 0.74055, Train Loss: 0.60544
Epoch    4, Valid ACC: 0.72274, Valid AUC: 0.73002, Valid AUC Curr: 0.89651, Valid Loss: 0.63392*
Epoch    4, Test ACC: 0.72761, Test AUC: 0.75902, Test AUC Curr: 0.89797, Test Loss: 0.6089
w_l1: 0.02636879896605648, w_l2: 0.04563443462874951
m1: 0.8242545393969681, m2: 0.050942050277759846. Saving the model
time used for this epoch: 9.74693250656128s
***********
Epoch    5, Train ACC: 0.72953, Train AUC: 0.74601, Train Loss: 0.59958
Epoch    5, Valid ACC: 0.72397, Valid AUC: 0.73282, Valid AUC Curr: 0.88926, Valid Loss: 0.62785*
Epoch    5, Test ACC: 0.73184, Test AUC: 0.75799, Test AUC Curr: 0.8894, Test Loss: 0.60358
w_l1: 0.02553431453364417, w_l2: 0.04556904127507204
m1: 0.791504247876062, m2: 0.05277644351444978. Saving the model
time used for this epoch: 9.656633615493774s
***********
Epoch    6, Train ACC: 0.73138, Train AUC: 0.74766, Train Loss: 0.59662
Epoch    6, Valid ACC: 0.72574, Valid AUC: 0.7322, Valid AUC Curr: 0.90426, Valid Loss: 0.62734
time used for this epoch: 7.419692754745483s
***********
Epoch    7, Train ACC: 0.73247, Train AUC: 0.75134, Train Loss: 0.59326
Epoch    7, Valid ACC: 0.72584, Valid AUC: 0.73237, Valid AUC Curr: 0.91117, Valid Loss: 0.62602
time used for this epoch: 7.4256086349487305s
***********
Epoch    8, Train ACC: 0.73378, Train AUC: 0.75583, Train Loss: 0.58954
Epoch    8, Valid ACC: 0.72477, Valid AUC: 0.73344, Valid AUC Curr: 0.91527, Valid Loss: 0.62451*
Epoch    8, Test ACC: 0.73269, Test AUC: 0.76289, Test AUC Curr: 0.91819, Test Loss: 0.59757
w_l1: 0.022792003513429544, w_l2: 0.0412175146556075
m1: 0.6694985840413127, m2: 0.05932022857304595. Saving the model
time used for this epoch: 9.819741487503052s
***********
Epoch    9, Train ACC: 0.73438, Train AUC: 0.75718, Train Loss: 0.58837
Epoch    9, Valid ACC: 0.7243, Valid AUC: 0.73345, Valid AUC Curr: 0.92148, Valid Loss: 0.62347*
Epoch    9, Test ACC: 0.73173, Test AUC: 0.76296, Test AUC Curr: 0.92876, Test Loss: 0.59628
w_l1: 0.02330241007911139, w_l2: 0.041813750554318255
m1: 0.6489755122438781, m2: 0.06077213995599278. Saving the model
time used for this epoch: 9.427652597427368s
***********
Epoch   10, Train ACC: 0.73551, Train AUC: 0.75766, Train Loss: 0.58688
Epoch   10, Valid ACC: 0.7251, Valid AUC: 0.73211, Valid AUC Curr: 0.91858, Valid Loss: 0.62497
time used for this epoch: 7.209263324737549s
***********
Epoch   11, Train ACC: 0.73709, Train AUC: 0.76176, Train Loss: 0.58437
Epoch   11, Valid ACC: 0.72727, Valid AUC: 0.73258, Valid AUC Curr: 0.91774, Valid Loss: 0.62291
time used for this epoch: 7.178614854812622s
***********
Epoch   12, Train ACC: 0.73727, Train AUC: 0.76487, Train Loss: 0.58194
Epoch   12, Valid ACC: 0.72474, Valid AUC: 0.73291, Valid AUC Curr: 0.93044, Valid Loss: 0.62149
time used for this epoch: 7.567524194717407s
***********
Epoch   13, Train ACC: 0.73883, Train AUC: 0.76749, Train Loss: 0.57938
Epoch   13, Valid ACC: 0.72667, Valid AUC: 0.73555, Valid AUC Curr: 0.91335, Valid Loss: 0.62166*
Epoch   13, Test ACC: 0.73362, Test AUC: 0.76206, Test AUC Curr: 0.92009, Test Loss: 0.59411
w_l1: 0.02282795536288196, w_l2: 0.0419848156001933
m1: 0.6249208728968849, m2: 0.061903231105823506. Saving the model
time used for this epoch: 9.605886220932007s
***********
Epoch   14, Train ACC: 0.74034, Train AUC: 0.76948, Train Loss: 0.57685
Epoch   14, Valid ACC: 0.72444, Valid AUC: 0.72882, Valid AUC Curr: 0.90836, Valid Loss: 0.62498
time used for this epoch: 7.549146890640259s
***********
Epoch   15, Train ACC: 0.74005, Train AUC: 0.77117, Train Loss: 0.57781
Epoch   15, Valid ACC: 0.72321, Valid AUC: 0.73287, Valid AUC Curr: 0.91828, Valid Loss: 0.61952
time used for this epoch: 7.072477102279663s
***********
Epoch   16, Train ACC: 0.74086, Train AUC: 0.77257, Train Loss: 0.57514
Epoch   16, Valid ACC: 0.7234, Valid AUC: 0.73421, Valid AUC Curr: 0.92729, Valid Loss: 0.62036
time used for this epoch: 7.326095104217529s
***********
Epoch   17, Train ACC: 0.74191, Train AUC: 0.77588, Train Loss: 0.57145
Epoch   17, Valid ACC: 0.7236, Valid AUC: 0.73473, Valid AUC Curr: 0.91482, Valid Loss: 0.62148
time used for this epoch: 7.182828426361084s
***********
Epoch   18, Train ACC: 0.74356, Train AUC: 0.77872, Train Loss: 0.57046
Epoch   18, Valid ACC: 0.7245, Valid AUC: 0.73347, Valid AUC Curr: 0.91455, Valid Loss: 0.622
time used for this epoch: 7.389930486679077s
***********
Epoch   19, Train ACC: 0.7445, Train AUC: 0.78173, Train Loss: 0.56581
Epoch   19, Valid ACC: 0.72244, Valid AUC: 0.73291, Valid AUC Curr: 0.91549, Valid Loss: 0.62212
time used for this epoch: 7.417543172836304s
***********
Epoch   20, Train ACC: 0.7457, Train AUC: 0.78317, Train Loss: 0.56666
Epoch   20, Valid ACC: 0.71921, Valid AUC: 0.7304, Valid AUC Curr: 0.91512, Valid Loss: 0.62476
time used for this epoch: 7.473966836929321s
***********
Epoch   21, Train ACC: 0.74604, Train AUC: 0.78475, Train Loss: 0.56562
Epoch   21, Valid ACC: 0.72294, Valid AUC: 0.72948, Valid AUC Curr: 0.89898, Valid Loss: 0.6284
time used for this epoch: 7.528577566146851s
***********
Epoch   22, Train ACC: 0.74664, Train AUC: 0.78641, Train Loss: 0.5641
Epoch   22, Valid ACC: 0.72014, Valid AUC: 0.73351, Valid AUC Curr: 0.90881, Valid Loss: 0.62441
time used for this epoch: 7.30006742477417s
***********
Epoch   23, Train ACC: 0.74907, Train AUC: 0.79074, Train Loss: 0.56066
Epoch   23, Valid ACC: 0.72094, Valid AUC: 0.73124, Valid AUC Curr: 0.90165, Valid Loss: 0.62493
time used for this epoch: 7.361161708831787s
***********
No improvement shown in 10 epochs. Quit Training.
The best validation result occured at: 12-th epoch, with validation ACC: 0.72667 and AUC: 0.73555
The best testing result occured at: 12-th epoch, with testing ACC: 0.73362 and AUC: 0.76206
*********************************
average validation ACC for 5 runs: 0.7258170914542729
average validation AUC for 5 runs: 0.7364152991930496
average validation AUC Current for 5 runs: 0.9143275528897513

average waviness-l1 for 5 runs: 0.02286567162160289
average waviness-l2 for 5 runs: 0.04179465717194565
average consistency_m1 for 5 runs: 0.6368149258703981
average consistency_m1 for 5 runs: 0.06267317144052201

average test ACC for 5 runs: 0.7324744843337377
average test AUC for 5 runs: 0.7638218787225003
average test AUC Current for 5 runs: 0.9199936315038842

latex: 
cell_type & num. layer & layer_structure & learning rate & keep prob. & $\lambda_o$ & $\lambda_{w_1}$ & $\lambda_{w_2}$ & Avg. ACC(N) & Avg. AUC(N) & Avg. AUC(C) & Avg. $w_1$ & Avg. $w_2$ & Avg. $m_1$ & Avg. $m_2$\\ 
LSTM & 1 & 200 & 0.0100 & 0.5000 & 0.1000 & 0.0030 & 3.0000 & 0.7258170914542729 $\pm$ 0.0005632784729077518 & 0.7364152991930496 $\pm$ 0.0011453958782848717 & 0.9143275528897513 $\pm$ 0.002266642116668369 & 0.02286567162160289 $\pm$ 0.00045213069301581403 & 0.04179465717194565 $\pm$ 0.0006279043303320856 & 0.6368149258703981 $\pm$ 0.02387042461897836 & 0.06267317144052201 $\pm$ 0.0013587299031978162\\ 

